[0.545s] Invoking command in '/home/amightyk05/ros2_sw/build/launch_pal': PYTHONPATH=/home/amightyk05/ros2_sw/build/launch_pal/prefix_override:/usr/lib/python3/dist-packages/colcon_core/task/python/colcon_distutils_commands:/home/amightyk05/ros2_sw/install/launch_pal/lib/python3.12/site-packages:${PYTHONPATH} /usr/bin/python3 -W ignore:setup.py install is deprecated -W ignore:easy_install command is deprecated setup.py develop --editable --build-directory /home/amightyk05/ros2_sw/build/launch_pal/build --no-deps symlink_data
[0.756s] running develop
[0.878s] running egg_info
[0.878s] creating launch_pal.egg-info
[0.890s] writing launch_pal.egg-info/PKG-INFO
[0.891s] writing dependency_links to launch_pal.egg-info/dependency_links.txt
[0.891s] writing requirements to launch_pal.egg-info/requires.txt
[0.891s] writing top-level names to launch_pal.egg-info/top_level.txt
[0.891s] writing manifest file 'launch_pal.egg-info/SOURCES.txt'
[0.915s] reading manifest file 'launch_pal.egg-info/SOURCES.txt'
[0.916s] writing manifest file 'launch_pal.egg-info/SOURCES.txt'
[0.929s] running build_ext
[0.929s] Creating /home/amightyk05/ros2_sw/install/launch_pal/lib/python3.12/site-packages/launch-pal.egg-link (link to .)
[0.929s] 
[0.929s] Installed /home/amightyk05/ros2_sw/build/launch_pal
[0.929s] running symlink_data
[0.930s] creating /home/amightyk05/ros2_sw/install/launch_pal/share/ament_index
[0.930s] creating /home/amightyk05/ros2_sw/install/launch_pal/share/ament_index/resource_index
[0.930s] creating /home/amightyk05/ros2_sw/install/launch_pal/share/ament_index/resource_index/packages
[0.930s] symbolically linking /home/amightyk05/ros2_sw/build/launch_pal/resource/launch_pal -> /home/amightyk05/ros2_sw/install/launch_pal/share/ament_index/resource_index/packages
[0.930s] symbolically linking /home/amightyk05/ros2_sw/build/launch_pal/package.xml -> /home/amightyk05/ros2_sw/install/launch_pal/share/launch_pal
[0.930s] creating /home/amightyk05/ros2_sw/install/launch_pal/share/launch_pal/config
[0.930s] symbolically linking /home/amightyk05/ros2_sw/build/launch_pal/config/robot_configuration.yaml -> /home/amightyk05/ros2_sw/install/launch_pal/share/launch_pal/config
[0.950s] Invoked command in '/home/amightyk05/ros2_sw/build/launch_pal' returned '0': PYTHONPATH=/home/amightyk05/ros2_sw/build/launch_pal/prefix_override:/usr/lib/python3/dist-packages/colcon_core/task/python/colcon_distutils_commands:/home/amightyk05/ros2_sw/install/launch_pal/lib/python3.12/site-packages:${PYTHONPATH} /usr/bin/python3 -W ignore:setup.py install is deprecated -W ignore:easy_install command is deprecated setup.py develop --editable --build-directory /home/amightyk05/ros2_sw/build/launch_pal/build --no-deps symlink_data
