[0.036s] Invoking command in '/home/kostas/ros2_ws/build/yahboom_rosmaster_docking': CMAKE_PREFIX_PATH=${CMAKE_PREFIX_PATH}:/opt/ros/jazzy DEBUGINFOD_URLS=https://debuginfod.ubuntu.com /usr/bin/cmake --build /home/kostas/ros2_ws/build/yahboom_rosmaster_docking -- -j12 -l12
[0.135s] [100%] Built target detected_dock_pose_publisher
[0.218s] Invoked command in '/home/kostas/ros2_ws/build/yahboom_rosmaster_docking' returned '0': CMAKE_PREFIX_PATH=${CMAKE_PREFIX_PATH}:/opt/ros/jazzy DEBUGINFOD_URLS=https://debuginfod.ubuntu.com /usr/bin/cmake --build /home/kostas/ros2_ws/build/yahboom_rosmaster_docking -- -j12 -l12
[0.222s] Invoking command in '/home/kostas/ros2_ws/build/yahboom_rosmaster_docking': CMAKE_PREFIX_PATH=${CMAKE_PREFIX_PATH}:/opt/ros/jazzy DEBUGINFOD_URLS=https://debuginfod.ubuntu.com /usr/bin/cmake --install /home/kostas/ros2_ws/build/yahboom_rosmaster_docking
[0.235s] -- Install configuration: ""
[0.235s] -- Execute custom install script
[0.235s] -- Up-to-date symlink: /home/kostas/ros2_ws/install/yahboom_rosmaster_docking/lib/yahboom_rosmaster_docking/detected_dock_pose_publisher
[0.236s] -- Up-to-date symlink: /home/kostas/ros2_ws/install/yahboom_rosmaster_docking/share/yahboom_rosmaster_docking/config/apriltags_36h11.yaml
[0.236s] -- Up-to-date symlink: /home/kostas/ros2_ws/install/yahboom_rosmaster_docking/share/yahboom_rosmaster_docking/config/dock_database.yaml
[0.237s] -- Up-to-date symlink: /home/kostas/ros2_ws/install/yahboom_rosmaster_docking/share/yahboom_rosmaster_docking/launch/apriltag_dock_pose_publisher.launch.py
[0.237s] -- Up-to-date symlink: /home/kostas/ros2_ws/install/yahboom_rosmaster_docking/share/ament_index/resource_index/package_run_dependencies/yahboom_rosmaster_docking
[0.237s] -- Up-to-date symlink: /home/kostas/ros2_ws/install/yahboom_rosmaster_docking/share/ament_index/resource_index/parent_prefix_path/yahboom_rosmaster_docking
[0.237s] -- Up-to-date symlink: /home/kostas/ros2_ws/install/yahboom_rosmaster_docking/share/yahboom_rosmaster_docking/environment/ament_prefix_path.sh
[0.237s] -- Up-to-date symlink: /home/kostas/ros2_ws/install/yahboom_rosmaster_docking/share/yahboom_rosmaster_docking/environment/ament_prefix_path.dsv
[0.237s] -- Up-to-date symlink: /home/kostas/ros2_ws/install/yahboom_rosmaster_docking/share/yahboom_rosmaster_docking/environment/path.sh
[0.238s] -- Up-to-date symlink: /home/kostas/ros2_ws/install/yahboom_rosmaster_docking/share/yahboom_rosmaster_docking/environment/path.dsv
[0.239s] -- Up-to-date symlink: /home/kostas/ros2_ws/install/yahboom_rosmaster_docking/share/yahboom_rosmaster_docking/local_setup.bash
[0.244s] -- Up-to-date symlink: /home/kostas/ros2_ws/install/yahboom_rosmaster_docking/share/yahboom_rosmaster_docking/local_setup.sh
[0.244s] -- Up-to-date symlink: /home/kostas/ros2_ws/install/yahboom_rosmaster_docking/share/yahboom_rosmaster_docking/local_setup.zsh
[0.244s] -- Up-to-date symlink: /home/kostas/ros2_ws/install/yahboom_rosmaster_docking/share/yahboom_rosmaster_docking/local_setup.dsv
[0.244s] -- Symlinking: /home/kostas/ros2_ws/install/yahboom_rosmaster_docking/share/yahboom_rosmaster_docking/package.dsv
[0.254s] -- Up-to-date symlink: /home/kostas/ros2_ws/install/yahboom_rosmaster_docking/share/ament_index/resource_index/packages/yahboom_rosmaster_docking
[0.258s] -- Up-to-date symlink: /home/kostas/ros2_ws/install/yahboom_rosmaster_docking/share/yahboom_rosmaster_docking/cmake/yahboom_rosmaster_dockingConfig.cmake
[0.258s] -- Up-to-date symlink: /home/kostas/ros2_ws/install/yahboom_rosmaster_docking/share/yahboom_rosmaster_docking/cmake/yahboom_rosmaster_dockingConfig-version.cmake
[0.259s] -- Up-to-date symlink: /home/kostas/ros2_ws/install/yahboom_rosmaster_docking/share/yahboom_rosmaster_docking/package.xml
[0.347s] Invoked command in '/home/kostas/ros2_ws/build/yahboom_rosmaster_docking' returned '0': CMAKE_PREFIX_PATH=${CMAKE_PREFIX_PATH}:/opt/ros/jazzy DEBUGINFOD_URLS=https://debuginfod.ubuntu.com /usr/bin/cmake --install /home/kostas/ros2_ws/build/yahboom_rosmaster_docking
