[0.010s] Invoking command in '/home/amightyk05/ros2_sw/build/omni_base_description': AMENT_PREFIX_PATH=/home/amightyk05/ros2_sw/install/launch_pal:/opt/ros/jazzy:/home/amightyk05/ros2_sw/install/omni_base_bringup:/home/amightyk05/ros2_sw/install/omni_base_description:/home/amightyk05/ros2_sw/install/pal_urdf_utils:/home/amightyk05/ros2_sw/install/omni_base_controller_configuration:/home/amightyk05/ros2_sw/install/my_robot_bringup CMAKE_PREFIX_PATH=/home/amightyk05/ros2_sw/install/pal_urdf_utils:/opt/ros/jazzy/opt/gz_sim_vendor:/opt/ros/jazzy/opt/gz_sensors_vendor:/opt/ros/jazzy/opt/gz_physics_vendor:/opt/ros/jazzy/opt/sdformat_vendor:/opt/ros/jazzy/opt/gz_gui_vendor:/opt/ros/jazzy/opt/gz_transport_vendor:/opt/ros/jazzy/opt/gz_rendering_vendor:/opt/ros/jazzy/opt/gz_plugin_vendor:/opt/ros/jazzy/opt/gz_fuel_tools_vendor:/opt/ros/jazzy/opt/gz_msgs_vendor:/opt/ros/jazzy/opt/gz_common_vendor:/opt/ros/jazzy/opt/gz_math_vendor:/opt/ros/jazzy/opt/gz_utils_vendor:/opt/ros/jazzy/opt/gz_tools_vendor:/opt/ros/jazzy/opt/gz_ogre_next_vendor:/opt/ros/jazzy/opt/gz_dartsim_vendor:/opt/ros/jazzy/opt/gz_cmake_vendor:/home/amightyk05/ros2_sw/install/omni_base_bringup:/home/amightyk05/ros2_sw/install/omni_base_description:/home/amightyk05/ros2_sw/install/omni_base_controller_configuration:/home/amightyk05/ros2_sw/install/my_robot_bringup:/opt/ros/jazzy:/home/amightyk05/ros2_sw/install/launch_pal PYTHONPATH=/home/amightyk05/ros2_sw/build/launch_pal:/home/amightyk05/ros2_sw/install/launch_pal/lib/python3.12/site-packages:/opt/ros/jazzy/lib/python3.12/site-packages:/home/amightyk05/ros2_sw/install/omni_base_description/lib/python3.12/site-packages /usr/bin/cmake /home/amightyk05/ros2_sw/src/omni_based_robot/omni_base_description -DAMENT_CMAKE_SYMLINK_INSTALL=1 -DCMAKE_INSTALL_PREFIX=/home/amightyk05/ros2_sw/install/omni_base_description
[0.075s] -- The C compiler identification is GNU 13.3.0
[0.127s] -- The CXX compiler identification is GNU 13.3.0
[0.142s] -- Detecting C compiler ABI info
[0.260s] -- Detecting C compiler ABI info - done
[0.269s] -- Check for working C compiler: /usr/bin/cc - skipped
[0.269s] -- Detecting C compile features
[0.269s] -- Detecting C compile features - done
[0.280s] -- Detecting CXX compiler ABI info
[0.374s] -- Detecting CXX compiler ABI info - done
[0.381s] -- Check for working CXX compiler: /usr/bin/c++ - skipped
[0.381s] -- Detecting CXX compile features
[0.381s] -- Detecting CXX compile features - done
[0.384s] -- Found ament_cmake_auto: 2.5.6 (/opt/ros/jazzy/share/ament_cmake_auto/cmake)
[0.510s] -- Found Python3: /usr/bin/python3 (found version "3.12.3") found components: Interpreter 
[0.565s] -- Override CMake install command with custom implementation using symlinks instead of copying resources
[0.673s] -- Found ament_lint_auto: 0.17.5 (/opt/ros/jazzy/share/ament_lint_auto/cmake)
[0.704s] -- Found python_cmake_module: 0.11.1 (/opt/ros/jazzy/share/python_cmake_module/cmake)
[0.815s] -- Found PythonExtra: /usr/bin/python3  
[0.854s] -- Added test 'copyright' to check source files copyright and LICENSE
[0.858s] -- Added test 'flake8' to check Python code syntax and style conventions
[0.858s] -- Configured 'flake8' exclude dirs and/or files: 
[0.858s] -- Added test 'lint_cmake' to check CMake code style
[0.859s] -- Added test 'pep257' to check Python code against some of the docstring style conventions in PEP 257
[0.861s] -- Added test 'xmllint' to check XML markup files
[0.862s] -- Configuring done (0.8s)
[0.866s] -- Generating done (0.0s)
[0.867s] -- Build files have been written to: /home/amightyk05/ros2_sw/build/omni_base_description
[0.871s] Invoked command in '/home/amightyk05/ros2_sw/build/omni_base_description' returned '0': AMENT_PREFIX_PATH=/home/amightyk05/ros2_sw/install/launch_pal:/opt/ros/jazzy:/home/amightyk05/ros2_sw/install/omni_base_bringup:/home/amightyk05/ros2_sw/install/omni_base_description:/home/amightyk05/ros2_sw/install/pal_urdf_utils:/home/amightyk05/ros2_sw/install/omni_base_controller_configuration:/home/amightyk05/ros2_sw/install/my_robot_bringup CMAKE_PREFIX_PATH=/home/amightyk05/ros2_sw/install/pal_urdf_utils:/opt/ros/jazzy/opt/gz_sim_vendor:/opt/ros/jazzy/opt/gz_sensors_vendor:/opt/ros/jazzy/opt/gz_physics_vendor:/opt/ros/jazzy/opt/sdformat_vendor:/opt/ros/jazzy/opt/gz_gui_vendor:/opt/ros/jazzy/opt/gz_transport_vendor:/opt/ros/jazzy/opt/gz_rendering_vendor:/opt/ros/jazzy/opt/gz_plugin_vendor:/opt/ros/jazzy/opt/gz_fuel_tools_vendor:/opt/ros/jazzy/opt/gz_msgs_vendor:/opt/ros/jazzy/opt/gz_common_vendor:/opt/ros/jazzy/opt/gz_math_vendor:/opt/ros/jazzy/opt/gz_utils_vendor:/opt/ros/jazzy/opt/gz_tools_vendor:/opt/ros/jazzy/opt/gz_ogre_next_vendor:/opt/ros/jazzy/opt/gz_dartsim_vendor:/opt/ros/jazzy/opt/gz_cmake_vendor:/home/amightyk05/ros2_sw/install/omni_base_bringup:/home/amightyk05/ros2_sw/install/omni_base_description:/home/amightyk05/ros2_sw/install/omni_base_controller_configuration:/home/amightyk05/ros2_sw/install/my_robot_bringup:/opt/ros/jazzy:/home/amightyk05/ros2_sw/install/launch_pal PYTHONPATH=/home/amightyk05/ros2_sw/build/launch_pal:/home/amightyk05/ros2_sw/install/launch_pal/lib/python3.12/site-packages:/opt/ros/jazzy/lib/python3.12/site-packages:/home/amightyk05/ros2_sw/install/omni_base_description/lib/python3.12/site-packages /usr/bin/cmake /home/amightyk05/ros2_sw/src/omni_based_robot/omni_base_description -DAMENT_CMAKE_SYMLINK_INSTALL=1 -DCMAKE_INSTALL_PREFIX=/home/amightyk05/ros2_sw/install/omni_base_description
[0.872s] Invoking command in '/home/amightyk05/ros2_sw/build/omni_base_description': AMENT_PREFIX_PATH=/home/amightyk05/ros2_sw/install/launch_pal:/opt/ros/jazzy:/home/amightyk05/ros2_sw/install/omni_base_bringup:/home/amightyk05/ros2_sw/install/omni_base_description:/home/amightyk05/ros2_sw/install/pal_urdf_utils:/home/amightyk05/ros2_sw/install/omni_base_controller_configuration:/home/amightyk05/ros2_sw/install/my_robot_bringup CMAKE_PREFIX_PATH=/home/amightyk05/ros2_sw/install/pal_urdf_utils:/opt/ros/jazzy/opt/gz_sim_vendor:/opt/ros/jazzy/opt/gz_sensors_vendor:/opt/ros/jazzy/opt/gz_physics_vendor:/opt/ros/jazzy/opt/sdformat_vendor:/opt/ros/jazzy/opt/gz_gui_vendor:/opt/ros/jazzy/opt/gz_transport_vendor:/opt/ros/jazzy/opt/gz_rendering_vendor:/opt/ros/jazzy/opt/gz_plugin_vendor:/opt/ros/jazzy/opt/gz_fuel_tools_vendor:/opt/ros/jazzy/opt/gz_msgs_vendor:/opt/ros/jazzy/opt/gz_common_vendor:/opt/ros/jazzy/opt/gz_math_vendor:/opt/ros/jazzy/opt/gz_utils_vendor:/opt/ros/jazzy/opt/gz_tools_vendor:/opt/ros/jazzy/opt/gz_ogre_next_vendor:/opt/ros/jazzy/opt/gz_dartsim_vendor:/opt/ros/jazzy/opt/gz_cmake_vendor:/home/amightyk05/ros2_sw/install/omni_base_bringup:/home/amightyk05/ros2_sw/install/omni_base_description:/home/amightyk05/ros2_sw/install/omni_base_controller_configuration:/home/amightyk05/ros2_sw/install/my_robot_bringup:/opt/ros/jazzy:/home/amightyk05/ros2_sw/install/launch_pal PYTHONPATH=/home/amightyk05/ros2_sw/build/launch_pal:/home/amightyk05/ros2_sw/install/launch_pal/lib/python3.12/site-packages:/opt/ros/jazzy/lib/python3.12/site-packages:/home/amightyk05/ros2_sw/install/omni_base_description/lib/python3.12/site-packages /usr/bin/cmake --build /home/amightyk05/ros2_sw/build/omni_base_description -- -j20 -l20
[0.918s] Built target ament_cmake_python_symlink_omni_base_description
[1.065s] running egg_info
[1.065s] creating omni_base_description.egg-info
[1.077s] writing omni_base_description.egg-info/PKG-INFO
[1.077s] writing dependency_links to omni_base_description.egg-info/dependency_links.txt
[1.077s] writing top-level names to omni_base_description.egg-info/top_level.txt
[1.077s] writing manifest file 'omni_base_description.egg-info/SOURCES.txt'
[1.114s] reading manifest file 'omni_base_description.egg-info/SOURCES.txt'
[1.115s] writing manifest file 'omni_base_description.egg-info/SOURCES.txt'
[1.135s] Built target ament_cmake_python_build_omni_base_description_egg
[1.143s] Invoked command in '/home/amightyk05/ros2_sw/build/omni_base_description' returned '0': AMENT_PREFIX_PATH=/home/amightyk05/ros2_sw/install/launch_pal:/opt/ros/jazzy:/home/amightyk05/ros2_sw/install/omni_base_bringup:/home/amightyk05/ros2_sw/install/omni_base_description:/home/amightyk05/ros2_sw/install/pal_urdf_utils:/home/amightyk05/ros2_sw/install/omni_base_controller_configuration:/home/amightyk05/ros2_sw/install/my_robot_bringup CMAKE_PREFIX_PATH=/home/amightyk05/ros2_sw/install/pal_urdf_utils:/opt/ros/jazzy/opt/gz_sim_vendor:/opt/ros/jazzy/opt/gz_sensors_vendor:/opt/ros/jazzy/opt/gz_physics_vendor:/opt/ros/jazzy/opt/sdformat_vendor:/opt/ros/jazzy/opt/gz_gui_vendor:/opt/ros/jazzy/opt/gz_transport_vendor:/opt/ros/jazzy/opt/gz_rendering_vendor:/opt/ros/jazzy/opt/gz_plugin_vendor:/opt/ros/jazzy/opt/gz_fuel_tools_vendor:/opt/ros/jazzy/opt/gz_msgs_vendor:/opt/ros/jazzy/opt/gz_common_vendor:/opt/ros/jazzy/opt/gz_math_vendor:/opt/ros/jazzy/opt/gz_utils_vendor:/opt/ros/jazzy/opt/gz_tools_vendor:/opt/ros/jazzy/opt/gz_ogre_next_vendor:/opt/ros/jazzy/opt/gz_dartsim_vendor:/opt/ros/jazzy/opt/gz_cmake_vendor:/home/amightyk05/ros2_sw/install/omni_base_bringup:/home/amightyk05/ros2_sw/install/omni_base_description:/home/amightyk05/ros2_sw/install/omni_base_controller_configuration:/home/amightyk05/ros2_sw/install/my_robot_bringup:/opt/ros/jazzy:/home/amightyk05/ros2_sw/install/launch_pal PYTHONPATH=/home/amightyk05/ros2_sw/build/launch_pal:/home/amightyk05/ros2_sw/install/launch_pal/lib/python3.12/site-packages:/opt/ros/jazzy/lib/python3.12/site-packages:/home/amightyk05/ros2_sw/install/omni_base_description/lib/python3.12/site-packages /usr/bin/cmake --build /home/amightyk05/ros2_sw/build/omni_base_description -- -j20 -l20
[1.144s] Invoking command in '/home/amightyk05/ros2_sw/build/omni_base_description': AMENT_PREFIX_PATH=/home/amightyk05/ros2_sw/install/launch_pal:/opt/ros/jazzy:/home/amightyk05/ros2_sw/install/omni_base_bringup:/home/amightyk05/ros2_sw/install/omni_base_description:/home/amightyk05/ros2_sw/install/pal_urdf_utils:/home/amightyk05/ros2_sw/install/omni_base_controller_configuration:/home/amightyk05/ros2_sw/install/my_robot_bringup CMAKE_PREFIX_PATH=/home/amightyk05/ros2_sw/install/pal_urdf_utils:/opt/ros/jazzy/opt/gz_sim_vendor:/opt/ros/jazzy/opt/gz_sensors_vendor:/opt/ros/jazzy/opt/gz_physics_vendor:/opt/ros/jazzy/opt/sdformat_vendor:/opt/ros/jazzy/opt/gz_gui_vendor:/opt/ros/jazzy/opt/gz_transport_vendor:/opt/ros/jazzy/opt/gz_rendering_vendor:/opt/ros/jazzy/opt/gz_plugin_vendor:/opt/ros/jazzy/opt/gz_fuel_tools_vendor:/opt/ros/jazzy/opt/gz_msgs_vendor:/opt/ros/jazzy/opt/gz_common_vendor:/opt/ros/jazzy/opt/gz_math_vendor:/opt/ros/jazzy/opt/gz_utils_vendor:/opt/ros/jazzy/opt/gz_tools_vendor:/opt/ros/jazzy/opt/gz_ogre_next_vendor:/opt/ros/jazzy/opt/gz_dartsim_vendor:/opt/ros/jazzy/opt/gz_cmake_vendor:/home/amightyk05/ros2_sw/install/omni_base_bringup:/home/amightyk05/ros2_sw/install/omni_base_description:/home/amightyk05/ros2_sw/install/omni_base_controller_configuration:/home/amightyk05/ros2_sw/install/my_robot_bringup:/opt/ros/jazzy:/home/amightyk05/ros2_sw/install/launch_pal PYTHONPATH=/home/amightyk05/ros2_sw/build/launch_pal:/home/amightyk05/ros2_sw/install/launch_pal/lib/python3.12/site-packages:/opt/ros/jazzy/lib/python3.12/site-packages:/home/amightyk05/ros2_sw/install/omni_base_description/lib/python3.12/site-packages /usr/bin/cmake --install /home/amightyk05/ros2_sw/build/omni_base_description
[1.153s] -- Install configuration: ""
[1.154s] -- Execute custom install script
[1.154s] -- Symlinking: /home/amightyk05/ros2_sw/install/omni_base_description/share/omni_base_description/environment/pythonpath.sh
[1.160s] -- Symlinking: /home/amightyk05/ros2_sw/install/omni_base_description/share/omni_base_description/environment/pythonpath.dsv
[1.168s] -- Symlinking: /home/amightyk05/ros2_sw/install/omni_base_description/lib/python3.12/site-packages/omni_base_description-2.0.19-py3.12.egg-info/PKG-INFO
[1.173s] -- Symlinking: /home/amightyk05/ros2_sw/install/omni_base_description/lib/python3.12/site-packages/omni_base_description-2.0.19-py3.12.egg-info/SOURCES.txt
[1.182s] -- Symlinking: /home/amightyk05/ros2_sw/install/omni_base_description/lib/python3.12/site-packages/omni_base_description-2.0.19-py3.12.egg-info/dependency_links.txt
[1.187s] -- Symlinking: /home/amightyk05/ros2_sw/install/omni_base_description/lib/python3.12/site-packages/omni_base_description-2.0.19-py3.12.egg-info/top_level.txt
[1.196s] -- Symlinking: /home/amightyk05/ros2_sw/install/omni_base_description/lib/python3.12/site-packages/omni_base_description/__init__.py
[1.202s] -- Symlinking: /home/amightyk05/ros2_sw/install/omni_base_description/lib/python3.12/site-packages/omni_base_description/launch_arguments.py
[1.213s] -- Symlinking: /home/amightyk05/ros2_sw/install/omni_base_description/share/omni_base_description/rviz/omni_base.rviz
[1.224s] -- Symlinking: /home/amightyk05/ros2_sw/install/omni_base_description/share/omni_base_description/launch/Gazebo_w_control.launch.py
[1.237s] -- Symlinking: /home/amightyk05/ros2_sw/install/omni_base_description/share/omni_base_description/launch/gazebo.launch.py
[1.248s] -- Symlinking: /home/amightyk05/ros2_sw/install/omni_base_description/share/omni_base_description/launch/robot_state_publisher.launch.py
[1.258s] -- Symlinking: /home/amightyk05/ros2_sw/install/omni_base_description/share/omni_base_description/launch/show.launch.py
[1.270s] -- Symlinking: /home/amightyk05/ros2_sw/install/omni_base_description/share/omni_base_description/meshes/base/base_antena_link.stl
[1.277s] -- Symlinking: /home/amightyk05/ros2_sw/install/omni_base_description/share/omni_base_description/meshes/base/base_dock_link.stl
[1.286s] -- Symlinking: /home/amightyk05/ros2_sw/install/omni_base_description/share/omni_base_description/meshes/base/base_link.stl
[1.293s] -- Symlinking: /home/amightyk05/ros2_sw/install/omni_base_description/share/omni_base_description/meshes/cameras_add_on/cameras_add_on.stl
[1.302s] -- Symlinking: /home/amightyk05/ros2_sw/install/omni_base_description/share/omni_base_description/meshes/sensors/hokuyo_urg_04lx_ug01.stl
[1.308s] -- Symlinking: /home/amightyk05/ros2_sw/install/omni_base_description/share/omni_base_description/meshes/sensors/sick_tim551.stl
[1.315s] -- Symlinking: /home/amightyk05/ros2_sw/install/omni_base_description/share/omni_base_description/meshes/wheels/suspension_front_link.stl
[1.323s] -- Symlinking: /home/amightyk05/ros2_sw/install/omni_base_description/share/omni_base_description/meshes/wheels/suspension_rear_link.stl
[1.332s] -- Symlinking: /home/amightyk05/ros2_sw/install/omni_base_description/share/omni_base_description/meshes/wheels/wheel_link.stl
[1.339s] -- Symlinking: /home/amightyk05/ros2_sw/install/omni_base_description/share/omni_base_description/config/omni_base_configuration.yaml
[1.351s] -- Symlinking: /home/amightyk05/ros2_sw/install/omni_base_description/share/omni_base_description/robots/omni_base.urdf.xacro
[1.359s] -- Symlinking: /home/amightyk05/ros2_sw/install/omni_base_description/share/omni_base_description/ros2_control/gazebo_controller_manager_cfg.yaml
[1.366s] -- Symlinking: /home/amightyk05/ros2_sw/install/omni_base_description/share/omni_base_description/ros2_control/ros2_control.urdf.xacro
[1.380s] -- Symlinking: /home/amightyk05/ros2_sw/install/omni_base_description/share/omni_base_description/urdf/base/base.gazebo.xacro
[1.389s] -- Symlinking: /home/amightyk05/ros2_sw/install/omni_base_description/share/omni_base_description/urdf/base/base.urdf.xacro
[1.397s] -- Symlinking: /home/amightyk05/ros2_sw/install/omni_base_description/share/omni_base_description/urdf/base/base_sensors.urdf.xacro
[1.403s] -- Symlinking: /home/amightyk05/ros2_sw/install/omni_base_description/share/omni_base_description/urdf/cameras_add_on/base_omni_base_calib.urdf.xacro
[1.409s] -- Symlinking: /home/amightyk05/ros2_sw/install/omni_base_description/share/omni_base_description/urdf/cameras_add_on/cameras_add_on.urdf.xacro
[1.416s] -- Symlinking: /home/amightyk05/ros2_sw/install/omni_base_description/share/omni_base_description/urdf/objects/antenna.urdf.xacro
[1.424s] -- Symlinking: /home/amightyk05/ros2_sw/install/omni_base_description/share/omni_base_description/urdf/sensors/courier.urdf.xacro
[1.435s] -- Symlinking: /home/amightyk05/ros2_sw/install/omni_base_description/share/omni_base_description/urdf/sensors/hokuyo_urg_04lx_ug01_laser.gazebo.xacro
[1.443s] -- Symlinking: /home/amightyk05/ros2_sw/install/omni_base_description/share/omni_base_description/urdf/sensors/hokuyo_urg_04lx_ug01_laser.urdf.xacro
[1.450s] -- Symlinking: /home/amightyk05/ros2_sw/install/omni_base_description/share/omni_base_description/urdf/sensors/imu.gazebo.xacro
[1.457s] -- Symlinking: /home/amightyk05/ros2_sw/install/omni_base_description/share/omni_base_description/urdf/sensors/imu.urdf.xacro
[1.465s] -- Symlinking: /home/amightyk05/ros2_sw/install/omni_base_description/share/omni_base_description/urdf/sensors/sensors.ros2_control.xacro
[1.470s] -- Symlinking: /home/amightyk05/ros2_sw/install/omni_base_description/share/omni_base_description/urdf/sensors/sick_tim551_laser.gazebo.xacro
[1.476s] -- Symlinking: /home/amightyk05/ros2_sw/install/omni_base_description/share/omni_base_description/urdf/sensors/sick_tim551_laser.urdf.xacro
[1.483s] -- Symlinking: /home/amightyk05/ros2_sw/install/omni_base_description/share/omni_base_description/urdf/sensors/sick_tim561_laser.gazebo.xacro
[1.492s] -- Symlinking: /home/amightyk05/ros2_sw/install/omni_base_description/share/omni_base_description/urdf/sensors/sick_tim561_laser.urdf.xacro
[1.501s] -- Symlinking: /home/amightyk05/ros2_sw/install/omni_base_description/share/omni_base_description/urdf/sensors/sick_tim571_laser.gazebo.xacro
[1.509s] -- Symlinking: /home/amightyk05/ros2_sw/install/omni_base_description/share/omni_base_description/urdf/sensors/sick_tim571_laser.urdf.xacro
[1.516s] -- Symlinking: /home/amightyk05/ros2_sw/install/omni_base_description/share/omni_base_description/urdf/wheels/wheel.gazebo.xacro
[1.523s] -- Symlinking: /home/amightyk05/ros2_sw/install/omni_base_description/share/omni_base_description/urdf/wheels/wheel.ros2_control.xacro
[1.531s] -- Symlinking: /home/amightyk05/ros2_sw/install/omni_base_description/share/omni_base_description/urdf/wheels/wheel.urdf.xacro
[1.538s] -- Symlinking: /home/amightyk05/ros2_sw/install/omni_base_description/share/ament_index/resource_index/package_run_dependencies/omni_base_description
[1.544s] -- Symlinking: /home/amightyk05/ros2_sw/install/omni_base_description/share/ament_index/resource_index/parent_prefix_path/omni_base_description
[1.549s] -- Symlinking: /home/amightyk05/ros2_sw/install/omni_base_description/share/omni_base_description/environment/ament_prefix_path.sh
[1.556s] -- Symlinking: /home/amightyk05/ros2_sw/install/omni_base_description/share/omni_base_description/environment/ament_prefix_path.dsv
[1.567s] -- Symlinking: /home/amightyk05/ros2_sw/install/omni_base_description/share/omni_base_description/environment/path.sh
[1.577s] -- Symlinking: /home/amightyk05/ros2_sw/install/omni_base_description/share/omni_base_description/environment/path.dsv
[1.584s] -- Symlinking: /home/amightyk05/ros2_sw/install/omni_base_description/share/omni_base_description/local_setup.bash
[1.594s] -- Symlinking: /home/amightyk05/ros2_sw/install/omni_base_description/share/omni_base_description/local_setup.sh
[1.601s] -- Symlinking: /home/amightyk05/ros2_sw/install/omni_base_description/share/omni_base_description/local_setup.zsh
[1.613s] -- Symlinking: /home/amightyk05/ros2_sw/install/omni_base_description/share/omni_base_description/local_setup.dsv
[1.620s] -- Symlinking: /home/amightyk05/ros2_sw/install/omni_base_description/share/omni_base_description/package.dsv
[1.630s] -- Symlinking: /home/amightyk05/ros2_sw/install/omni_base_description/share/ament_index/resource_index/packages/omni_base_description
[1.639s] -- Symlinking: /home/amightyk05/ros2_sw/install/omni_base_description/share/omni_base_description/cmake/omni_base_descriptionConfig.cmake
[1.647s] -- Symlinking: /home/amightyk05/ros2_sw/install/omni_base_description/share/omni_base_description/cmake/omni_base_descriptionConfig-version.cmake
[1.654s] -- Symlinking: /home/amightyk05/ros2_sw/install/omni_base_description/share/omni_base_description/package.xml
[1.696s] Listing '/home/amightyk05/ros2_sw/install/omni_base_description/lib/python3.12/site-packages/omni_base_description'...
[1.696s] Compiling '/home/amightyk05/ros2_sw/install/omni_base_description/lib/python3.12/site-packages/omni_base_description/__init__.py'...
[1.696s] Compiling '/home/amightyk05/ros2_sw/install/omni_base_description/lib/python3.12/site-packages/omni_base_description/launch_arguments.py'...
[1.701s] Invoked command in '/home/amightyk05/ros2_sw/build/omni_base_description' returned '0': AMENT_PREFIX_PATH=/home/amightyk05/ros2_sw/install/launch_pal:/opt/ros/jazzy:/home/amightyk05/ros2_sw/install/omni_base_bringup:/home/amightyk05/ros2_sw/install/omni_base_description:/home/amightyk05/ros2_sw/install/pal_urdf_utils:/home/amightyk05/ros2_sw/install/omni_base_controller_configuration:/home/amightyk05/ros2_sw/install/my_robot_bringup CMAKE_PREFIX_PATH=/home/amightyk05/ros2_sw/install/pal_urdf_utils:/opt/ros/jazzy/opt/gz_sim_vendor:/opt/ros/jazzy/opt/gz_sensors_vendor:/opt/ros/jazzy/opt/gz_physics_vendor:/opt/ros/jazzy/opt/sdformat_vendor:/opt/ros/jazzy/opt/gz_gui_vendor:/opt/ros/jazzy/opt/gz_transport_vendor:/opt/ros/jazzy/opt/gz_rendering_vendor:/opt/ros/jazzy/opt/gz_plugin_vendor:/opt/ros/jazzy/opt/gz_fuel_tools_vendor:/opt/ros/jazzy/opt/gz_msgs_vendor:/opt/ros/jazzy/opt/gz_common_vendor:/opt/ros/jazzy/opt/gz_math_vendor:/opt/ros/jazzy/opt/gz_utils_vendor:/opt/ros/jazzy/opt/gz_tools_vendor:/opt/ros/jazzy/opt/gz_ogre_next_vendor:/opt/ros/jazzy/opt/gz_dartsim_vendor:/opt/ros/jazzy/opt/gz_cmake_vendor:/home/amightyk05/ros2_sw/install/omni_base_bringup:/home/amightyk05/ros2_sw/install/omni_base_description:/home/amightyk05/ros2_sw/install/omni_base_controller_configuration:/home/amightyk05/ros2_sw/install/my_robot_bringup:/opt/ros/jazzy:/home/amightyk05/ros2_sw/install/launch_pal PYTHONPATH=/home/amightyk05/ros2_sw/build/launch_pal:/home/amightyk05/ros2_sw/install/launch_pal/lib/python3.12/site-packages:/opt/ros/jazzy/lib/python3.12/site-packages:/home/amightyk05/ros2_sw/install/omni_base_description/lib/python3.12/site-packages /usr/bin/cmake --install /home/amightyk05/ros2_sw/build/omni_base_description
