[0.571s] Invoking command in '/home/amightyk05/ros2_sw/build/launch_pal': PYTHONPATH=/home/amightyk05/ros2_sw/build/launch_pal/prefix_override:/usr/lib/python3/dist-packages/colcon_core/task/python/colcon_distutils_commands:/home/amightyk05/ros2_sw/install/launch_pal/lib/python3.12/site-packages:${PYTHONPATH} /usr/bin/python3 -W ignore:setup.py install is deprecated -W ignore:easy_install command is deprecated setup.py develop --uninstall --editable --build-directory /home/amightyk05/ros2_sw/build/launch_pal/build
[0.766s] running develop
[0.889s] Removing /home/amightyk05/ros2_sw/install/launch_pal/lib/python3.12/site-packages/launch-pal.egg-link (link to .)
[0.907s] Invoked command in '/home/amightyk05/ros2_sw/build/launch_pal' returned '0': PYTHONPATH=/home/amightyk05/ros2_sw/build/launch_pal/prefix_override:/usr/lib/python3/dist-packages/colcon_core/task/python/colcon_distutils_commands:/home/amightyk05/ros2_sw/install/launch_pal/lib/python3.12/site-packages:${PYTHONPATH} /usr/bin/python3 -W ignore:setup.py install is deprecated -W ignore:easy_install command is deprecated setup.py develop --uninstall --editable --build-directory /home/amightyk05/ros2_sw/build/launch_pal/build
[0.908s] Invoking command in '/home/amightyk05/ros2_sw/src/omni_based_robot/launch_pal': PYTHONPATH=/home/amightyk05/ros2_sw/build/launch_pal/prefix_override:/usr/lib/python3/dist-packages/colcon_core/task/python/colcon_distutils_commands:/home/amightyk05/ros2_sw/install/launch_pal/lib/python3.12/site-packages:${PYTHONPATH} /usr/bin/python3 -W ignore:setup.py install is deprecated -W ignore:easy_install command is deprecated setup.py egg_info --egg-base ../../../build/launch_pal build --build-base /home/amightyk05/ros2_sw/build/launch_pal/build install --record /home/amightyk05/ros2_sw/build/launch_pal/install.log --single-version-externally-managed install_data --force
[1.087s] running egg_info
[1.099s] writing ../../../build/launch_pal/launch_pal.egg-info/PKG-INFO
[1.099s] writing dependency_links to ../../../build/launch_pal/launch_pal.egg-info/dependency_links.txt
[1.099s] writing requirements to ../../../build/launch_pal/launch_pal.egg-info/requires.txt
[1.099s] writing top-level names to ../../../build/launch_pal/launch_pal.egg-info/top_level.txt
[1.124s] reading manifest file '../../../build/launch_pal/launch_pal.egg-info/SOURCES.txt'
[1.124s] adding license file 'LICENSE'
[1.124s] writing manifest file '../../../build/launch_pal/launch_pal.egg-info/SOURCES.txt'
[1.124s] running build
[1.124s] running build_py
[1.124s] creating /home/amightyk05/ros2_sw/build/launch_pal/build
[1.124s] creating /home/amightyk05/ros2_sw/build/launch_pal/build/lib
[1.125s] creating /home/amightyk05/ros2_sw/build/launch_pal/build/lib/launch_pal
[1.125s] copying launch_pal/pal_parameters.py -> /home/amightyk05/ros2_sw/build/launch_pal/build/lib/launch_pal
[1.125s] copying launch_pal/composition_utils.py -> /home/amightyk05/ros2_sw/build/launch_pal/build/lib/launch_pal
[1.125s] copying launch_pal/include_utils.py -> /home/amightyk05/ros2_sw/build/launch_pal/build/lib/launch_pal
[1.125s] copying launch_pal/robot_utils.py -> /home/amightyk05/ros2_sw/build/launch_pal/build/lib/launch_pal
[1.125s] copying launch_pal/param_utils.py -> /home/amightyk05/ros2_sw/build/launch_pal/build/lib/launch_pal
[1.125s] copying launch_pal/__init__.py -> /home/amightyk05/ros2_sw/build/launch_pal/build/lib/launch_pal
[1.125s] copying launch_pal/arg_utils.py -> /home/amightyk05/ros2_sw/build/launch_pal/build/lib/launch_pal
[1.125s] creating /home/amightyk05/ros2_sw/build/launch_pal/build/lib/launch_pal/actions
[1.125s] copying launch_pal/actions/check_public_sim.py -> /home/amightyk05/ros2_sw/build/launch_pal/build/lib/launch_pal/actions
[1.125s] copying launch_pal/actions/__init__.py -> /home/amightyk05/ros2_sw/build/launch_pal/build/lib/launch_pal/actions
[1.125s] creating /home/amightyk05/ros2_sw/build/launch_pal/build/lib/launch_pal/substitutions
[1.125s] copying launch_pal/substitutions/load_file.py -> /home/amightyk05/ros2_sw/build/launch_pal/build/lib/launch_pal/substitutions
[1.125s] copying launch_pal/substitutions/__init__.py -> /home/amightyk05/ros2_sw/build/launch_pal/build/lib/launch_pal/substitutions
[1.125s] creating /home/amightyk05/ros2_sw/build/launch_pal/build/lib/launch_pal/robot_arguments
[1.125s] copying launch_pal/robot_arguments/__init__.py -> /home/amightyk05/ros2_sw/build/launch_pal/build/lib/launch_pal/robot_arguments
[1.125s] copying launch_pal/robot_arguments/robot.py -> /home/amightyk05/ros2_sw/build/launch_pal/build/lib/launch_pal/robot_arguments
[1.125s] copying launch_pal/robot_arguments/common.py -> /home/amightyk05/ros2_sw/build/launch_pal/build/lib/launch_pal/robot_arguments
[1.125s] running install
[1.130s] running install_lib
[1.142s] creating /home/amightyk05/ros2_sw/install/launch_pal/lib/python3.12/site-packages/launch_pal
[1.142s] copying /home/amightyk05/ros2_sw/build/launch_pal/build/lib/launch_pal/pal_parameters.py -> /home/amightyk05/ros2_sw/install/launch_pal/lib/python3.12/site-packages/launch_pal
[1.142s] copying /home/amightyk05/ros2_sw/build/launch_pal/build/lib/launch_pal/composition_utils.py -> /home/amightyk05/ros2_sw/install/launch_pal/lib/python3.12/site-packages/launch_pal
[1.142s] copying /home/amightyk05/ros2_sw/build/launch_pal/build/lib/launch_pal/include_utils.py -> /home/amightyk05/ros2_sw/install/launch_pal/lib/python3.12/site-packages/launch_pal
[1.142s] copying /home/amightyk05/ros2_sw/build/launch_pal/build/lib/launch_pal/robot_utils.py -> /home/amightyk05/ros2_sw/install/launch_pal/lib/python3.12/site-packages/launch_pal
[1.142s] copying /home/amightyk05/ros2_sw/build/launch_pal/build/lib/launch_pal/param_utils.py -> /home/amightyk05/ros2_sw/install/launch_pal/lib/python3.12/site-packages/launch_pal
[1.142s] copying /home/amightyk05/ros2_sw/build/launch_pal/build/lib/launch_pal/__init__.py -> /home/amightyk05/ros2_sw/install/launch_pal/lib/python3.12/site-packages/launch_pal
[1.142s] copying /home/amightyk05/ros2_sw/build/launch_pal/build/lib/launch_pal/arg_utils.py -> /home/amightyk05/ros2_sw/install/launch_pal/lib/python3.12/site-packages/launch_pal
[1.142s] creating /home/amightyk05/ros2_sw/install/launch_pal/lib/python3.12/site-packages/launch_pal/actions
[1.142s] copying /home/amightyk05/ros2_sw/build/launch_pal/build/lib/launch_pal/actions/check_public_sim.py -> /home/amightyk05/ros2_sw/install/launch_pal/lib/python3.12/site-packages/launch_pal/actions
[1.142s] copying /home/amightyk05/ros2_sw/build/launch_pal/build/lib/launch_pal/actions/__init__.py -> /home/amightyk05/ros2_sw/install/launch_pal/lib/python3.12/site-packages/launch_pal/actions
[1.143s] creating /home/amightyk05/ros2_sw/install/launch_pal/lib/python3.12/site-packages/launch_pal/substitutions
[1.143s] copying /home/amightyk05/ros2_sw/build/launch_pal/build/lib/launch_pal/substitutions/load_file.py -> /home/amightyk05/ros2_sw/install/launch_pal/lib/python3.12/site-packages/launch_pal/substitutions
[1.143s] copying /home/amightyk05/ros2_sw/build/launch_pal/build/lib/launch_pal/substitutions/__init__.py -> /home/amightyk05/ros2_sw/install/launch_pal/lib/python3.12/site-packages/launch_pal/substitutions
[1.143s] creating /home/amightyk05/ros2_sw/install/launch_pal/lib/python3.12/site-packages/launch_pal/robot_arguments
[1.143s] copying /home/amightyk05/ros2_sw/build/launch_pal/build/lib/launch_pal/robot_arguments/__init__.py -> /home/amightyk05/ros2_sw/install/launch_pal/lib/python3.12/site-packages/launch_pal/robot_arguments
[1.143s] copying /home/amightyk05/ros2_sw/build/launch_pal/build/lib/launch_pal/robot_arguments/robot.py -> /home/amightyk05/ros2_sw/install/launch_pal/lib/python3.12/site-packages/launch_pal/robot_arguments
[1.143s] copying /home/amightyk05/ros2_sw/build/launch_pal/build/lib/launch_pal/robot_arguments/common.py -> /home/amightyk05/ros2_sw/install/launch_pal/lib/python3.12/site-packages/launch_pal/robot_arguments
[1.143s] byte-compiling /home/amightyk05/ros2_sw/install/launch_pal/lib/python3.12/site-packages/launch_pal/pal_parameters.py to pal_parameters.cpython-312.pyc
[1.144s] byte-compiling /home/amightyk05/ros2_sw/install/launch_pal/lib/python3.12/site-packages/launch_pal/composition_utils.py to composition_utils.cpython-312.pyc
[1.144s] byte-compiling /home/amightyk05/ros2_sw/install/launch_pal/lib/python3.12/site-packages/launch_pal/include_utils.py to include_utils.cpython-312.pyc
[1.145s] byte-compiling /home/amightyk05/ros2_sw/install/launch_pal/lib/python3.12/site-packages/launch_pal/robot_utils.py to robot_utils.cpython-312.pyc
[1.145s] byte-compiling /home/amightyk05/ros2_sw/install/launch_pal/lib/python3.12/site-packages/launch_pal/param_utils.py to param_utils.cpython-312.pyc
[1.146s] byte-compiling /home/amightyk05/ros2_sw/install/launch_pal/lib/python3.12/site-packages/launch_pal/__init__.py to __init__.cpython-312.pyc
[1.146s] byte-compiling /home/amightyk05/ros2_sw/install/launch_pal/lib/python3.12/site-packages/launch_pal/arg_utils.py to arg_utils.cpython-312.pyc
[1.147s] byte-compiling /home/amightyk05/ros2_sw/install/launch_pal/lib/python3.12/site-packages/launch_pal/actions/check_public_sim.py to check_public_sim.cpython-312.pyc
[1.147s] byte-compiling /home/amightyk05/ros2_sw/install/launch_pal/lib/python3.12/site-packages/launch_pal/actions/__init__.py to __init__.cpython-312.pyc
[1.147s] byte-compiling /home/amightyk05/ros2_sw/install/launch_pal/lib/python3.12/site-packages/launch_pal/substitutions/load_file.py to load_file.cpython-312.pyc
[1.147s] byte-compiling /home/amightyk05/ros2_sw/install/launch_pal/lib/python3.12/site-packages/launch_pal/substitutions/__init__.py to __init__.cpython-312.pyc
[1.148s] byte-compiling /home/amightyk05/ros2_sw/install/launch_pal/lib/python3.12/site-packages/launch_pal/robot_arguments/__init__.py to __init__.cpython-312.pyc
[1.148s] byte-compiling /home/amightyk05/ros2_sw/install/launch_pal/lib/python3.12/site-packages/launch_pal/robot_arguments/robot.py to robot.cpython-312.pyc
[1.148s] byte-compiling /home/amightyk05/ros2_sw/install/launch_pal/lib/python3.12/site-packages/launch_pal/robot_arguments/common.py to common.cpython-312.pyc
[1.148s] running install_data
[1.149s] copying resource/launch_pal -> /home/amightyk05/ros2_sw/install/launch_pal/share/ament_index/resource_index/packages
[1.149s] copying package.xml -> /home/amightyk05/ros2_sw/install/launch_pal/share/launch_pal
[1.149s] copying config/robot_configuration.yaml -> /home/amightyk05/ros2_sw/install/launch_pal/share/launch_pal/config
[1.149s] running install_egg_info
[1.162s] Copying ../../../build/launch_pal/launch_pal.egg-info to /home/amightyk05/ros2_sw/install/launch_pal/lib/python3.12/site-packages/launch_pal-0.1.15-py3.12.egg-info
[1.162s] running install_scripts
[1.244s] writing list of installed files to '/home/amightyk05/ros2_sw/build/launch_pal/install.log'
[1.260s] Invoked command in '/home/amightyk05/ros2_sw/src/omni_based_robot/launch_pal' returned '0': PYTHONPATH=/home/amightyk05/ros2_sw/build/launch_pal/prefix_override:/usr/lib/python3/dist-packages/colcon_core/task/python/colcon_distutils_commands:/home/amightyk05/ros2_sw/install/launch_pal/lib/python3.12/site-packages:${PYTHONPATH} /usr/bin/python3 -W ignore:setup.py install is deprecated -W ignore:easy_install command is deprecated setup.py egg_info --egg-base ../../../build/launch_pal build --build-base /home/amightyk05/ros2_sw/build/launch_pal/build install --record /home/amightyk05/ros2_sw/build/launch_pal/install.log --single-version-externally-managed install_data --force
