[  2%] Built target yahboom_rosmaster_msgs__rosidl_generator_type_description
[  2%] Built target ament_cmake_python_symlink_yahboom_rosmaster_msgs
[  4%] Built target yahboom_rosmaster_msgs__cpp
[ 22%] Built target yahboom_rosmaster_msgs__rosidl_generator_c
[ 31%] Built target yahboom_rosmaster_msgs__rosidl_typesupport_fastrtps_c
[ 40%] Built target yahboom_rosmaster_msgs__rosidl_typesupport_c
[ 56%] Built target yahboom_rosmaster_msgs__rosidl_typesupport_cpp
[ 59%] Built target yahboom_rosmaster_msgs__rosidl_typesupport_introspection_c
[ 68%] Built target yahboom_rosmaster_msgs__rosidl_typesupport_introspection_cpp
[ 77%] Built target yahboom_rosmaster_msgs__rosidl_typesupport_fastrtps_cpp
[ 77%] Built target yahboom_rosmaster_msgs
[ 79%] Built target yahboom_rosmaster_msgs__py
[ 86%] Built target yahboom_rosmaster_msgs__rosidl_generator_py
[ 90%] Built target yahboom_rosmaster_msgs_s__rosidl_typesupport_fastrtps_c
[ 95%] Built target yahboom_rosmaster_msgs_s__rosidl_typesupport_c
[100%] Built target yahboom_rosmaster_msgs_s__rosidl_typesupport_introspection_c
running egg_info
writing yahboom_rosmaster_msgs.egg-info/PKG-INFO
writing dependency_links to yahboom_rosmaster_msgs.egg-info/dependency_links.txt
writing top-level names to yahboom_rosmaster_msgs.egg-info/top_level.txt
reading manifest file 'yahboom_rosmaster_msgs.egg-info/SOURCES.txt'
writing manifest file 'yahboom_rosmaster_msgs.egg-info/SOURCES.txt'
[100%] Built target ament_cmake_python_build_yahboom_rosmaster_msgs_egg
