[0.024s] Invoking command in '/home/kostas/ros2_ws/build/yahboom_rosmaster_msgs': CMAKE_PREFIX_PATH=${CMAKE_PREFIX_PATH}:/opt/ros/jazzy DEBUGINFOD_URLS=https://debuginfod.ubuntu.com /usr/bin/cmake --build /home/kostas/ros2_ws/build/yahboom_rosmaster_msgs -- -j12 -l12
[0.075s] [  2%] Built target yahboom_rosmaster_msgs__rosidl_generator_type_description
[0.088s] [  2%] Built target ament_cmake_python_symlink_yahboom_rosmaster_msgs
[0.098s] [  4%] Built target yahboom_rosmaster_msgs__cpp
[0.101s] [ 22%] Built target yahboom_rosmaster_msgs__rosidl_generator_c
[0.139s] [ 31%] Built target yahboom_rosmaster_msgs__rosidl_typesupport_fastrtps_c
[0.144s] [ 40%] Built target yahboom_rosmaster_msgs__rosidl_typesupport_c
[0.147s] [ 56%] Built target yahboom_rosmaster_msgs__rosidl_typesupport_cpp
[0.147s] [ 59%] Built target yahboom_rosmaster_msgs__rosidl_typesupport_introspection_c
[0.147s] [ 68%] Built target yahboom_rosmaster_msgs__rosidl_typesupport_introspection_cpp
[0.153s] [ 77%] Built target yahboom_rosmaster_msgs__rosidl_typesupport_fastrtps_cpp
[0.168s] [ 77%] Built target yahboom_rosmaster_msgs
[0.185s] [ 79%] Built target yahboom_rosmaster_msgs__py
[0.204s] [ 86%] Built target yahboom_rosmaster_msgs__rosidl_generator_py
[0.225s] [ 90%] Built target yahboom_rosmaster_msgs_s__rosidl_typesupport_fastrtps_c
[0.228s] [ 95%] Built target yahboom_rosmaster_msgs_s__rosidl_typesupport_c
[0.229s] [100%] Built target yahboom_rosmaster_msgs_s__rosidl_typesupport_introspection_c
[0.379s] running egg_info
[0.392s] writing yahboom_rosmaster_msgs.egg-info/PKG-INFO
[0.392s] writing dependency_links to yahboom_rosmaster_msgs.egg-info/dependency_links.txt
[0.392s] writing top-level names to yahboom_rosmaster_msgs.egg-info/top_level.txt
[0.430s] reading manifest file 'yahboom_rosmaster_msgs.egg-info/SOURCES.txt'
[0.430s] writing manifest file 'yahboom_rosmaster_msgs.egg-info/SOURCES.txt'
[0.455s] [100%] Built target ament_cmake_python_build_yahboom_rosmaster_msgs_egg
