-- Found ament_cmake_auto: 2.5.6 (/opt/ros/jazzy/share/ament_cmake_auto/cmake)
-- Override CMake install command with custom implementation using symlinks instead of copying resources
-- Found ament_lint_auto: 0.17.5 (/opt/ros/jazzy/share/ament_lint_auto/cmake)
-- Added test 'copyright' to check source files copyright and LICENSE
-- Added test 'flake8' to check Python code syntax and style conventions
-- Configured 'flake8' exclude dirs and/or files: 
-- Added test 'lint_cmake' to check CMake code style
-- Added test 'pep257' to check Python code against some of the docstring style conventions in PEP 257
-- Added test 'xmllint' to check XML markup files
-- Configuring done (0.3s)
-- Generating done (0.0s)
-- Build files have been written to: /home/amightyk05/ros2_sw/build/omni_base_controller_configuration
-- Install configuration: ""
-- Execute custom install script
-- Up-to-date symlink: /home/amightyk05/ros2_sw/install/omni_base_controller_configuration/share/omni_base_controller_configuration/config/imu_sensor_broadcaster.yaml
-- Up-to-date symlink: /home/amightyk05/ros2_sw/install/omni_base_controller_configuration/share/omni_base_controller_configuration/config/joint_state_broadcaster.yaml
-- Up-to-date symlink: /home/amightyk05/ros2_sw/install/omni_base_controller_configuration/share/omni_base_controller_configuration/config/mobile_base_controller.yaml
-- Up-to-date symlink: /home/amightyk05/ros2_sw/install/omni_base_controller_configuration/share/omni_base_controller_configuration/launch/default_controllers.launch.py
-- Up-to-date symlink: /home/amightyk05/ros2_sw/install/omni_base_controller_configuration/share/ament_index/resource_index/package_run_dependencies/omni_base_controller_configuration
-- Up-to-date symlink: /home/amightyk05/ros2_sw/install/omni_base_controller_configuration/share/ament_index/resource_index/parent_prefix_path/omni_base_controller_configuration
-- Up-to-date symlink: /home/amightyk05/ros2_sw/install/omni_base_controller_configuration/share/omni_base_controller_configuration/environment/ament_prefix_path.sh
-- Up-to-date symlink: /home/amightyk05/ros2_sw/install/omni_base_controller_configuration/share/omni_base_controller_configuration/environment/ament_prefix_path.dsv
-- Up-to-date symlink: /home/amightyk05/ros2_sw/install/omni_base_controller_configuration/share/omni_base_controller_configuration/environment/path.sh
-- Up-to-date symlink: /home/amightyk05/ros2_sw/install/omni_base_controller_configuration/share/omni_base_controller_configuration/environment/path.dsv
-- Up-to-date symlink: /home/amightyk05/ros2_sw/install/omni_base_controller_configuration/share/omni_base_controller_configuration/local_setup.bash
-- Up-to-date symlink: /home/amightyk05/ros2_sw/install/omni_base_controller_configuration/share/omni_base_controller_configuration/local_setup.sh
-- Up-to-date symlink: /home/amightyk05/ros2_sw/install/omni_base_controller_configuration/share/omni_base_controller_configuration/local_setup.zsh
-- Up-to-date symlink: /home/amightyk05/ros2_sw/install/omni_base_controller_configuration/share/omni_base_controller_configuration/local_setup.dsv
-- Symlinking: /home/amightyk05/ros2_sw/install/omni_base_controller_configuration/share/omni_base_controller_configuration/package.dsv
-- Up-to-date symlink: /home/amightyk05/ros2_sw/install/omni_base_controller_configuration/share/ament_index/resource_index/packages/omni_base_controller_configuration
-- Up-to-date symlink: /home/amightyk05/ros2_sw/install/omni_base_controller_configuration/share/omni_base_controller_configuration/cmake/omni_base_controller_configurationConfig.cmake
-- Up-to-date symlink: /home/amightyk05/ros2_sw/install/omni_base_controller_configuration/share/omni_base_controller_configuration/cmake/omni_base_controller_configurationConfig-version.cmake
-- Up-to-date symlink: /home/amightyk05/ros2_sw/install/omni_base_controller_configuration/share/omni_base_controller_configuration/package.xml
