[0.186s] Invoking command in '/home/amightyk05/ros2_sw/build/omni_base_controller_configuration': CMAKE_PREFIX_PATH=${CMAKE_PREFIX_PATH}:/opt/ros/jazzy:/home/amightyk05/ros2_sw/install/launch_pal /usr/bin/cmake /home/amightyk05/ros2_sw/src/omni_based_robot/omni_base_controller_configuration -DCMAKE_INSTALL_PREFIX=/home/amightyk05/ros2_sw/install/omni_base_controller_configuration
[0.197s] -- Found ament_cmake_auto: 2.5.6 (/opt/ros/jazzy/share/ament_cmake_auto/cmake)
[0.367s] -- Override CMake install command with custom implementation using symlinks instead of copying resources
[0.445s] -- Found ament_lint_auto: 0.17.5 (/opt/ros/jazzy/share/ament_lint_auto/cmake)
[0.451s] -- Added test 'copyright' to check source files copyright and LICENSE
[0.452s] -- Added test 'flake8' to check Python code syntax and style conventions
[0.453s] -- Configured 'flake8' exclude dirs and/or files: 
[0.453s] -- Added test 'lint_cmake' to check CMake code style
[0.453s] -- Added test 'pep257' to check Python code against some of the docstring style conventions in PEP 257
[0.453s] -- Added test 'xmllint' to check XML markup files
[0.454s] -- Configuring done (0.3s)
[0.457s] -- Generating done (0.0s)
[0.457s] -- Build files have been written to: /home/amightyk05/ros2_sw/build/omni_base_controller_configuration
[0.459s] Invoked command in '/home/amightyk05/ros2_sw/build/omni_base_controller_configuration' returned '0': CMAKE_PREFIX_PATH=${CMAKE_PREFIX_PATH}:/opt/ros/jazzy:/home/amightyk05/ros2_sw/install/launch_pal /usr/bin/cmake /home/amightyk05/ros2_sw/src/omni_based_robot/omni_base_controller_configuration -DCMAKE_INSTALL_PREFIX=/home/amightyk05/ros2_sw/install/omni_base_controller_configuration
[0.460s] Invoking command in '/home/amightyk05/ros2_sw/build/omni_base_controller_configuration': CMAKE_PREFIX_PATH=${CMAKE_PREFIX_PATH}:/opt/ros/jazzy:/home/amightyk05/ros2_sw/install/launch_pal /usr/bin/cmake --build /home/amightyk05/ros2_sw/build/omni_base_controller_configuration -- -j20 -l20
[0.496s] Invoked command in '/home/amightyk05/ros2_sw/build/omni_base_controller_configuration' returned '0': CMAKE_PREFIX_PATH=${CMAKE_PREFIX_PATH}:/opt/ros/jazzy:/home/amightyk05/ros2_sw/install/launch_pal /usr/bin/cmake --build /home/amightyk05/ros2_sw/build/omni_base_controller_configuration -- -j20 -l20
[0.497s] Invoking command in '/home/amightyk05/ros2_sw/build/omni_base_controller_configuration': CMAKE_PREFIX_PATH=${CMAKE_PREFIX_PATH}:/opt/ros/jazzy:/home/amightyk05/ros2_sw/install/launch_pal /usr/bin/cmake --install /home/amightyk05/ros2_sw/build/omni_base_controller_configuration
[0.503s] -- Install configuration: ""
[0.504s] -- Execute custom install script
[0.505s] -- Up-to-date symlink: /home/amightyk05/ros2_sw/install/omni_base_controller_configuration/share/omni_base_controller_configuration/config/imu_sensor_broadcaster.yaml
[0.505s] -- Up-to-date symlink: /home/amightyk05/ros2_sw/install/omni_base_controller_configuration/share/omni_base_controller_configuration/config/joint_state_broadcaster.yaml
[0.505s] -- Up-to-date symlink: /home/amightyk05/ros2_sw/install/omni_base_controller_configuration/share/omni_base_controller_configuration/config/mobile_base_controller.yaml
[0.506s] -- Up-to-date symlink: /home/amightyk05/ros2_sw/install/omni_base_controller_configuration/share/omni_base_controller_configuration/launch/default_controllers.launch.py
[0.507s] -- Up-to-date symlink: /home/amightyk05/ros2_sw/install/omni_base_controller_configuration/share/ament_index/resource_index/package_run_dependencies/omni_base_controller_configuration
[0.507s] -- Up-to-date symlink: /home/amightyk05/ros2_sw/install/omni_base_controller_configuration/share/ament_index/resource_index/parent_prefix_path/omni_base_controller_configuration
[0.507s] -- Up-to-date symlink: /home/amightyk05/ros2_sw/install/omni_base_controller_configuration/share/omni_base_controller_configuration/environment/ament_prefix_path.sh
[0.507s] -- Up-to-date symlink: /home/amightyk05/ros2_sw/install/omni_base_controller_configuration/share/omni_base_controller_configuration/environment/ament_prefix_path.dsv
[0.507s] -- Up-to-date symlink: /home/amightyk05/ros2_sw/install/omni_base_controller_configuration/share/omni_base_controller_configuration/environment/path.sh
[0.507s] -- Up-to-date symlink: /home/amightyk05/ros2_sw/install/omni_base_controller_configuration/share/omni_base_controller_configuration/environment/path.dsv
[0.508s] -- Up-to-date symlink: /home/amightyk05/ros2_sw/install/omni_base_controller_configuration/share/omni_base_controller_configuration/local_setup.bash
[0.508s] -- Up-to-date symlink: /home/amightyk05/ros2_sw/install/omni_base_controller_configuration/share/omni_base_controller_configuration/local_setup.sh
[0.508s] -- Up-to-date symlink: /home/amightyk05/ros2_sw/install/omni_base_controller_configuration/share/omni_base_controller_configuration/local_setup.zsh
[0.509s] -- Up-to-date symlink: /home/amightyk05/ros2_sw/install/omni_base_controller_configuration/share/omni_base_controller_configuration/local_setup.dsv
[0.510s] -- Symlinking: /home/amightyk05/ros2_sw/install/omni_base_controller_configuration/share/omni_base_controller_configuration/package.dsv
[0.511s] -- Up-to-date symlink: /home/amightyk05/ros2_sw/install/omni_base_controller_configuration/share/ament_index/resource_index/packages/omni_base_controller_configuration
[0.511s] -- Up-to-date symlink: /home/amightyk05/ros2_sw/install/omni_base_controller_configuration/share/omni_base_controller_configuration/cmake/omni_base_controller_configurationConfig.cmake
[0.512s] -- Up-to-date symlink: /home/amightyk05/ros2_sw/install/omni_base_controller_configuration/share/omni_base_controller_configuration/cmake/omni_base_controller_configurationConfig-version.cmake
[0.512s] -- Up-to-date symlink: /home/amightyk05/ros2_sw/install/omni_base_controller_configuration/share/omni_base_controller_configuration/package.xml
[0.515s] Invoked command in '/home/amightyk05/ros2_sw/build/omni_base_controller_configuration' returned '0': CMAKE_PREFIX_PATH=${CMAKE_PREFIX_PATH}:/opt/ros/jazzy:/home/amightyk05/ros2_sw/install/launch_pal /usr/bin/cmake --install /home/amightyk05/ros2_sw/build/omni_base_controller_configuration
