[0.563s] Invoking command in '/home/amightyk05/ros2_sw/src/omni_based_robot/launch_pal': PYTHONPATH=/home/amightyk05/ros2_sw/build/launch_pal/prefix_override:/usr/lib/python3/dist-packages/colcon_core/task/python/colcon_distutils_commands:/home/amightyk05/ros2_sw/install/launch_pal/lib/python3.12/site-packages:${PYTHONPATH} /usr/bin/python3 -W ignore:setup.py install is deprecated -W ignore:easy_install command is deprecated setup.py egg_info --egg-base ../../../build/launch_pal build --build-base /home/amightyk05/ros2_sw/build/launch_pal/build install --record /home/amightyk05/ros2_sw/build/launch_pal/install.log --single-version-externally-managed install_data
[0.740s] running egg_info
[0.752s] writing ../../../build/launch_pal/launch_pal.egg-info/PKG-INFO
[0.752s] writing dependency_links to ../../../build/launch_pal/launch_pal.egg-info/dependency_links.txt
[0.752s] writing requirements to ../../../build/launch_pal/launch_pal.egg-info/requires.txt
[0.752s] writing top-level names to ../../../build/launch_pal/launch_pal.egg-info/top_level.txt
[0.777s] reading manifest file '../../../build/launch_pal/launch_pal.egg-info/SOURCES.txt'
[0.777s] adding license file 'LICENSE'
[0.777s] writing manifest file '../../../build/launch_pal/launch_pal.egg-info/SOURCES.txt'
[0.777s] running build
[0.777s] running build_py
[0.778s] running install
[0.783s] running install_lib
[0.796s] running install_data
[0.796s] running install_egg_info
[0.809s] removing '/home/amightyk05/ros2_sw/install/launch_pal/lib/python3.12/site-packages/launch_pal-0.1.15-py3.12.egg-info' (and everything under it)
[0.809s] Copying ../../../build/launch_pal/launch_pal.egg-info to /home/amightyk05/ros2_sw/install/launch_pal/lib/python3.12/site-packages/launch_pal-0.1.15-py3.12.egg-info
[0.810s] running install_scripts
[0.891s] writing list of installed files to '/home/amightyk05/ros2_sw/build/launch_pal/install.log'
[0.908s] Invoked command in '/home/amightyk05/ros2_sw/src/omni_based_robot/launch_pal' returned '0': PYTHONPATH=/home/amightyk05/ros2_sw/build/launch_pal/prefix_override:/usr/lib/python3/dist-packages/colcon_core/task/python/colcon_distutils_commands:/home/amightyk05/ros2_sw/install/launch_pal/lib/python3.12/site-packages:${PYTHONPATH} /usr/bin/python3 -W ignore:setup.py install is deprecated -W ignore:easy_install command is deprecated setup.py egg_info --egg-base ../../../build/launch_pal build --build-base /home/amightyk05/ros2_sw/build/launch_pal/build install --record /home/amightyk05/ros2_sw/build/launch_pal/install.log --single-version-externally-managed install_data
