[0.008s] Invoking command in '/home/amightyk05/ros2_sw/build/omni_base_description': AMENT_PREFIX_PATH=/home/amightyk05/ros2_sw/install/launch_pal:/opt/ros/jazzy:/home/amightyk05/ros2_sw/install/omni_base_bringup:/home/amightyk05/ros2_sw/install/omni_base_description:/home/amightyk05/ros2_sw/install/pal_urdf_utils:/home/amightyk05/ros2_sw/install/omni_base_controller_configuration:/home/amightyk05/ros2_sw/install/my_robot_bringup CMAKE_PREFIX_PATH=/home/amightyk05/ros2_sw/install/pal_urdf_utils:/opt/ros/jazzy/opt/gz_sim_vendor:/opt/ros/jazzy/opt/gz_sensors_vendor:/opt/ros/jazzy/opt/gz_physics_vendor:/opt/ros/jazzy/opt/sdformat_vendor:/opt/ros/jazzy/opt/gz_gui_vendor:/opt/ros/jazzy/opt/gz_transport_vendor:/opt/ros/jazzy/opt/gz_rendering_vendor:/opt/ros/jazzy/opt/gz_plugin_vendor:/opt/ros/jazzy/opt/gz_fuel_tools_vendor:/opt/ros/jazzy/opt/gz_msgs_vendor:/opt/ros/jazzy/opt/gz_common_vendor:/opt/ros/jazzy/opt/gz_math_vendor:/opt/ros/jazzy/opt/gz_utils_vendor:/opt/ros/jazzy/opt/gz_tools_vendor:/opt/ros/jazzy/opt/gz_ogre_next_vendor:/opt/ros/jazzy/opt/gz_dartsim_vendor:/opt/ros/jazzy/opt/gz_cmake_vendor:/home/amightyk05/ros2_sw/install/omni_base_bringup:/home/amightyk05/ros2_sw/install/omni_base_description:/home/amightyk05/ros2_sw/install/omni_base_controller_configuration:/home/amightyk05/ros2_sw/install/my_robot_bringup:/opt/ros/jazzy:/home/amightyk05/ros2_sw/install/launch_pal PYTHONPATH=/home/amightyk05/ros2_sw/install/launch_pal/lib/python3.12/site-packages:/opt/ros/jazzy/lib/python3.12/site-packages:/home/amightyk05/ros2_sw/install/omni_base_description/lib/python3.12/site-packages /usr/bin/cmake /home/amightyk05/ros2_sw/src/omni_based_robot/omni_base_description -DCMAKE_INSTALL_PREFIX=/home/amightyk05/ros2_sw/install/omni_base_description
[0.021s] -- Found ament_cmake_auto: 2.5.6 (/opt/ros/jazzy/share/ament_cmake_auto/cmake)
[0.200s] -- Override CMake install command with custom implementation using symlinks instead of copying resources
[0.277s] -- Found ament_lint_auto: 0.17.5 (/opt/ros/jazzy/share/ament_lint_auto/cmake)
[0.280s] -- Found python_cmake_module: 0.11.1 (/opt/ros/jazzy/share/python_cmake_module/cmake)
[0.406s] -- Added test 'copyright' to check source files copyright and LICENSE
[0.410s] -- Added test 'flake8' to check Python code syntax and style conventions
[0.410s] -- Configured 'flake8' exclude dirs and/or files: 
[0.410s] -- Added test 'lint_cmake' to check CMake code style
[0.410s] -- Added test 'pep257' to check Python code against some of the docstring style conventions in PEP 257
[0.412s] -- Added test 'xmllint' to check XML markup files
[0.413s] -- Configuring done (0.4s)
[0.415s] -- Generating done (0.0s)
[0.418s] -- Build files have been written to: /home/amightyk05/ros2_sw/build/omni_base_description
[0.421s] Invoked command in '/home/amightyk05/ros2_sw/build/omni_base_description' returned '0': AMENT_PREFIX_PATH=/home/amightyk05/ros2_sw/install/launch_pal:/opt/ros/jazzy:/home/amightyk05/ros2_sw/install/omni_base_bringup:/home/amightyk05/ros2_sw/install/omni_base_description:/home/amightyk05/ros2_sw/install/pal_urdf_utils:/home/amightyk05/ros2_sw/install/omni_base_controller_configuration:/home/amightyk05/ros2_sw/install/my_robot_bringup CMAKE_PREFIX_PATH=/home/amightyk05/ros2_sw/install/pal_urdf_utils:/opt/ros/jazzy/opt/gz_sim_vendor:/opt/ros/jazzy/opt/gz_sensors_vendor:/opt/ros/jazzy/opt/gz_physics_vendor:/opt/ros/jazzy/opt/sdformat_vendor:/opt/ros/jazzy/opt/gz_gui_vendor:/opt/ros/jazzy/opt/gz_transport_vendor:/opt/ros/jazzy/opt/gz_rendering_vendor:/opt/ros/jazzy/opt/gz_plugin_vendor:/opt/ros/jazzy/opt/gz_fuel_tools_vendor:/opt/ros/jazzy/opt/gz_msgs_vendor:/opt/ros/jazzy/opt/gz_common_vendor:/opt/ros/jazzy/opt/gz_math_vendor:/opt/ros/jazzy/opt/gz_utils_vendor:/opt/ros/jazzy/opt/gz_tools_vendor:/opt/ros/jazzy/opt/gz_ogre_next_vendor:/opt/ros/jazzy/opt/gz_dartsim_vendor:/opt/ros/jazzy/opt/gz_cmake_vendor:/home/amightyk05/ros2_sw/install/omni_base_bringup:/home/amightyk05/ros2_sw/install/omni_base_description:/home/amightyk05/ros2_sw/install/omni_base_controller_configuration:/home/amightyk05/ros2_sw/install/my_robot_bringup:/opt/ros/jazzy:/home/amightyk05/ros2_sw/install/launch_pal PYTHONPATH=/home/amightyk05/ros2_sw/install/launch_pal/lib/python3.12/site-packages:/opt/ros/jazzy/lib/python3.12/site-packages:/home/amightyk05/ros2_sw/install/omni_base_description/lib/python3.12/site-packages /usr/bin/cmake /home/amightyk05/ros2_sw/src/omni_based_robot/omni_base_description -DCMAKE_INSTALL_PREFIX=/home/amightyk05/ros2_sw/install/omni_base_description
[0.422s] Invoking command in '/home/amightyk05/ros2_sw/build/omni_base_description': AMENT_PREFIX_PATH=/home/amightyk05/ros2_sw/install/launch_pal:/opt/ros/jazzy:/home/amightyk05/ros2_sw/install/omni_base_bringup:/home/amightyk05/ros2_sw/install/omni_base_description:/home/amightyk05/ros2_sw/install/pal_urdf_utils:/home/amightyk05/ros2_sw/install/omni_base_controller_configuration:/home/amightyk05/ros2_sw/install/my_robot_bringup CMAKE_PREFIX_PATH=/home/amightyk05/ros2_sw/install/pal_urdf_utils:/opt/ros/jazzy/opt/gz_sim_vendor:/opt/ros/jazzy/opt/gz_sensors_vendor:/opt/ros/jazzy/opt/gz_physics_vendor:/opt/ros/jazzy/opt/sdformat_vendor:/opt/ros/jazzy/opt/gz_gui_vendor:/opt/ros/jazzy/opt/gz_transport_vendor:/opt/ros/jazzy/opt/gz_rendering_vendor:/opt/ros/jazzy/opt/gz_plugin_vendor:/opt/ros/jazzy/opt/gz_fuel_tools_vendor:/opt/ros/jazzy/opt/gz_msgs_vendor:/opt/ros/jazzy/opt/gz_common_vendor:/opt/ros/jazzy/opt/gz_math_vendor:/opt/ros/jazzy/opt/gz_utils_vendor:/opt/ros/jazzy/opt/gz_tools_vendor:/opt/ros/jazzy/opt/gz_ogre_next_vendor:/opt/ros/jazzy/opt/gz_dartsim_vendor:/opt/ros/jazzy/opt/gz_cmake_vendor:/home/amightyk05/ros2_sw/install/omni_base_bringup:/home/amightyk05/ros2_sw/install/omni_base_description:/home/amightyk05/ros2_sw/install/omni_base_controller_configuration:/home/amightyk05/ros2_sw/install/my_robot_bringup:/opt/ros/jazzy:/home/amightyk05/ros2_sw/install/launch_pal PYTHONPATH=/home/amightyk05/ros2_sw/install/launch_pal/lib/python3.12/site-packages:/opt/ros/jazzy/lib/python3.12/site-packages:/home/amightyk05/ros2_sw/install/omni_base_description/lib/python3.12/site-packages /usr/bin/cmake --build /home/amightyk05/ros2_sw/build/omni_base_description -- -j20 -l20
[0.492s] Built target ament_cmake_python_symlink_omni_base_description
[0.651s] running egg_info
[0.663s] writing omni_base_description.egg-info/PKG-INFO
[0.663s] writing dependency_links to omni_base_description.egg-info/dependency_links.txt
[0.663s] writing top-level names to omni_base_description.egg-info/top_level.txt
[0.699s] reading manifest file 'omni_base_description.egg-info/SOURCES.txt'
[0.699s] writing manifest file 'omni_base_description.egg-info/SOURCES.txt'
[0.721s] Built target ament_cmake_python_build_omni_base_description_egg
[0.732s] Invoked command in '/home/amightyk05/ros2_sw/build/omni_base_description' returned '0': AMENT_PREFIX_PATH=/home/amightyk05/ros2_sw/install/launch_pal:/opt/ros/jazzy:/home/amightyk05/ros2_sw/install/omni_base_bringup:/home/amightyk05/ros2_sw/install/omni_base_description:/home/amightyk05/ros2_sw/install/pal_urdf_utils:/home/amightyk05/ros2_sw/install/omni_base_controller_configuration:/home/amightyk05/ros2_sw/install/my_robot_bringup CMAKE_PREFIX_PATH=/home/amightyk05/ros2_sw/install/pal_urdf_utils:/opt/ros/jazzy/opt/gz_sim_vendor:/opt/ros/jazzy/opt/gz_sensors_vendor:/opt/ros/jazzy/opt/gz_physics_vendor:/opt/ros/jazzy/opt/sdformat_vendor:/opt/ros/jazzy/opt/gz_gui_vendor:/opt/ros/jazzy/opt/gz_transport_vendor:/opt/ros/jazzy/opt/gz_rendering_vendor:/opt/ros/jazzy/opt/gz_plugin_vendor:/opt/ros/jazzy/opt/gz_fuel_tools_vendor:/opt/ros/jazzy/opt/gz_msgs_vendor:/opt/ros/jazzy/opt/gz_common_vendor:/opt/ros/jazzy/opt/gz_math_vendor:/opt/ros/jazzy/opt/gz_utils_vendor:/opt/ros/jazzy/opt/gz_tools_vendor:/opt/ros/jazzy/opt/gz_ogre_next_vendor:/opt/ros/jazzy/opt/gz_dartsim_vendor:/opt/ros/jazzy/opt/gz_cmake_vendor:/home/amightyk05/ros2_sw/install/omni_base_bringup:/home/amightyk05/ros2_sw/install/omni_base_description:/home/amightyk05/ros2_sw/install/omni_base_controller_configuration:/home/amightyk05/ros2_sw/install/my_robot_bringup:/opt/ros/jazzy:/home/amightyk05/ros2_sw/install/launch_pal PYTHONPATH=/home/amightyk05/ros2_sw/install/launch_pal/lib/python3.12/site-packages:/opt/ros/jazzy/lib/python3.12/site-packages:/home/amightyk05/ros2_sw/install/omni_base_description/lib/python3.12/site-packages /usr/bin/cmake --build /home/amightyk05/ros2_sw/build/omni_base_description -- -j20 -l20
[0.733s] Invoking command in '/home/amightyk05/ros2_sw/build/omni_base_description': AMENT_PREFIX_PATH=/home/amightyk05/ros2_sw/install/launch_pal:/opt/ros/jazzy:/home/amightyk05/ros2_sw/install/omni_base_bringup:/home/amightyk05/ros2_sw/install/omni_base_description:/home/amightyk05/ros2_sw/install/pal_urdf_utils:/home/amightyk05/ros2_sw/install/omni_base_controller_configuration:/home/amightyk05/ros2_sw/install/my_robot_bringup CMAKE_PREFIX_PATH=/home/amightyk05/ros2_sw/install/pal_urdf_utils:/opt/ros/jazzy/opt/gz_sim_vendor:/opt/ros/jazzy/opt/gz_sensors_vendor:/opt/ros/jazzy/opt/gz_physics_vendor:/opt/ros/jazzy/opt/sdformat_vendor:/opt/ros/jazzy/opt/gz_gui_vendor:/opt/ros/jazzy/opt/gz_transport_vendor:/opt/ros/jazzy/opt/gz_rendering_vendor:/opt/ros/jazzy/opt/gz_plugin_vendor:/opt/ros/jazzy/opt/gz_fuel_tools_vendor:/opt/ros/jazzy/opt/gz_msgs_vendor:/opt/ros/jazzy/opt/gz_common_vendor:/opt/ros/jazzy/opt/gz_math_vendor:/opt/ros/jazzy/opt/gz_utils_vendor:/opt/ros/jazzy/opt/gz_tools_vendor:/opt/ros/jazzy/opt/gz_ogre_next_vendor:/opt/ros/jazzy/opt/gz_dartsim_vendor:/opt/ros/jazzy/opt/gz_cmake_vendor:/home/amightyk05/ros2_sw/install/omni_base_bringup:/home/amightyk05/ros2_sw/install/omni_base_description:/home/amightyk05/ros2_sw/install/omni_base_controller_configuration:/home/amightyk05/ros2_sw/install/my_robot_bringup:/opt/ros/jazzy:/home/amightyk05/ros2_sw/install/launch_pal PYTHONPATH=/home/amightyk05/ros2_sw/install/launch_pal/lib/python3.12/site-packages:/opt/ros/jazzy/lib/python3.12/site-packages:/home/amightyk05/ros2_sw/install/omni_base_description/lib/python3.12/site-packages /usr/bin/cmake --install /home/amightyk05/ros2_sw/build/omni_base_description
[0.742s] -- Install configuration: ""
[0.743s] -- Execute custom install script
[0.743s] -- Up-to-date symlink: /home/amightyk05/ros2_sw/install/omni_base_description/share/omni_base_description/environment/pythonpath.sh
[0.743s] -- Up-to-date symlink: /home/amightyk05/ros2_sw/install/omni_base_description/share/omni_base_description/environment/pythonpath.dsv
[0.743s] -- Up-to-date symlink: /home/amightyk05/ros2_sw/install/omni_base_description/lib/python3.12/site-packages/omni_base_description-2.0.19-py3.12.egg-info/PKG-INFO
[0.743s] -- Up-to-date symlink: /home/amightyk05/ros2_sw/install/omni_base_description/lib/python3.12/site-packages/omni_base_description-2.0.19-py3.12.egg-info/SOURCES.txt
[0.744s] -- Up-to-date symlink: /home/amightyk05/ros2_sw/install/omni_base_description/lib/python3.12/site-packages/omni_base_description-2.0.19-py3.12.egg-info/dependency_links.txt
[0.744s] -- Up-to-date symlink: /home/amightyk05/ros2_sw/install/omni_base_description/lib/python3.12/site-packages/omni_base_description-2.0.19-py3.12.egg-info/top_level.txt
[0.744s] -- Up-to-date symlink: /home/amightyk05/ros2_sw/install/omni_base_description/lib/python3.12/site-packages/omni_base_description/__init__.py
[0.744s] -- Up-to-date symlink: /home/amightyk05/ros2_sw/install/omni_base_description/lib/python3.12/site-packages/omni_base_description/launch_arguments.py
[0.745s] -- Up-to-date symlink: /home/amightyk05/ros2_sw/install/omni_base_description/share/omni_base_description/rviz/omni_base.rviz
[0.745s] -- Up-to-date symlink: /home/amightyk05/ros2_sw/install/omni_base_description/share/omni_base_description/launch/Gazebo_w_control.launch.py
[0.745s] -- Up-to-date symlink: /home/amightyk05/ros2_sw/install/omni_base_description/share/omni_base_description/launch/gazebo.launch.py
[0.745s] -- Up-to-date symlink: /home/amightyk05/ros2_sw/install/omni_base_description/share/omni_base_description/launch/robot_state_publisher.launch.py
[0.745s] -- Up-to-date symlink: /home/amightyk05/ros2_sw/install/omni_base_description/share/omni_base_description/launch/show.launch.py
[0.746s] -- Up-to-date symlink: /home/amightyk05/ros2_sw/install/omni_base_description/share/omni_base_description/meshes/base/base_antena_link.stl
[0.746s] -- Up-to-date symlink: /home/amightyk05/ros2_sw/install/omni_base_description/share/omni_base_description/meshes/base/base_dock_link.stl
[0.746s] -- Up-to-date symlink: /home/amightyk05/ros2_sw/install/omni_base_description/share/omni_base_description/meshes/base/base_link.stl
[0.746s] -- Up-to-date symlink: /home/amightyk05/ros2_sw/install/omni_base_description/share/omni_base_description/meshes/cameras_add_on/cameras_add_on.stl
[0.746s] -- Up-to-date symlink: /home/amightyk05/ros2_sw/install/omni_base_description/share/omni_base_description/meshes/sensors/hokuyo_urg_04lx_ug01.stl
[0.746s] -- Up-to-date symlink: /home/amightyk05/ros2_sw/install/omni_base_description/share/omni_base_description/meshes/sensors/sick_tim551.stl
[0.746s] -- Up-to-date symlink: /home/amightyk05/ros2_sw/install/omni_base_description/share/omni_base_description/meshes/wheels/suspension_front_link.stl
[0.747s] -- Up-to-date symlink: /home/amightyk05/ros2_sw/install/omni_base_description/share/omni_base_description/meshes/wheels/suspension_rear_link.stl
[0.747s] -- Up-to-date symlink: /home/amightyk05/ros2_sw/install/omni_base_description/share/omni_base_description/meshes/wheels/wheel_link.stl
[0.747s] -- Up-to-date symlink: /home/amightyk05/ros2_sw/install/omni_base_description/share/omni_base_description/config/omni_base_configuration.yaml
[0.747s] -- Up-to-date symlink: /home/amightyk05/ros2_sw/install/omni_base_description/share/omni_base_description/robots/omni_base.urdf.xacro
[0.748s] -- Up-to-date symlink: /home/amightyk05/ros2_sw/install/omni_base_description/share/omni_base_description/ros2_control/gazebo_controller_manager_cfg.yaml
[0.748s] -- Up-to-date symlink: /home/amightyk05/ros2_sw/install/omni_base_description/share/omni_base_description/ros2_control/ros2_control.urdf.xacro
[0.748s] -- Up-to-date symlink: /home/amightyk05/ros2_sw/install/omni_base_description/share/omni_base_description/urdf/base/base.gazebo.xacro
[0.748s] -- Up-to-date symlink: /home/amightyk05/ros2_sw/install/omni_base_description/share/omni_base_description/urdf/base/base.urdf.xacro
[0.749s] -- Up-to-date symlink: /home/amightyk05/ros2_sw/install/omni_base_description/share/omni_base_description/urdf/base/base_sensors.urdf.xacro
[0.749s] -- Up-to-date symlink: /home/amightyk05/ros2_sw/install/omni_base_description/share/omni_base_description/urdf/cameras_add_on/base_omni_base_calib.urdf.xacro
[0.749s] -- Up-to-date symlink: /home/amightyk05/ros2_sw/install/omni_base_description/share/omni_base_description/urdf/cameras_add_on/cameras_add_on.urdf.xacro
[0.749s] -- Up-to-date symlink: /home/amightyk05/ros2_sw/install/omni_base_description/share/omni_base_description/urdf/objects/antenna.urdf.xacro
[0.749s] -- Up-to-date symlink: /home/amightyk05/ros2_sw/install/omni_base_description/share/omni_base_description/urdf/sensors/courier.urdf.xacro
[0.749s] -- Up-to-date symlink: /home/amightyk05/ros2_sw/install/omni_base_description/share/omni_base_description/urdf/sensors/hokuyo_urg_04lx_ug01_laser.gazebo.xacro
[0.749s] -- Up-to-date symlink: /home/amightyk05/ros2_sw/install/omni_base_description/share/omni_base_description/urdf/sensors/hokuyo_urg_04lx_ug01_laser.urdf.xacro
[0.749s] -- Up-to-date symlink: /home/amightyk05/ros2_sw/install/omni_base_description/share/omni_base_description/urdf/sensors/imu.gazebo.xacro
[0.749s] -- Up-to-date symlink: /home/amightyk05/ros2_sw/install/omni_base_description/share/omni_base_description/urdf/sensors/imu.urdf.xacro
[0.750s] -- Up-to-date symlink: /home/amightyk05/ros2_sw/install/omni_base_description/share/omni_base_description/urdf/sensors/sensors.ros2_control.xacro
[0.750s] -- Up-to-date symlink: /home/amightyk05/ros2_sw/install/omni_base_description/share/omni_base_description/urdf/sensors/sick_tim551_laser.gazebo.xacro
[0.750s] -- Up-to-date symlink: /home/amightyk05/ros2_sw/install/omni_base_description/share/omni_base_description/urdf/sensors/sick_tim551_laser.urdf.xacro
[0.750s] -- Up-to-date symlink: /home/amightyk05/ros2_sw/install/omni_base_description/share/omni_base_description/urdf/sensors/sick_tim561_laser.gazebo.xacro
[0.750s] -- Up-to-date symlink: /home/amightyk05/ros2_sw/install/omni_base_description/share/omni_base_description/urdf/sensors/sick_tim561_laser.urdf.xacro
[0.750s] -- Up-to-date symlink: /home/amightyk05/ros2_sw/install/omni_base_description/share/omni_base_description/urdf/sensors/sick_tim571_laser.gazebo.xacro
[0.750s] -- Up-to-date symlink: /home/amightyk05/ros2_sw/install/omni_base_description/share/omni_base_description/urdf/sensors/sick_tim571_laser.urdf.xacro
[0.750s] -- Up-to-date symlink: /home/amightyk05/ros2_sw/install/omni_base_description/share/omni_base_description/urdf/wheels/wheel.gazebo.xacro
[0.750s] -- Up-to-date symlink: /home/amightyk05/ros2_sw/install/omni_base_description/share/omni_base_description/urdf/wheels/wheel.ros2_control.xacro
[0.751s] -- Up-to-date symlink: /home/amightyk05/ros2_sw/install/omni_base_description/share/omni_base_description/urdf/wheels/wheel.urdf.xacro
[0.751s] -- Up-to-date symlink: /home/amightyk05/ros2_sw/install/omni_base_description/share/ament_index/resource_index/package_run_dependencies/omni_base_description
[0.751s] -- Up-to-date symlink: /home/amightyk05/ros2_sw/install/omni_base_description/share/ament_index/resource_index/parent_prefix_path/omni_base_description
[0.751s] -- Up-to-date symlink: /home/amightyk05/ros2_sw/install/omni_base_description/share/omni_base_description/environment/ament_prefix_path.sh
[0.751s] -- Up-to-date symlink: /home/amightyk05/ros2_sw/install/omni_base_description/share/omni_base_description/environment/ament_prefix_path.dsv
[0.751s] -- Up-to-date symlink: /home/amightyk05/ros2_sw/install/omni_base_description/share/omni_base_description/environment/path.sh
[0.752s] -- Up-to-date symlink: /home/amightyk05/ros2_sw/install/omni_base_description/share/omni_base_description/environment/path.dsv
[0.752s] -- Up-to-date symlink: /home/amightyk05/ros2_sw/install/omni_base_description/share/omni_base_description/local_setup.bash
[0.752s] -- Up-to-date symlink: /home/amightyk05/ros2_sw/install/omni_base_description/share/omni_base_description/local_setup.sh
[0.752s] -- Up-to-date symlink: /home/amightyk05/ros2_sw/install/omni_base_description/share/omni_base_description/local_setup.zsh
[0.752s] -- Up-to-date symlink: /home/amightyk05/ros2_sw/install/omni_base_description/share/omni_base_description/local_setup.dsv
[0.752s] -- Symlinking: /home/amightyk05/ros2_sw/install/omni_base_description/share/omni_base_description/package.dsv
[0.761s] -- Up-to-date symlink: /home/amightyk05/ros2_sw/install/omni_base_description/share/ament_index/resource_index/packages/omni_base_description
[0.761s] -- Up-to-date symlink: /home/amightyk05/ros2_sw/install/omni_base_description/share/omni_base_description/cmake/omni_base_descriptionConfig.cmake
[0.761s] -- Up-to-date symlink: /home/amightyk05/ros2_sw/install/omni_base_description/share/omni_base_description/cmake/omni_base_descriptionConfig-version.cmake
[0.761s] -- Up-to-date symlink: /home/amightyk05/ros2_sw/install/omni_base_description/share/omni_base_description/package.xml
[0.797s] Listing '/home/amightyk05/ros2_sw/install/omni_base_description/lib/python3.12/site-packages/omni_base_description'...
[0.802s] Invoked command in '/home/amightyk05/ros2_sw/build/omni_base_description' returned '0': AMENT_PREFIX_PATH=/home/amightyk05/ros2_sw/install/launch_pal:/opt/ros/jazzy:/home/amightyk05/ros2_sw/install/omni_base_bringup:/home/amightyk05/ros2_sw/install/omni_base_description:/home/amightyk05/ros2_sw/install/pal_urdf_utils:/home/amightyk05/ros2_sw/install/omni_base_controller_configuration:/home/amightyk05/ros2_sw/install/my_robot_bringup CMAKE_PREFIX_PATH=/home/amightyk05/ros2_sw/install/pal_urdf_utils:/opt/ros/jazzy/opt/gz_sim_vendor:/opt/ros/jazzy/opt/gz_sensors_vendor:/opt/ros/jazzy/opt/gz_physics_vendor:/opt/ros/jazzy/opt/sdformat_vendor:/opt/ros/jazzy/opt/gz_gui_vendor:/opt/ros/jazzy/opt/gz_transport_vendor:/opt/ros/jazzy/opt/gz_rendering_vendor:/opt/ros/jazzy/opt/gz_plugin_vendor:/opt/ros/jazzy/opt/gz_fuel_tools_vendor:/opt/ros/jazzy/opt/gz_msgs_vendor:/opt/ros/jazzy/opt/gz_common_vendor:/opt/ros/jazzy/opt/gz_math_vendor:/opt/ros/jazzy/opt/gz_utils_vendor:/opt/ros/jazzy/opt/gz_tools_vendor:/opt/ros/jazzy/opt/gz_ogre_next_vendor:/opt/ros/jazzy/opt/gz_dartsim_vendor:/opt/ros/jazzy/opt/gz_cmake_vendor:/home/amightyk05/ros2_sw/install/omni_base_bringup:/home/amightyk05/ros2_sw/install/omni_base_description:/home/amightyk05/ros2_sw/install/omni_base_controller_configuration:/home/amightyk05/ros2_sw/install/my_robot_bringup:/opt/ros/jazzy:/home/amightyk05/ros2_sw/install/launch_pal PYTHONPATH=/home/amightyk05/ros2_sw/install/launch_pal/lib/python3.12/site-packages:/opt/ros/jazzy/lib/python3.12/site-packages:/home/amightyk05/ros2_sw/install/omni_base_description/lib/python3.12/site-packages /usr/bin/cmake --install /home/amightyk05/ros2_sw/build/omni_base_description
