[0.155s] Invoking command in '/home/amightyk05/ros2_sw/build/omni_base_controller_configuration': CMAKE_PREFIX_PATH=${CMAKE_PREFIX_PATH}:/opt/ros/jazzy:/home/amightyk05/ros2_sw/install/launch_pal /usr/bin/cmake --build /home/amightyk05/ros2_sw/build/omni_base_controller_configuration -- -j20 -l20
[0.198s] Invoked command in '/home/amightyk05/ros2_sw/build/omni_base_controller_configuration' returned '0': CMAKE_PREFIX_PATH=${CMAKE_PREFIX_PATH}:/opt/ros/jazzy:/home/amightyk05/ros2_sw/install/launch_pal /usr/bin/cmake --build /home/amightyk05/ros2_sw/build/omni_base_controller_configuration -- -j20 -l20
[0.198s] Invoking command in '/home/amightyk05/ros2_sw/build/omni_base_controller_configuration': CMAKE_PREFIX_PATH=${CMAKE_PREFIX_PATH}:/opt/ros/jazzy:/home/amightyk05/ros2_sw/install/launch_pal /usr/bin/cmake --install /home/amightyk05/ros2_sw/build/omni_base_controller_configuration
[0.206s] -- Install configuration: ""
[0.207s] -- Execute custom install script
[0.207s] -- Up-to-date symlink: /home/amightyk05/ros2_sw/install/omni_base_controller_configuration/share/omni_base_controller_configuration/config/imu_sensor_broadcaster.yaml
[0.208s] -- Up-to-date symlink: /home/amightyk05/ros2_sw/install/omni_base_controller_configuration/share/omni_base_controller_configuration/config/joint_state_broadcaster.yaml
[0.208s] -- Up-to-date symlink: /home/amightyk05/ros2_sw/install/omni_base_controller_configuration/share/omni_base_controller_configuration/config/mobile_base_controller.yaml
[0.208s] -- Up-to-date symlink: /home/amightyk05/ros2_sw/install/omni_base_controller_configuration/share/omni_base_controller_configuration/launch/default_controllers.launch.py
[0.208s] -- Up-to-date symlink: /home/amightyk05/ros2_sw/install/omni_base_controller_configuration/share/ament_index/resource_index/package_run_dependencies/omni_base_controller_configuration
[0.208s] -- Up-to-date symlink: /home/amightyk05/ros2_sw/install/omni_base_controller_configuration/share/ament_index/resource_index/parent_prefix_path/omni_base_controller_configuration
[0.208s] -- Up-to-date symlink: /home/amightyk05/ros2_sw/install/omni_base_controller_configuration/share/omni_base_controller_configuration/environment/ament_prefix_path.sh
[0.208s] -- Up-to-date symlink: /home/amightyk05/ros2_sw/install/omni_base_controller_configuration/share/omni_base_controller_configuration/environment/ament_prefix_path.dsv
[0.208s] -- Up-to-date symlink: /home/amightyk05/ros2_sw/install/omni_base_controller_configuration/share/omni_base_controller_configuration/environment/path.sh
[0.208s] -- Up-to-date symlink: /home/amightyk05/ros2_sw/install/omni_base_controller_configuration/share/omni_base_controller_configuration/environment/path.dsv
[0.208s] -- Up-to-date symlink: /home/amightyk05/ros2_sw/install/omni_base_controller_configuration/share/omni_base_controller_configuration/local_setup.bash
[0.208s] -- Up-to-date symlink: /home/amightyk05/ros2_sw/install/omni_base_controller_configuration/share/omni_base_controller_configuration/local_setup.sh
[0.208s] -- Up-to-date symlink: /home/amightyk05/ros2_sw/install/omni_base_controller_configuration/share/omni_base_controller_configuration/local_setup.zsh
[0.208s] -- Up-to-date symlink: /home/amightyk05/ros2_sw/install/omni_base_controller_configuration/share/omni_base_controller_configuration/local_setup.dsv
[0.208s] -- Symlinking: /home/amightyk05/ros2_sw/install/omni_base_controller_configuration/share/omni_base_controller_configuration/package.dsv
[0.218s] -- Up-to-date symlink: /home/amightyk05/ros2_sw/install/omni_base_controller_configuration/share/ament_index/resource_index/packages/omni_base_controller_configuration
[0.218s] -- Up-to-date symlink: /home/amightyk05/ros2_sw/install/omni_base_controller_configuration/share/omni_base_controller_configuration/cmake/omni_base_controller_configurationConfig.cmake
[0.218s] -- Up-to-date symlink: /home/amightyk05/ros2_sw/install/omni_base_controller_configuration/share/omni_base_controller_configuration/cmake/omni_base_controller_configurationConfig-version.cmake
[0.218s] -- Up-to-date symlink: /home/amightyk05/ros2_sw/install/omni_base_controller_configuration/share/omni_base_controller_configuration/package.xml
[0.223s] Invoked command in '/home/amightyk05/ros2_sw/build/omni_base_controller_configuration' returned '0': CMAKE_PREFIX_PATH=${CMAKE_PREFIX_PATH}:/opt/ros/jazzy:/home/amightyk05/ros2_sw/install/launch_pal /usr/bin/cmake --install /home/amightyk05/ros2_sw/build/omni_base_controller_configuration
