[0.030s] Invoking command in '/home/kostas/ros2_ws/build/yahboom_rosmaster_bringup': CMAKE_PREFIX_PATH=${CMAKE_PREFIX_PATH}:/opt/ros/jazzy DEBUGINFOD_URLS=https://debuginfod.ubuntu.com /usr/bin/cmake --build /home/kostas/ros2_ws/build/yahboom_rosmaster_bringup -- -j12 -l12
[0.190s] Invoked command in '/home/kostas/ros2_ws/build/yahboom_rosmaster_bringup' returned '0': CMAKE_PREFIX_PATH=${CMAKE_PREFIX_PATH}:/opt/ros/jazzy DEBUGINFOD_URLS=https://debuginfod.ubuntu.com /usr/bin/cmake --build /home/kostas/ros2_ws/build/yahboom_rosmaster_bringup -- -j12 -l12
[0.192s] Invoking command in '/home/kostas/ros2_ws/build/yahboom_rosmaster_bringup': CMAKE_PREFIX_PATH=${CMAKE_PREFIX_PATH}:/opt/ros/jazzy DEBUGINFOD_URLS=https://debuginfod.ubuntu.com /usr/bin/cmake --install /home/kostas/ros2_ws/build/yahboom_rosmaster_bringup
[0.212s] -- Install configuration: ""
[0.212s] -- Execute custom install script
[0.215s] -- Up-to-date symlink: /home/kostas/ros2_ws/install/yahboom_rosmaster_bringup/share/yahboom_rosmaster_bringup/launch/load_ros2_controllers.launch.py
[0.216s] -- Up-to-date symlink: /home/kostas/ros2_ws/install/yahboom_rosmaster_bringup/share/yahboom_rosmaster_bringup/launch/rosmaster_x3_navigation.launch.py
[0.216s] -- Up-to-date symlink: /home/kostas/ros2_ws/install/yahboom_rosmaster_bringup/share/yahboom_rosmaster_bringup/scripts/rosmaster_x3_gazebo.sh
[0.217s] -- Up-to-date symlink: /home/kostas/ros2_ws/install/yahboom_rosmaster_bringup/share/yahboom_rosmaster_bringup/scripts/rosmaster_x3_navigation.sh
[0.218s] -- Up-to-date symlink: /home/kostas/ros2_ws/install/yahboom_rosmaster_bringup/share/ament_index/resource_index/package_run_dependencies/yahboom_rosmaster_bringup
[0.219s] -- Up-to-date symlink: /home/kostas/ros2_ws/install/yahboom_rosmaster_bringup/share/ament_index/resource_index/parent_prefix_path/yahboom_rosmaster_bringup
[0.225s] -- Up-to-date symlink: /home/kostas/ros2_ws/install/yahboom_rosmaster_bringup/share/yahboom_rosmaster_bringup/environment/ament_prefix_path.sh
[0.225s] -- Up-to-date symlink: /home/kostas/ros2_ws/install/yahboom_rosmaster_bringup/share/yahboom_rosmaster_bringup/environment/ament_prefix_path.dsv
[0.228s] -- Up-to-date symlink: /home/kostas/ros2_ws/install/yahboom_rosmaster_bringup/share/yahboom_rosmaster_bringup/environment/path.sh
[0.228s] -- Up-to-date symlink: /home/kostas/ros2_ws/install/yahboom_rosmaster_bringup/share/yahboom_rosmaster_bringup/environment/path.dsv
[0.228s] -- Up-to-date symlink: /home/kostas/ros2_ws/install/yahboom_rosmaster_bringup/share/yahboom_rosmaster_bringup/local_setup.bash
[0.228s] -- Up-to-date symlink: /home/kostas/ros2_ws/install/yahboom_rosmaster_bringup/share/yahboom_rosmaster_bringup/local_setup.sh
[0.228s] -- Up-to-date symlink: /home/kostas/ros2_ws/install/yahboom_rosmaster_bringup/share/yahboom_rosmaster_bringup/local_setup.zsh
[0.229s] -- Up-to-date symlink: /home/kostas/ros2_ws/install/yahboom_rosmaster_bringup/share/yahboom_rosmaster_bringup/local_setup.dsv
[0.229s] -- Symlinking: /home/kostas/ros2_ws/install/yahboom_rosmaster_bringup/share/yahboom_rosmaster_bringup/package.dsv
[0.243s] -- Up-to-date symlink: /home/kostas/ros2_ws/install/yahboom_rosmaster_bringup/share/ament_index/resource_index/packages/yahboom_rosmaster_bringup
[0.243s] -- Up-to-date symlink: /home/kostas/ros2_ws/install/yahboom_rosmaster_bringup/share/yahboom_rosmaster_bringup/cmake/yahboom_rosmaster_bringupConfig.cmake
[0.244s] -- Up-to-date symlink: /home/kostas/ros2_ws/install/yahboom_rosmaster_bringup/share/yahboom_rosmaster_bringup/cmake/yahboom_rosmaster_bringupConfig-version.cmake
[0.245s] -- Up-to-date symlink: /home/kostas/ros2_ws/install/yahboom_rosmaster_bringup/share/yahboom_rosmaster_bringup/package.xml
[0.245s] Invoked command in '/home/kostas/ros2_ws/build/yahboom_rosmaster_bringup' returned '0': CMAKE_PREFIX_PATH=${CMAKE_PREFIX_PATH}:/opt/ros/jazzy DEBUGINFOD_URLS=https://debuginfod.ubuntu.com /usr/bin/cmake --install /home/kostas/ros2_ws/build/yahboom_rosmaster_bringup
