[0.161s] Invoking command in '/home/amightyk05/ros2_sw/build/omni_base_controller_configuration': CMAKE_PREFIX_PATH=${CMAKE_PREFIX_PATH}:/opt/ros/jazzy:/home/amightyk05/ros2_sw/install/launch_pal /usr/bin/cmake /home/amightyk05/ros2_sw/src/omni_based_robot/omni_base_controller_configuration -DAMENT_CMAKE_SYMLINK_INSTALL=1 -DCMAKE_INSTALL_PREFIX=/home/amightyk05/ros2_sw/install/omni_base_controller_configuration
[0.295s] -- The C compiler identification is GNU 13.3.0
[0.388s] -- The CXX compiler identification is GNU 13.3.0
[0.408s] -- Detecting C compiler ABI info
[0.498s] -- Detecting C compiler ABI info - done
[0.511s] -- Check for working C compiler: /usr/bin/cc - skipped
[0.511s] -- Detecting C compile features
[0.511s] -- Detecting C compile features - done
[0.518s] -- Detecting CXX compiler ABI info
[0.602s] -- Detecting CXX compiler ABI info - done
[0.608s] -- Check for working CXX compiler: /usr/bin/c++ - skipped
[0.609s] -- Detecting CXX compile features
[0.609s] -- Detecting CXX compile features - done
[0.616s] -- Found ament_cmake_auto: 2.5.6 (/opt/ros/jazzy/share/ament_cmake_auto/cmake)
[0.744s] -- Found Python3: /usr/bin/python3 (found version "3.12.3") found components: Interpreter 
[0.810s] -- Override CMake install command with custom implementation using symlinks instead of copying resources
[0.927s] -- Found ament_lint_auto: 0.17.5 (/opt/ros/jazzy/share/ament_lint_auto/cmake)
[0.951s] -- Added test 'copyright' to check source files copyright and LICENSE
[0.952s] -- Added test 'flake8' to check Python code syntax and style conventions
[0.952s] -- Configured 'flake8' exclude dirs and/or files: 
[0.954s] -- Added test 'lint_cmake' to check CMake code style
[0.954s] -- Added test 'pep257' to check Python code against some of the docstring style conventions in PEP 257
[0.955s] -- Added test 'xmllint' to check XML markup files
[0.957s] -- Configuring done (0.8s)
[0.959s] -- Generating done (0.0s)
[0.961s] -- Build files have been written to: /home/amightyk05/ros2_sw/build/omni_base_controller_configuration
[0.968s] Invoked command in '/home/amightyk05/ros2_sw/build/omni_base_controller_configuration' returned '0': CMAKE_PREFIX_PATH=${CMAKE_PREFIX_PATH}:/opt/ros/jazzy:/home/amightyk05/ros2_sw/install/launch_pal /usr/bin/cmake /home/amightyk05/ros2_sw/src/omni_based_robot/omni_base_controller_configuration -DAMENT_CMAKE_SYMLINK_INSTALL=1 -DCMAKE_INSTALL_PREFIX=/home/amightyk05/ros2_sw/install/omni_base_controller_configuration
[0.969s] Invoking command in '/home/amightyk05/ros2_sw/build/omni_base_controller_configuration': CMAKE_PREFIX_PATH=${CMAKE_PREFIX_PATH}:/opt/ros/jazzy:/home/amightyk05/ros2_sw/install/launch_pal /usr/bin/cmake --build /home/amightyk05/ros2_sw/build/omni_base_controller_configuration -- -j20 -l20
[1.008s] Invoked command in '/home/amightyk05/ros2_sw/build/omni_base_controller_configuration' returned '0': CMAKE_PREFIX_PATH=${CMAKE_PREFIX_PATH}:/opt/ros/jazzy:/home/amightyk05/ros2_sw/install/launch_pal /usr/bin/cmake --build /home/amightyk05/ros2_sw/build/omni_base_controller_configuration -- -j20 -l20
[1.009s] Invoking command in '/home/amightyk05/ros2_sw/build/omni_base_controller_configuration': CMAKE_PREFIX_PATH=${CMAKE_PREFIX_PATH}:/opt/ros/jazzy:/home/amightyk05/ros2_sw/install/launch_pal /usr/bin/cmake --install /home/amightyk05/ros2_sw/build/omni_base_controller_configuration
[1.015s] -- Install configuration: ""
[1.015s] -- Execute custom install script
[1.016s] -- Symlinking: /home/amightyk05/ros2_sw/install/omni_base_controller_configuration/share/omni_base_controller_configuration/config/imu_sensor_broadcaster.yaml
[1.022s] -- Symlinking: /home/amightyk05/ros2_sw/install/omni_base_controller_configuration/share/omni_base_controller_configuration/config/joint_state_broadcaster.yaml
[1.028s] -- Symlinking: /home/amightyk05/ros2_sw/install/omni_base_controller_configuration/share/omni_base_controller_configuration/config/mobile_base_controller.yaml
[1.033s] -- Symlinking: /home/amightyk05/ros2_sw/install/omni_base_controller_configuration/share/omni_base_controller_configuration/launch/default_controllers.launch.py
[1.042s] -- Symlinking: /home/amightyk05/ros2_sw/install/omni_base_controller_configuration/share/ament_index/resource_index/package_run_dependencies/omni_base_controller_configuration
[1.051s] -- Symlinking: /home/amightyk05/ros2_sw/install/omni_base_controller_configuration/share/ament_index/resource_index/parent_prefix_path/omni_base_controller_configuration
[1.057s] -- Symlinking: /home/amightyk05/ros2_sw/install/omni_base_controller_configuration/share/omni_base_controller_configuration/environment/ament_prefix_path.sh
[1.062s] -- Symlinking: /home/amightyk05/ros2_sw/install/omni_base_controller_configuration/share/omni_base_controller_configuration/environment/ament_prefix_path.dsv
[1.071s] -- Symlinking: /home/amightyk05/ros2_sw/install/omni_base_controller_configuration/share/omni_base_controller_configuration/environment/path.sh
[1.079s] -- Symlinking: /home/amightyk05/ros2_sw/install/omni_base_controller_configuration/share/omni_base_controller_configuration/environment/path.dsv
[1.087s] -- Symlinking: /home/amightyk05/ros2_sw/install/omni_base_controller_configuration/share/omni_base_controller_configuration/local_setup.bash
[1.095s] -- Symlinking: /home/amightyk05/ros2_sw/install/omni_base_controller_configuration/share/omni_base_controller_configuration/local_setup.sh
[1.102s] -- Symlinking: /home/amightyk05/ros2_sw/install/omni_base_controller_configuration/share/omni_base_controller_configuration/local_setup.zsh
[1.111s] -- Symlinking: /home/amightyk05/ros2_sw/install/omni_base_controller_configuration/share/omni_base_controller_configuration/local_setup.dsv
[1.117s] -- Symlinking: /home/amightyk05/ros2_sw/install/omni_base_controller_configuration/share/omni_base_controller_configuration/package.dsv
[1.126s] -- Symlinking: /home/amightyk05/ros2_sw/install/omni_base_controller_configuration/share/ament_index/resource_index/packages/omni_base_controller_configuration
[1.133s] -- Symlinking: /home/amightyk05/ros2_sw/install/omni_base_controller_configuration/share/omni_base_controller_configuration/cmake/omni_base_controller_configurationConfig.cmake
[1.139s] -- Symlinking: /home/amightyk05/ros2_sw/install/omni_base_controller_configuration/share/omni_base_controller_configuration/cmake/omni_base_controller_configurationConfig-version.cmake
[1.146s] -- Symlinking: /home/amightyk05/ros2_sw/install/omni_base_controller_configuration/share/omni_base_controller_configuration/package.xml
[1.155s] Invoked command in '/home/amightyk05/ros2_sw/build/omni_base_controller_configuration' returned '0': CMAKE_PREFIX_PATH=${CMAKE_PREFIX_PATH}:/opt/ros/jazzy:/home/amightyk05/ros2_sw/install/launch_pal /usr/bin/cmake --install /home/amightyk05/ros2_sw/build/omni_base_controller_configuration
