[0.018s] Invoking command in '/home/kostas/ros2_ws/build/yahboom_rosmaster_gazebo': CMAKE_PREFIX_PATH=${CMAKE_PREFIX_PATH}:/opt/ros/jazzy DEBUGINFOD_URLS=https://debuginfod.ubuntu.com /usr/bin/cmake /home/kostas/ros2_ws/src/yahboom_rosmaster/yahboom_rosmaster_gazebo -DAMENT_CMAKE_SYMLINK_INSTALL=1 -DCMAKE_INSTALL_PREFIX=/home/kostas/ros2_ws/install/yahboom_rosmaster_gazebo
[0.069s] -- The C compiler identification is GNU 13.3.0
[0.114s] -- The CXX compiler identification is GNU 13.3.0
[0.130s] -- Detecting C compiler ABI info
[0.214s] -- Detecting C compiler ABI info - done
[0.221s] -- Check for working C compiler: /usr/bin/cc - skipped
[0.222s] -- Detecting C compile features
[0.222s] -- Detecting C compile features - done
[0.230s] -- Detecting CXX compiler ABI info
[0.305s] -- Detecting CXX compiler ABI info - done
[0.316s] -- Check for working CXX compiler: /usr/bin/c++ - skipped
[0.316s] -- Detecting CXX compile features
[0.317s] -- Detecting CXX compile features - done
[0.321s] -- Found ament_cmake: 2.5.5 (/opt/ros/jazzy/share/ament_cmake/cmake)
[0.479s] -- Found Python3: /usr/bin/python3 (found version "3.12.3") found components: Interpreter 
[0.586s] -- Override CMake install command with custom implementation using symlinks instead of copying resources
[0.645s] -- Found controller_manager: 4.42.2 (/opt/ros/jazzy/share/controller_manager/cmake)
[0.719s] -- Found rosidl_generator_c: 4.6.7 (/opt/ros/jazzy/share/rosidl_generator_c/cmake)
[0.742s] -- Found rosidl_generator_cpp: 4.6.7 (/opt/ros/jazzy/share/rosidl_generator_cpp/cmake)
[0.769s] -- Using all available rosidl_typesupport_c: rosidl_typesupport_fastrtps_c;rosidl_typesupport_introspection_c
[0.794s] -- Using all available rosidl_typesupport_cpp: rosidl_typesupport_fastrtps_cpp;rosidl_typesupport_introspection_cpp
[0.864s] -- Found rmw_implementation_cmake: 7.3.3 (/opt/ros/jazzy/share/rmw_implementation_cmake/cmake)
[0.867s] -- Found rmw_fastrtps_cpp: 8.4.3 (/opt/ros/jazzy/share/rmw_fastrtps_cpp/cmake)
[0.935s] -- Found OpenSSL: /usr/lib/x86_64-linux-gnu/libcrypto.so (found version "3.0.13")  
[0.951s] -- Found FastRTPS: /opt/ros/jazzy/include (Required is at least version "2.13") 
[0.976s] -- Using RMW implementation 'rmw_fastrtps_cpp' as default
[1.448s] -- Found gz_ros2_control: 1.2.17 (/opt/ros/jazzy/share/gz_ros2_control/cmake)
[1.453s] -- Found ros_gz: 1.0.18 (/opt/ros/jazzy/share/ros_gz/cmake)
[1.455s] -- Found ros_gz_bridge: 1.0.18 (/opt/ros/jazzy/share/ros_gz_bridge/cmake)
[1.493s] -- Looking for gz-msgs10 -- found version 10.3.2
[1.499s] -- Searching for dependencies of gz-msgs10
[1.519s] -- Found Protobuf: /usr/lib/x86_64-linux-gnu/libprotobuf.so (found version "3.21.12") 
[1.521s] -- Looking for gz-utils2 -- found version 2.2.1
[1.521s] -- Searching for dependencies of gz-utils2
[1.523s] -- Looking for gz-math7 -- found version 7.5.2
[1.523s] -- Searching for dependencies of gz-math7
[1.523s] -- Looking for gz-utils2 -- found version 2.2.1
[1.529s] -- Checking for module 'tinyxml2'
[1.545s] --   Found tinyxml2, version 10.0.0
[1.580s] -- Looking for gz-transport13 -- found version 13.5.0
[1.580s] -- Searching for dependencies of gz-transport13
[1.607s] -- Config-file not installed for ZeroMQ -- checking for pkg-config
[1.612s] -- Checking for module 'libzmq >= 4'
[1.627s] --   Found libzmq, version 4.3.5
[1.662s] -- Found ZeroMQ: TRUE (Required is at least version "4") 
[1.670s] -- Checking for module 'uuid'
[1.684s] --   Found uuid, version 2.39.3
[1.715s] -- Found UUID: TRUE  
[1.716s] -- Looking for gz-utils2 -- found version 2.2.1
[1.716s] -- Searching for dependencies of gz-utils2
[1.716s] -- Searching for <gz-utils2> component [cli]
[1.717s] -- Looking for gz-utils2-cli -- found version 2.2.1
[1.718s] -- Searching for dependencies of gz-utils2-cli
[1.718s] -- Looking for gz-msgs10 -- found version 10.3.2
[1.846s] -- Found ros_gz_image: 1.0.18 (/opt/ros/jazzy/share/ros_gz_image/cmake)
[1.848s] -- Found ros_gz_sim: 1.0.18 (/opt/ros/jazzy/share/ros_gz_sim/cmake)
[1.872s] -- Found ros2_control: 4.42.2 (/opt/ros/jazzy/share/ros2_control/cmake)
[1.879s] [31mCMake Error at CMakeLists.txt:18 (find_package):
[1.879s]   By not providing "Findros2_controllers.cmake" in CMAKE_MODULE_PATH this
[1.879s]   project has asked CMake to find a package configuration file provided by
[1.880s]   "ros2_controllers", but CMake did not find one.
[1.880s] 
[1.880s]   Could not find a package configuration file provided by "ros2_controllers"
[1.880s]   with any of the following names:
[1.880s] 
[1.880s]     ros2_controllersConfig.cmake
[1.880s]     ros2_controllers-config.cmake
[1.880s] 
[1.880s]   Add the installation prefix of "ros2_controllers" to CMAKE_PREFIX_PATH or
[1.880s]   set "ros2_controllers_DIR" to a directory containing one of the above
[1.880s]   files.  If "ros2_controllers" provides a separate development package or
[1.881s]   SDK, be sure it has been installed.
[1.881s] 
[1.881s] [0m
[1.881s] -- Configuring incomplete, errors occurred!
