[0.041s] Invoking command in '/home/kostas/ros2_ws/build/mecanum_drive_controller': CMAKE_PREFIX_PATH=${CMAKE_PREFIX_PATH}:/opt/ros/jazzy DEBUGINFOD_URLS=https://debuginfod.ubuntu.com /usr/bin/cmake --build /home/kostas/ros2_ws/build/mecanum_drive_controller -- -j12 -l12
[0.175s] [ 33%] Built target mecanum_drive_controller_parameters
[0.249s] [100%] Built target mecanum_drive_controller
[0.284s] Invoked command in '/home/kostas/ros2_ws/build/mecanum_drive_controller' returned '0': CMAKE_PREFIX_PATH=${CMAKE_PREFIX_PATH}:/opt/ros/jazzy DEBUGINFOD_URLS=https://debuginfod.ubuntu.com /usr/bin/cmake --build /home/kostas/ros2_ws/build/mecanum_drive_controller -- -j12 -l12
[0.286s] Invoking command in '/home/kostas/ros2_ws/build/mecanum_drive_controller': CMAKE_PREFIX_PATH=${CMAKE_PREFIX_PATH}:/opt/ros/jazzy DEBUGINFOD_URLS=https://debuginfod.ubuntu.com /usr/bin/cmake --install /home/kostas/ros2_ws/build/mecanum_drive_controller
[0.296s] -- Install configuration: ""
[0.296s] -- Execute custom install script
[0.298s] -- Up-to-date symlink: /home/kostas/ros2_ws/install/mecanum_drive_controller/include/mecanum_drive_controller/mecanum_drive_controller_parameters.hpp
[0.299s] -- Up-to-date symlink: /home/kostas/ros2_ws/install/mecanum_drive_controller/share/mecanum_drive_controller//mecanum_drive_plugin.xml
[0.299s] -- Up-to-date symlink: /home/kostas/ros2_ws/install/mecanum_drive_controller/include/mecanum_drive_controller/mecanum_drive_controller/mecanum_drive_controller.hpp
[0.300s] -- Up-to-date symlink: /home/kostas/ros2_ws/install/mecanum_drive_controller/include/mecanum_drive_controller/mecanum_drive_controller/odometry.hpp
[0.300s] -- Up-to-date symlink: /home/kostas/ros2_ws/install/mecanum_drive_controller/include/mecanum_drive_controller/mecanum_drive_controller/speed_limiter.hpp
[0.300s] -- Up-to-date symlink: /home/kostas/ros2_ws/install/mecanum_drive_controller/include/mecanum_drive_controller/mecanum_drive_controller/visibility_control.h
[0.301s] -- Up-to-date symlink: /home/kostas/ros2_ws/install/mecanum_drive_controller/share/mecanum_drive_controller/environment/library_path.sh
[0.301s] -- Up-to-date symlink: /home/kostas/ros2_ws/install/mecanum_drive_controller/share/mecanum_drive_controller/environment/library_path.dsv
[0.303s] -- Up-to-date symlink: /home/kostas/ros2_ws/install/mecanum_drive_controller/share/ament_index/resource_index/package_run_dependencies/mecanum_drive_controller
[0.304s] -- Up-to-date symlink: /home/kostas/ros2_ws/install/mecanum_drive_controller/share/ament_index/resource_index/parent_prefix_path/mecanum_drive_controller
[0.304s] -- Up-to-date symlink: /home/kostas/ros2_ws/install/mecanum_drive_controller/share/mecanum_drive_controller/environment/ament_prefix_path.sh
[0.305s] -- Up-to-date symlink: /home/kostas/ros2_ws/install/mecanum_drive_controller/share/mecanum_drive_controller/environment/ament_prefix_path.dsv
[0.305s] -- Up-to-date symlink: /home/kostas/ros2_ws/install/mecanum_drive_controller/share/mecanum_drive_controller/environment/path.sh
[0.306s] -- Up-to-date symlink: /home/kostas/ros2_ws/install/mecanum_drive_controller/share/mecanum_drive_controller/environment/path.dsv
[0.306s] -- Up-to-date symlink: /home/kostas/ros2_ws/install/mecanum_drive_controller/share/mecanum_drive_controller/local_setup.bash
[0.307s] -- Up-to-date symlink: /home/kostas/ros2_ws/install/mecanum_drive_controller/share/mecanum_drive_controller/local_setup.sh
[0.307s] -- Up-to-date symlink: /home/kostas/ros2_ws/install/mecanum_drive_controller/share/mecanum_drive_controller/local_setup.zsh
[0.307s] -- Up-to-date symlink: /home/kostas/ros2_ws/install/mecanum_drive_controller/share/mecanum_drive_controller/local_setup.dsv
[0.307s] -- Symlinking: /home/kostas/ros2_ws/install/mecanum_drive_controller/share/mecanum_drive_controller/package.dsv
[0.320s] -- Up-to-date symlink: /home/kostas/ros2_ws/install/mecanum_drive_controller/share/ament_index/resource_index/packages/mecanum_drive_controller
[0.321s] -- Up-to-date symlink: /home/kostas/ros2_ws/install/mecanum_drive_controller/share/ament_index/resource_index/controller_interface__pluginlib__plugin/mecanum_drive_controller
[0.321s] -- Up-to-date symlink: /home/kostas/ros2_ws/install/mecanum_drive_controller/share/mecanum_drive_controller/cmake/ament_cmake_export_dependencies-extras.cmake
[0.321s] -- Up-to-date symlink: /home/kostas/ros2_ws/install/mecanum_drive_controller/share/mecanum_drive_controller/cmake/ament_cmake_export_targets-extras.cmake
[0.321s] -- Up-to-date symlink: /home/kostas/ros2_ws/install/mecanum_drive_controller/share/mecanum_drive_controller/cmake/mecanum_drive_controllerConfig.cmake
[0.322s] -- Up-to-date symlink: /home/kostas/ros2_ws/install/mecanum_drive_controller/share/mecanum_drive_controller/cmake/mecanum_drive_controllerConfig-version.cmake
[0.322s] -- Up-to-date symlink: /home/kostas/ros2_ws/install/mecanum_drive_controller/share/mecanum_drive_controller/package.xml
[0.323s] -- Up-to-date: /home/kostas/ros2_ws/install/mecanum_drive_controller/lib/libmecanum_drive_controller.so
[0.323s] -- Up-to-date: /home/kostas/ros2_ws/install/mecanum_drive_controller/share/mecanum_drive_controller/cmake/export_mecanum_drive_controllerExport.cmake
[0.324s] -- Up-to-date: /home/kostas/ros2_ws/install/mecanum_drive_controller/share/mecanum_drive_controller/cmake/export_mecanum_drive_controllerExport-noconfig.cmake
[0.335s] Invoked command in '/home/kostas/ros2_ws/build/mecanum_drive_controller' returned '0': CMAKE_PREFIX_PATH=${CMAKE_PREFIX_PATH}:/opt/ros/jazzy DEBUGINFOD_URLS=https://debuginfod.ubuntu.com /usr/bin/cmake --install /home/kostas/ros2_ws/build/mecanum_drive_controller
