-- Found ament_cmake_auto: 2.5.6 (/opt/ros/jazzy/share/ament_cmake_auto/cmake)
-- Override CMake install command with custom implementation using symlinks instead of copying resources
-- Found ament_lint_auto: 0.17.5 (/opt/ros/jazzy/share/ament_lint_auto/cmake)
-- Added test 'copyright' to check source files copyright and LICENSE
-- Added test 'flake8' to check Python code syntax and style conventions
-- Configured 'flake8' exclude dirs and/or files: 
-- Added test 'lint_cmake' to check CMake code style
-- Added test 'pep257' to check Python code against some of the docstring style conventions in PEP 257
-- Added test 'xmllint' to check XML markup files
-- Configuring done (0.3s)
-- Generating done (0.0s)
-- Build files have been written to: /home/amightyk05/ros2_sw/build/omni_base_bringup
-- Install configuration: ""
-- Execute custom install script
-- Up-to-date symlink: /home/amightyk05/ros2_sw/install/omni_base_bringup/share/omni_base_bringup/config/joy_teleop/joy_config.yaml
-- Up-to-date symlink: /home/amightyk05/ros2_sw/install/omni_base_bringup/share/omni_base_bringup/config/joy_teleop/joy_teleop.yaml
-- Up-to-date symlink: /home/amightyk05/ros2_sw/install/omni_base_bringup/share/omni_base_bringup/config/twist_mux/joystick.yaml
-- Up-to-date symlink: /home/amightyk05/ros2_sw/install/omni_base_bringup/share/omni_base_bringup/config/twist_mux/twist_mux_locks.yaml
-- Up-to-date symlink: /home/amightyk05/ros2_sw/install/omni_base_bringup/share/omni_base_bringup/config/twist_mux/twist_mux_topics.yaml
-- Up-to-date symlink: /home/amightyk05/ros2_sw/install/omni_base_bringup/share/omni_base_bringup/launch/joystick_teleop.launch.py
-- Up-to-date symlink: /home/amightyk05/ros2_sw/install/omni_base_bringup/share/omni_base_bringup/launch/omni_base_bringup.launch.py
-- Up-to-date symlink: /home/amightyk05/ros2_sw/install/omni_base_bringup/share/omni_base_bringup/launch/twist_mux.launch.py
-- Up-to-date symlink: /home/amightyk05/ros2_sw/install/omni_base_bringup/share/ament_index/resource_index/package_run_dependencies/omni_base_bringup
-- Up-to-date symlink: /home/amightyk05/ros2_sw/install/omni_base_bringup/share/ament_index/resource_index/parent_prefix_path/omni_base_bringup
-- Up-to-date symlink: /home/amightyk05/ros2_sw/install/omni_base_bringup/share/omni_base_bringup/environment/ament_prefix_path.sh
-- Up-to-date symlink: /home/amightyk05/ros2_sw/install/omni_base_bringup/share/omni_base_bringup/environment/ament_prefix_path.dsv
-- Up-to-date symlink: /home/amightyk05/ros2_sw/install/omni_base_bringup/share/omni_base_bringup/environment/path.sh
-- Up-to-date symlink: /home/amightyk05/ros2_sw/install/omni_base_bringup/share/omni_base_bringup/environment/path.dsv
-- Up-to-date symlink: /home/amightyk05/ros2_sw/install/omni_base_bringup/share/omni_base_bringup/local_setup.bash
-- Up-to-date symlink: /home/amightyk05/ros2_sw/install/omni_base_bringup/share/omni_base_bringup/local_setup.sh
-- Up-to-date symlink: /home/amightyk05/ros2_sw/install/omni_base_bringup/share/omni_base_bringup/local_setup.zsh
-- Up-to-date symlink: /home/amightyk05/ros2_sw/install/omni_base_bringup/share/omni_base_bringup/local_setup.dsv
-- Symlinking: /home/amightyk05/ros2_sw/install/omni_base_bringup/share/omni_base_bringup/package.dsv
-- Up-to-date symlink: /home/amightyk05/ros2_sw/install/omni_base_bringup/share/ament_index/resource_index/packages/omni_base_bringup
-- Up-to-date symlink: /home/amightyk05/ros2_sw/install/omni_base_bringup/share/omni_base_bringup/cmake/omni_base_bringupConfig.cmake
-- Up-to-date symlink: /home/amightyk05/ros2_sw/install/omni_base_bringup/share/omni_base_bringup/cmake/omni_base_bringupConfig-version.cmake
-- Up-to-date symlink: /home/amightyk05/ros2_sw/install/omni_base_bringup/share/omni_base_bringup/package.xml
