[0.038s] Invoking command in '/home/kostas/ros2_ws/build/yahboom_rosmaster_msgs': CMAKE_PREFIX_PATH=${CMAKE_PREFIX_PATH}:/opt/ros/jazzy DEBUGINFOD_URLS=https://debuginfod.ubuntu.com /usr/bin/cmake --build /home/kostas/ros2_ws/build/yahboom_rosmaster_msgs -- -j12 -l12
[0.128s] [  0%] Built target ament_cmake_python_symlink_yahboom_rosmaster_msgs
[0.148s] [  2%] Built target yahboom_rosmaster_msgs__rosidl_generator_type_description
[0.189s] [ 20%] Built target yahboom_rosmaster_msgs__rosidl_generator_c
[0.248s] [ 22%] Built target yahboom_rosmaster_msgs__cpp
[0.248s] [ 31%] Built target yahboom_rosmaster_msgs__rosidl_typesupport_introspection_c
[0.282s] [ 40%] Built target yahboom_rosmaster_msgs__rosidl_typesupport_fastrtps_c
[0.299s] [ 50%] Built target yahboom_rosmaster_msgs__rosidl_typesupport_c
[0.311s] [ 59%] Built target yahboom_rosmaster_msgs__rosidl_typesupport_introspection_cpp
[0.312s] [ 68%] Built target yahboom_rosmaster_msgs__rosidl_typesupport_cpp
[0.320s] [ 77%] Built target yahboom_rosmaster_msgs__rosidl_typesupport_fastrtps_cpp
[0.337s] [ 77%] Built target yahboom_rosmaster_msgs
[0.359s] [ 79%] Built target yahboom_rosmaster_msgs__py
[0.400s] [ 86%] Built target yahboom_rosmaster_msgs__rosidl_generator_py
[0.437s] [ 90%] Built target yahboom_rosmaster_msgs_s__rosidl_typesupport_c
[0.437s] [ 95%] Built target yahboom_rosmaster_msgs_s__rosidl_typesupport_fastrtps_c
[0.444s] [100%] Built target yahboom_rosmaster_msgs_s__rosidl_typesupport_introspection_c
[0.522s] running egg_info
[0.540s] writing yahboom_rosmaster_msgs.egg-info/PKG-INFO
[0.540s] writing dependency_links to yahboom_rosmaster_msgs.egg-info/dependency_links.txt
[0.540s] writing top-level names to yahboom_rosmaster_msgs.egg-info/top_level.txt
[0.592s] reading manifest file 'yahboom_rosmaster_msgs.egg-info/SOURCES.txt'
[0.593s] writing manifest file 'yahboom_rosmaster_msgs.egg-info/SOURCES.txt'
[0.626s] [100%] Built target ament_cmake_python_build_yahboom_rosmaster_msgs_egg
[0.635s] Invoked command in '/home/kostas/ros2_ws/build/yahboom_rosmaster_msgs' returned '0': CMAKE_PREFIX_PATH=${CMAKE_PREFIX_PATH}:/opt/ros/jazzy DEBUGINFOD_URLS=https://debuginfod.ubuntu.com /usr/bin/cmake --build /home/kostas/ros2_ws/build/yahboom_rosmaster_msgs -- -j12 -l12
[0.637s] Invoking command in '/home/kostas/ros2_ws/build/yahboom_rosmaster_msgs': CMAKE_PREFIX_PATH=${CMAKE_PREFIX_PATH}:/opt/ros/jazzy DEBUGINFOD_URLS=https://debuginfod.ubuntu.com /usr/bin/cmake --install /home/kostas/ros2_ws/build/yahboom_rosmaster_msgs
[0.647s] -- Install configuration: ""
[0.647s] -- Execute custom install script
[0.648s] -- Up-to-date symlink: /home/kostas/ros2_ws/install/yahboom_rosmaster_msgs/share/ament_index/resource_index/rosidl_interfaces/yahboom_rosmaster_msgs
[0.648s] -- Up-to-date symlink: /home/kostas/ros2_ws/install/yahboom_rosmaster_msgs/share/yahboom_rosmaster_msgs/action/TimedRotation.json
[0.648s] -- Up-to-date symlink: /home/kostas/ros2_ws/install/yahboom_rosmaster_msgs/share/yahboom_rosmaster_msgs/srv/SetCleaningState.json
[0.649s] -- Up-to-date symlink: /home/kostas/ros2_ws/install/yahboom_rosmaster_msgs/include/yahboom_rosmaster_msgs/yahboom_rosmaster_msgs/action/detail/timed_rotation__functions.h
[0.649s] -- Up-to-date symlink: /home/kostas/ros2_ws/install/yahboom_rosmaster_msgs/include/yahboom_rosmaster_msgs/yahboom_rosmaster_msgs/action/detail/timed_rotation__struct.h
[0.649s] -- Up-to-date symlink: /home/kostas/ros2_ws/install/yahboom_rosmaster_msgs/include/yahboom_rosmaster_msgs/yahboom_rosmaster_msgs/action/detail/timed_rotation__type_support.h
[0.649s] -- Up-to-date symlink: /home/kostas/ros2_ws/install/yahboom_rosmaster_msgs/include/yahboom_rosmaster_msgs/yahboom_rosmaster_msgs/action/timed_rotation.h
[0.650s] -- Up-to-date symlink: /home/kostas/ros2_ws/install/yahboom_rosmaster_msgs/include/yahboom_rosmaster_msgs/yahboom_rosmaster_msgs/msg/rosidl_generator_c__visibility_control.h
[0.650s] -- Up-to-date symlink: /home/kostas/ros2_ws/install/yahboom_rosmaster_msgs/include/yahboom_rosmaster_msgs/yahboom_rosmaster_msgs/srv/detail/set_cleaning_state__functions.h
[0.651s] -- Up-to-date symlink: /home/kostas/ros2_ws/install/yahboom_rosmaster_msgs/include/yahboom_rosmaster_msgs/yahboom_rosmaster_msgs/srv/detail/set_cleaning_state__struct.h
[0.651s] -- Up-to-date symlink: /home/kostas/ros2_ws/install/yahboom_rosmaster_msgs/include/yahboom_rosmaster_msgs/yahboom_rosmaster_msgs/srv/detail/set_cleaning_state__type_support.h
[0.651s] -- Up-to-date symlink: /home/kostas/ros2_ws/install/yahboom_rosmaster_msgs/include/yahboom_rosmaster_msgs/yahboom_rosmaster_msgs/srv/set_cleaning_state.h
[0.651s] -- Up-to-date symlink: /home/kostas/ros2_ws/install/yahboom_rosmaster_msgs/share/yahboom_rosmaster_msgs/environment/library_path.sh
[0.651s] -- Up-to-date symlink: /home/kostas/ros2_ws/install/yahboom_rosmaster_msgs/share/yahboom_rosmaster_msgs/environment/library_path.dsv
[0.651s] -- Up-to-date symlink: /home/kostas/ros2_ws/install/yahboom_rosmaster_msgs/include/yahboom_rosmaster_msgs/yahboom_rosmaster_msgs/action/detail/timed_rotation__rosidl_typesupport_fastrtps_c.h
[0.651s] -- Up-to-date symlink: /home/kostas/ros2_ws/install/yahboom_rosmaster_msgs/include/yahboom_rosmaster_msgs/yahboom_rosmaster_msgs/msg/rosidl_typesupport_fastrtps_c__visibility_control.h
[0.652s] -- Up-to-date symlink: /home/kostas/ros2_ws/install/yahboom_rosmaster_msgs/include/yahboom_rosmaster_msgs/yahboom_rosmaster_msgs/srv/detail/set_cleaning_state__rosidl_typesupport_fastrtps_c.h
[0.652s] -- Up-to-date symlink: /home/kostas/ros2_ws/install/yahboom_rosmaster_msgs/include/yahboom_rosmaster_msgs/yahboom_rosmaster_msgs/action/detail/timed_rotation__rosidl_typesupport_introspection_c.h
[0.652s] -- Up-to-date symlink: /home/kostas/ros2_ws/install/yahboom_rosmaster_msgs/include/yahboom_rosmaster_msgs/yahboom_rosmaster_msgs/msg/rosidl_typesupport_introspection_c__visibility_control.h
[0.652s] -- Up-to-date symlink: /home/kostas/ros2_ws/install/yahboom_rosmaster_msgs/include/yahboom_rosmaster_msgs/yahboom_rosmaster_msgs/srv/detail/set_cleaning_state__rosidl_typesupport_introspection_c.h
[0.652s] -- Up-to-date symlink: /home/kostas/ros2_ws/install/yahboom_rosmaster_msgs/include/yahboom_rosmaster_msgs/yahboom_rosmaster_msgs/action/detail/timed_rotation__builder.hpp
[0.652s] -- Up-to-date symlink: /home/kostas/ros2_ws/install/yahboom_rosmaster_msgs/include/yahboom_rosmaster_msgs/yahboom_rosmaster_msgs/action/detail/timed_rotation__struct.hpp
[0.652s] -- Up-to-date symlink: /home/kostas/ros2_ws/install/yahboom_rosmaster_msgs/include/yahboom_rosmaster_msgs/yahboom_rosmaster_msgs/action/detail/timed_rotation__traits.hpp
[0.653s] -- Up-to-date symlink: /home/kostas/ros2_ws/install/yahboom_rosmaster_msgs/include/yahboom_rosmaster_msgs/yahboom_rosmaster_msgs/action/detail/timed_rotation__type_support.hpp
[0.653s] -- Up-to-date symlink: /home/kostas/ros2_ws/install/yahboom_rosmaster_msgs/include/yahboom_rosmaster_msgs/yahboom_rosmaster_msgs/action/timed_rotation.hpp
[0.653s] -- Up-to-date symlink: /home/kostas/ros2_ws/install/yahboom_rosmaster_msgs/include/yahboom_rosmaster_msgs/yahboom_rosmaster_msgs/msg/rosidl_generator_cpp__visibility_control.hpp
[0.653s] -- Up-to-date symlink: /home/kostas/ros2_ws/install/yahboom_rosmaster_msgs/include/yahboom_rosmaster_msgs/yahboom_rosmaster_msgs/srv/detail/set_cleaning_state__builder.hpp
[0.653s] -- Up-to-date symlink: /home/kostas/ros2_ws/install/yahboom_rosmaster_msgs/include/yahboom_rosmaster_msgs/yahboom_rosmaster_msgs/srv/detail/set_cleaning_state__struct.hpp
[0.653s] -- Up-to-date symlink: /home/kostas/ros2_ws/install/yahboom_rosmaster_msgs/include/yahboom_rosmaster_msgs/yahboom_rosmaster_msgs/srv/detail/set_cleaning_state__traits.hpp
[0.653s] -- Up-to-date symlink: /home/kostas/ros2_ws/install/yahboom_rosmaster_msgs/include/yahboom_rosmaster_msgs/yahboom_rosmaster_msgs/srv/detail/set_cleaning_state__type_support.hpp
[0.653s] -- Up-to-date symlink: /home/kostas/ros2_ws/install/yahboom_rosmaster_msgs/include/yahboom_rosmaster_msgs/yahboom_rosmaster_msgs/srv/set_cleaning_state.hpp
[0.653s] -- Up-to-date symlink: /home/kostas/ros2_ws/install/yahboom_rosmaster_msgs/include/yahboom_rosmaster_msgs/yahboom_rosmaster_msgs/action/detail/timed_rotation__rosidl_typesupport_fastrtps_cpp.hpp
[0.653s] -- Up-to-date symlink: /home/kostas/ros2_ws/install/yahboom_rosmaster_msgs/include/yahboom_rosmaster_msgs/yahboom_rosmaster_msgs/msg/rosidl_typesupport_fastrtps_cpp__visibility_control.h
[0.654s] -- Up-to-date symlink: /home/kostas/ros2_ws/install/yahboom_rosmaster_msgs/include/yahboom_rosmaster_msgs/yahboom_rosmaster_msgs/srv/detail/set_cleaning_state__rosidl_typesupport_fastrtps_cpp.hpp
[0.654s] -- Up-to-date symlink: /home/kostas/ros2_ws/install/yahboom_rosmaster_msgs/include/yahboom_rosmaster_msgs/yahboom_rosmaster_msgs/action/detail/timed_rotation__rosidl_typesupport_introspection_cpp.hpp
[0.654s] -- Up-to-date symlink: /home/kostas/ros2_ws/install/yahboom_rosmaster_msgs/include/yahboom_rosmaster_msgs/yahboom_rosmaster_msgs/srv/detail/set_cleaning_state__rosidl_typesupport_introspection_cpp.hpp
[0.654s] -- Up-to-date symlink: /home/kostas/ros2_ws/install/yahboom_rosmaster_msgs/share/yahboom_rosmaster_msgs/environment/pythonpath.sh
[0.654s] -- Up-to-date symlink: /home/kostas/ros2_ws/install/yahboom_rosmaster_msgs/share/yahboom_rosmaster_msgs/environment/pythonpath.dsv
[0.655s] -- Up-to-date symlink: /home/kostas/ros2_ws/install/yahboom_rosmaster_msgs/lib/python3.12/site-packages/yahboom_rosmaster_msgs-0.0.0-py3.12.egg-info/PKG-INFO
[0.655s] -- Up-to-date symlink: /home/kostas/ros2_ws/install/yahboom_rosmaster_msgs/lib/python3.12/site-packages/yahboom_rosmaster_msgs-0.0.0-py3.12.egg-info/SOURCES.txt
[0.655s] -- Up-to-date symlink: /home/kostas/ros2_ws/install/yahboom_rosmaster_msgs/lib/python3.12/site-packages/yahboom_rosmaster_msgs-0.0.0-py3.12.egg-info/dependency_links.txt
[0.655s] -- Up-to-date symlink: /home/kostas/ros2_ws/install/yahboom_rosmaster_msgs/lib/python3.12/site-packages/yahboom_rosmaster_msgs-0.0.0-py3.12.egg-info/top_level.txt
[0.655s] -- Up-to-date symlink: /home/kostas/ros2_ws/install/yahboom_rosmaster_msgs/lib/python3.12/site-packages/yahboom_rosmaster_msgs/__init__.py
[0.655s] -- Up-to-date symlink: /home/kostas/ros2_ws/install/yahboom_rosmaster_msgs/lib/python3.12/site-packages/yahboom_rosmaster_msgs/_yahboom_rosmaster_msgs_s.ep.rosidl_typesupport_c.c
[0.655s] -- Up-to-date symlink: /home/kostas/ros2_ws/install/yahboom_rosmaster_msgs/lib/python3.12/site-packages/yahboom_rosmaster_msgs/_yahboom_rosmaster_msgs_s.ep.rosidl_typesupport_fastrtps_c.c
[0.655s] -- Up-to-date symlink: /home/kostas/ros2_ws/install/yahboom_rosmaster_msgs/lib/python3.12/site-packages/yahboom_rosmaster_msgs/_yahboom_rosmaster_msgs_s.ep.rosidl_typesupport_introspection_c.c
[0.655s] -- Up-to-date symlink: /home/kostas/ros2_ws/install/yahboom_rosmaster_msgs/lib/python3.12/site-packages/yahboom_rosmaster_msgs/action/__init__.py
[0.655s] -- Up-to-date symlink: /home/kostas/ros2_ws/install/yahboom_rosmaster_msgs/lib/python3.12/site-packages/yahboom_rosmaster_msgs/action/_timed_rotation.py
[0.656s] -- Up-to-date symlink: /home/kostas/ros2_ws/install/yahboom_rosmaster_msgs/lib/python3.12/site-packages/yahboom_rosmaster_msgs/action/_timed_rotation_s.c
[0.656s] -- Up-to-date symlink: /home/kostas/ros2_ws/install/yahboom_rosmaster_msgs/lib/python3.12/site-packages/yahboom_rosmaster_msgs/srv/__init__.py
[0.656s] -- Up-to-date symlink: /home/kostas/ros2_ws/install/yahboom_rosmaster_msgs/lib/python3.12/site-packages/yahboom_rosmaster_msgs/srv/_set_cleaning_state.py
[0.656s] -- Up-to-date symlink: /home/kostas/ros2_ws/install/yahboom_rosmaster_msgs/lib/python3.12/site-packages/yahboom_rosmaster_msgs/srv/_set_cleaning_state_s.c
[0.656s] -- Up-to-date symlink: /home/kostas/ros2_ws/install/yahboom_rosmaster_msgs/lib/python3.12/site-packages/yahboom_rosmaster_msgs/yahboom_rosmaster_msgs_s__rosidl_typesupport_c.so
[0.656s] -- Up-to-date symlink: /home/kostas/ros2_ws/install/yahboom_rosmaster_msgs/lib/python3.12/site-packages/yahboom_rosmaster_msgs/yahboom_rosmaster_msgs_s__rosidl_typesupport_fastrtps_c.so
[0.656s] -- Up-to-date symlink: /home/kostas/ros2_ws/install/yahboom_rosmaster_msgs/lib/python3.12/site-packages/yahboom_rosmaster_msgs/yahboom_rosmaster_msgs_s__rosidl_typesupport_introspection_c.so
[0.656s] -- Up-to-date symlink: /home/kostas/ros2_ws/install/yahboom_rosmaster_msgs/lib/python3.12/site-packages/yahboom_rosmaster_msgs/yahboom_rosmaster_msgs_s__rosidl_typesupport_fastrtps_c.so
[0.656s] -- Up-to-date symlink: /home/kostas/ros2_ws/install/yahboom_rosmaster_msgs/lib/python3.12/site-packages/yahboom_rosmaster_msgs/yahboom_rosmaster_msgs_s__rosidl_typesupport_introspection_c.so
[0.656s] -- Up-to-date symlink: /home/kostas/ros2_ws/install/yahboom_rosmaster_msgs/lib/python3.12/site-packages/yahboom_rosmaster_msgs/yahboom_rosmaster_msgs_s__rosidl_typesupport_c.so
[0.657s] -- Up-to-date symlink: /home/kostas/ros2_ws/install/yahboom_rosmaster_msgs/share/yahboom_rosmaster_msgs/action/TimedRotation.idl
[0.657s] -- Up-to-date symlink: /home/kostas/ros2_ws/install/yahboom_rosmaster_msgs/share/yahboom_rosmaster_msgs/srv/SetCleaningState.idl
[0.657s] -- Up-to-date symlink: /home/kostas/ros2_ws/install/yahboom_rosmaster_msgs/share/yahboom_rosmaster_msgs/action/TimedRotation.action
[0.657s] -- Up-to-date symlink: /home/kostas/ros2_ws/install/yahboom_rosmaster_msgs/share/yahboom_rosmaster_msgs/srv/SetCleaningState.srv
[0.657s] -- Up-to-date symlink: /home/kostas/ros2_ws/install/yahboom_rosmaster_msgs/share/ament_index/resource_index/package_run_dependencies/yahboom_rosmaster_msgs
[0.657s] -- Up-to-date symlink: /home/kostas/ros2_ws/install/yahboom_rosmaster_msgs/share/ament_index/resource_index/parent_prefix_path/yahboom_rosmaster_msgs
[0.657s] -- Up-to-date symlink: /home/kostas/ros2_ws/install/yahboom_rosmaster_msgs/share/yahboom_rosmaster_msgs/environment/ament_prefix_path.sh
[0.657s] -- Up-to-date symlink: /home/kostas/ros2_ws/install/yahboom_rosmaster_msgs/share/yahboom_rosmaster_msgs/environment/ament_prefix_path.dsv
[0.657s] -- Up-to-date symlink: /home/kostas/ros2_ws/install/yahboom_rosmaster_msgs/share/yahboom_rosmaster_msgs/environment/path.sh
[0.658s] -- Up-to-date symlink: /home/kostas/ros2_ws/install/yahboom_rosmaster_msgs/share/yahboom_rosmaster_msgs/environment/path.dsv
[0.658s] -- Up-to-date symlink: /home/kostas/ros2_ws/install/yahboom_rosmaster_msgs/share/yahboom_rosmaster_msgs/local_setup.bash
[0.658s] -- Up-to-date symlink: /home/kostas/ros2_ws/install/yahboom_rosmaster_msgs/share/yahboom_rosmaster_msgs/local_setup.sh
[0.659s] -- Up-to-date symlink: /home/kostas/ros2_ws/install/yahboom_rosmaster_msgs/share/yahboom_rosmaster_msgs/local_setup.zsh
[0.659s] -- Up-to-date symlink: /home/kostas/ros2_ws/install/yahboom_rosmaster_msgs/share/yahboom_rosmaster_msgs/local_setup.dsv
[0.659s] -- Symlinking: /home/kostas/ros2_ws/install/yahboom_rosmaster_msgs/share/yahboom_rosmaster_msgs/package.dsv
[0.670s] -- Up-to-date symlink: /home/kostas/ros2_ws/install/yahboom_rosmaster_msgs/share/ament_index/resource_index/packages/yahboom_rosmaster_msgs
[0.670s] -- Up-to-date symlink: /home/kostas/ros2_ws/install/yahboom_rosmaster_msgs/share/yahboom_rosmaster_msgs/cmake/rosidl_cmake-extras.cmake
[0.670s] -- Up-to-date symlink: /home/kostas/ros2_ws/install/yahboom_rosmaster_msgs/share/yahboom_rosmaster_msgs/cmake/ament_cmake_export_dependencies-extras.cmake
[0.670s] -- Up-to-date symlink: /home/kostas/ros2_ws/install/yahboom_rosmaster_msgs/share/yahboom_rosmaster_msgs/cmake/ament_cmake_export_include_directories-extras.cmake
[0.670s] -- Up-to-date symlink: /home/kostas/ros2_ws/install/yahboom_rosmaster_msgs/share/yahboom_rosmaster_msgs/cmake/ament_cmake_export_libraries-extras.cmake
[0.670s] -- Up-to-date symlink: /home/kostas/ros2_ws/install/yahboom_rosmaster_msgs/share/yahboom_rosmaster_msgs/cmake/ament_cmake_export_targets-extras.cmake
[0.670s] -- Up-to-date symlink: /home/kostas/ros2_ws/install/yahboom_rosmaster_msgs/share/yahboom_rosmaster_msgs/cmake/rosidl_cmake_export_typesupport_targets-extras.cmake
[0.671s] -- Up-to-date symlink: /home/kostas/ros2_ws/install/yahboom_rosmaster_msgs/share/yahboom_rosmaster_msgs/cmake/rosidl_cmake_export_typesupport_libraries-extras.cmake
[0.671s] -- Up-to-date symlink: /home/kostas/ros2_ws/install/yahboom_rosmaster_msgs/share/yahboom_rosmaster_msgs/cmake/yahboom_rosmaster_msgsConfig.cmake
[0.671s] -- Up-to-date symlink: /home/kostas/ros2_ws/install/yahboom_rosmaster_msgs/share/yahboom_rosmaster_msgs/cmake/yahboom_rosmaster_msgsConfig-version.cmake
[0.672s] -- Up-to-date symlink: /home/kostas/ros2_ws/install/yahboom_rosmaster_msgs/share/yahboom_rosmaster_msgs/package.xml
[0.672s] -- Up-to-date: /home/kostas/ros2_ws/install/yahboom_rosmaster_msgs/lib/libyahboom_rosmaster_msgs__rosidl_generator_c.so
[0.674s] -- Up-to-date: /home/kostas/ros2_ws/install/yahboom_rosmaster_msgs/lib/libyahboom_rosmaster_msgs__rosidl_typesupport_fastrtps_c.so
[0.674s] -- Up-to-date: /home/kostas/ros2_ws/install/yahboom_rosmaster_msgs/lib/libyahboom_rosmaster_msgs__rosidl_typesupport_introspection_c.so
[0.674s] -- Up-to-date: /home/kostas/ros2_ws/install/yahboom_rosmaster_msgs/lib/libyahboom_rosmaster_msgs__rosidl_typesupport_c.so
[0.674s] -- Up-to-date: /home/kostas/ros2_ws/install/yahboom_rosmaster_msgs/lib/libyahboom_rosmaster_msgs__rosidl_typesupport_fastrtps_cpp.so
[0.674s] -- Up-to-date: /home/kostas/ros2_ws/install/yahboom_rosmaster_msgs/lib/libyahboom_rosmaster_msgs__rosidl_typesupport_introspection_cpp.so
[0.674s] -- Up-to-date: /home/kostas/ros2_ws/install/yahboom_rosmaster_msgs/lib/libyahboom_rosmaster_msgs__rosidl_typesupport_cpp.so
[0.722s] Listing '/home/kostas/ros2_ws/install/yahboom_rosmaster_msgs/lib/python3.12/site-packages/yahboom_rosmaster_msgs'...
[0.722s] Listing '/home/kostas/ros2_ws/install/yahboom_rosmaster_msgs/lib/python3.12/site-packages/yahboom_rosmaster_msgs/action'...
[0.722s] Listing '/home/kostas/ros2_ws/install/yahboom_rosmaster_msgs/lib/python3.12/site-packages/yahboom_rosmaster_msgs/srv'...
[0.731s] -- Up-to-date: /home/kostas/ros2_ws/install/yahboom_rosmaster_msgs/lib/libyahboom_rosmaster_msgs__rosidl_generator_py.so
[0.732s] -- Up-to-date: /home/kostas/ros2_ws/install/yahboom_rosmaster_msgs/share/yahboom_rosmaster_msgs/cmake/export_yahboom_rosmaster_msgs__rosidl_generator_cExport.cmake
[0.732s] -- Up-to-date: /home/kostas/ros2_ws/install/yahboom_rosmaster_msgs/share/yahboom_rosmaster_msgs/cmake/export_yahboom_rosmaster_msgs__rosidl_generator_cExport-noconfig.cmake
[0.733s] -- Up-to-date: /home/kostas/ros2_ws/install/yahboom_rosmaster_msgs/share/yahboom_rosmaster_msgs/cmake/export_yahboom_rosmaster_msgs__rosidl_typesupport_fastrtps_cExport.cmake
[0.733s] -- Up-to-date: /home/kostas/ros2_ws/install/yahboom_rosmaster_msgs/share/yahboom_rosmaster_msgs/cmake/export_yahboom_rosmaster_msgs__rosidl_typesupport_fastrtps_cExport-noconfig.cmake
[0.733s] -- Up-to-date: /home/kostas/ros2_ws/install/yahboom_rosmaster_msgs/share/yahboom_rosmaster_msgs/cmake/yahboom_rosmaster_msgs__rosidl_typesupport_introspection_cExport.cmake
[0.733s] -- Up-to-date: /home/kostas/ros2_ws/install/yahboom_rosmaster_msgs/share/yahboom_rosmaster_msgs/cmake/yahboom_rosmaster_msgs__rosidl_typesupport_introspection_cExport-noconfig.cmake
[0.733s] -- Up-to-date: /home/kostas/ros2_ws/install/yahboom_rosmaster_msgs/share/yahboom_rosmaster_msgs/cmake/yahboom_rosmaster_msgs__rosidl_typesupport_cExport.cmake
[0.733s] -- Up-to-date: /home/kostas/ros2_ws/install/yahboom_rosmaster_msgs/share/yahboom_rosmaster_msgs/cmake/yahboom_rosmaster_msgs__rosidl_typesupport_cExport-noconfig.cmake
[0.733s] -- Up-to-date: /home/kostas/ros2_ws/install/yahboom_rosmaster_msgs/share/yahboom_rosmaster_msgs/cmake/export_yahboom_rosmaster_msgs__rosidl_generator_cppExport.cmake
[0.733s] -- Up-to-date: /home/kostas/ros2_ws/install/yahboom_rosmaster_msgs/share/yahboom_rosmaster_msgs/cmake/export_yahboom_rosmaster_msgs__rosidl_typesupport_fastrtps_cppExport.cmake
[0.734s] -- Up-to-date: /home/kostas/ros2_ws/install/yahboom_rosmaster_msgs/share/yahboom_rosmaster_msgs/cmake/export_yahboom_rosmaster_msgs__rosidl_typesupport_fastrtps_cppExport-noconfig.cmake
[0.735s] -- Up-to-date: /home/kostas/ros2_ws/install/yahboom_rosmaster_msgs/share/yahboom_rosmaster_msgs/cmake/yahboom_rosmaster_msgs__rosidl_typesupport_introspection_cppExport.cmake
[0.735s] -- Up-to-date: /home/kostas/ros2_ws/install/yahboom_rosmaster_msgs/share/yahboom_rosmaster_msgs/cmake/yahboom_rosmaster_msgs__rosidl_typesupport_introspection_cppExport-noconfig.cmake
[0.735s] -- Up-to-date: /home/kostas/ros2_ws/install/yahboom_rosmaster_msgs/share/yahboom_rosmaster_msgs/cmake/yahboom_rosmaster_msgs__rosidl_typesupport_cppExport.cmake
[0.735s] -- Up-to-date: /home/kostas/ros2_ws/install/yahboom_rosmaster_msgs/share/yahboom_rosmaster_msgs/cmake/yahboom_rosmaster_msgs__rosidl_typesupport_cppExport-noconfig.cmake
[0.735s] -- Up-to-date: /home/kostas/ros2_ws/install/yahboom_rosmaster_msgs/share/yahboom_rosmaster_msgs/cmake/export_yahboom_rosmaster_msgs__rosidl_generator_pyExport.cmake
[0.736s] -- Up-to-date: /home/kostas/ros2_ws/install/yahboom_rosmaster_msgs/share/yahboom_rosmaster_msgs/cmake/export_yahboom_rosmaster_msgs__rosidl_generator_pyExport-noconfig.cmake
[0.739s] Invoked command in '/home/kostas/ros2_ws/build/yahboom_rosmaster_msgs' returned '0': CMAKE_PREFIX_PATH=${CMAKE_PREFIX_PATH}:/opt/ros/jazzy DEBUGINFOD_URLS=https://debuginfod.ubuntu.com /usr/bin/cmake --install /home/kostas/ros2_ws/build/yahboom_rosmaster_msgs
