[0.008s] Invoking command in '/home/amightyk05/ros2_sw/build/omni_base_description': AMENT_PREFIX_PATH=/home/amightyk05/ros2_sw/install/launch_pal:/opt/ros/jazzy:/home/amightyk05/ros2_sw/install/omni_base_bringup:/home/amightyk05/ros2_sw/install/omni_base_description:/home/amightyk05/ros2_sw/install/pal_urdf_utils:/home/amightyk05/ros2_sw/install/omni_base_controller_configuration:/home/amightyk05/ros2_sw/install/my_robot_bringup CMAKE_PREFIX_PATH=/home/amightyk05/ros2_sw/install/pal_urdf_utils:/opt/ros/jazzy/opt/gz_sim_vendor:/opt/ros/jazzy/opt/gz_sensors_vendor:/opt/ros/jazzy/opt/gz_physics_vendor:/opt/ros/jazzy/opt/sdformat_vendor:/opt/ros/jazzy/opt/gz_gui_vendor:/opt/ros/jazzy/opt/gz_transport_vendor:/opt/ros/jazzy/opt/gz_rendering_vendor:/opt/ros/jazzy/opt/gz_plugin_vendor:/opt/ros/jazzy/opt/gz_fuel_tools_vendor:/opt/ros/jazzy/opt/gz_msgs_vendor:/opt/ros/jazzy/opt/gz_common_vendor:/opt/ros/jazzy/opt/gz_math_vendor:/opt/ros/jazzy/opt/gz_utils_vendor:/opt/ros/jazzy/opt/gz_tools_vendor:/opt/ros/jazzy/opt/gz_ogre_next_vendor:/opt/ros/jazzy/opt/gz_dartsim_vendor:/opt/ros/jazzy/opt/gz_cmake_vendor:/home/amightyk05/ros2_sw/install/omni_base_bringup:/home/amightyk05/ros2_sw/install/omni_base_description:/home/amightyk05/ros2_sw/install/omni_base_controller_configuration:/home/amightyk05/ros2_sw/install/my_robot_bringup:/opt/ros/jazzy:/home/amightyk05/ros2_sw/install/launch_pal PYTHONPATH=/home/amightyk05/ros2_sw/install/launch_pal/lib/python3.12/site-packages:/opt/ros/jazzy/lib/python3.12/site-packages:/home/amightyk05/ros2_sw/install/omni_base_description/lib/python3.12/site-packages /usr/bin/cmake --build /home/amightyk05/ros2_sw/build/omni_base_description -- -j20 -l20
[0.080s] Built target ament_cmake_python_symlink_omni_base_description
[0.240s] running egg_info
[0.252s] writing omni_base_description.egg-info/PKG-INFO
[0.252s] writing dependency_links to omni_base_description.egg-info/dependency_links.txt
[0.252s] writing top-level names to omni_base_description.egg-info/top_level.txt
[0.287s] reading manifest file 'omni_base_description.egg-info/SOURCES.txt'
[0.287s] writing manifest file 'omni_base_description.egg-info/SOURCES.txt'
[0.310s] Built target ament_cmake_python_build_omni_base_description_egg
[0.321s] Invoked command in '/home/amightyk05/ros2_sw/build/omni_base_description' returned '0': AMENT_PREFIX_PATH=/home/amightyk05/ros2_sw/install/launch_pal:/opt/ros/jazzy:/home/amightyk05/ros2_sw/install/omni_base_bringup:/home/amightyk05/ros2_sw/install/omni_base_description:/home/amightyk05/ros2_sw/install/pal_urdf_utils:/home/amightyk05/ros2_sw/install/omni_base_controller_configuration:/home/amightyk05/ros2_sw/install/my_robot_bringup CMAKE_PREFIX_PATH=/home/amightyk05/ros2_sw/install/pal_urdf_utils:/opt/ros/jazzy/opt/gz_sim_vendor:/opt/ros/jazzy/opt/gz_sensors_vendor:/opt/ros/jazzy/opt/gz_physics_vendor:/opt/ros/jazzy/opt/sdformat_vendor:/opt/ros/jazzy/opt/gz_gui_vendor:/opt/ros/jazzy/opt/gz_transport_vendor:/opt/ros/jazzy/opt/gz_rendering_vendor:/opt/ros/jazzy/opt/gz_plugin_vendor:/opt/ros/jazzy/opt/gz_fuel_tools_vendor:/opt/ros/jazzy/opt/gz_msgs_vendor:/opt/ros/jazzy/opt/gz_common_vendor:/opt/ros/jazzy/opt/gz_math_vendor:/opt/ros/jazzy/opt/gz_utils_vendor:/opt/ros/jazzy/opt/gz_tools_vendor:/opt/ros/jazzy/opt/gz_ogre_next_vendor:/opt/ros/jazzy/opt/gz_dartsim_vendor:/opt/ros/jazzy/opt/gz_cmake_vendor:/home/amightyk05/ros2_sw/install/omni_base_bringup:/home/amightyk05/ros2_sw/install/omni_base_description:/home/amightyk05/ros2_sw/install/omni_base_controller_configuration:/home/amightyk05/ros2_sw/install/my_robot_bringup:/opt/ros/jazzy:/home/amightyk05/ros2_sw/install/launch_pal PYTHONPATH=/home/amightyk05/ros2_sw/install/launch_pal/lib/python3.12/site-packages:/opt/ros/jazzy/lib/python3.12/site-packages:/home/amightyk05/ros2_sw/install/omni_base_description/lib/python3.12/site-packages /usr/bin/cmake --build /home/amightyk05/ros2_sw/build/omni_base_description -- -j20 -l20
[0.322s] Invoking command in '/home/amightyk05/ros2_sw/build/omni_base_description': AMENT_PREFIX_PATH=/home/amightyk05/ros2_sw/install/launch_pal:/opt/ros/jazzy:/home/amightyk05/ros2_sw/install/omni_base_bringup:/home/amightyk05/ros2_sw/install/omni_base_description:/home/amightyk05/ros2_sw/install/pal_urdf_utils:/home/amightyk05/ros2_sw/install/omni_base_controller_configuration:/home/amightyk05/ros2_sw/install/my_robot_bringup CMAKE_PREFIX_PATH=/home/amightyk05/ros2_sw/install/pal_urdf_utils:/opt/ros/jazzy/opt/gz_sim_vendor:/opt/ros/jazzy/opt/gz_sensors_vendor:/opt/ros/jazzy/opt/gz_physics_vendor:/opt/ros/jazzy/opt/sdformat_vendor:/opt/ros/jazzy/opt/gz_gui_vendor:/opt/ros/jazzy/opt/gz_transport_vendor:/opt/ros/jazzy/opt/gz_rendering_vendor:/opt/ros/jazzy/opt/gz_plugin_vendor:/opt/ros/jazzy/opt/gz_fuel_tools_vendor:/opt/ros/jazzy/opt/gz_msgs_vendor:/opt/ros/jazzy/opt/gz_common_vendor:/opt/ros/jazzy/opt/gz_math_vendor:/opt/ros/jazzy/opt/gz_utils_vendor:/opt/ros/jazzy/opt/gz_tools_vendor:/opt/ros/jazzy/opt/gz_ogre_next_vendor:/opt/ros/jazzy/opt/gz_dartsim_vendor:/opt/ros/jazzy/opt/gz_cmake_vendor:/home/amightyk05/ros2_sw/install/omni_base_bringup:/home/amightyk05/ros2_sw/install/omni_base_description:/home/amightyk05/ros2_sw/install/omni_base_controller_configuration:/home/amightyk05/ros2_sw/install/my_robot_bringup:/opt/ros/jazzy:/home/amightyk05/ros2_sw/install/launch_pal PYTHONPATH=/home/amightyk05/ros2_sw/install/launch_pal/lib/python3.12/site-packages:/opt/ros/jazzy/lib/python3.12/site-packages:/home/amightyk05/ros2_sw/install/omni_base_description/lib/python3.12/site-packages /usr/bin/cmake --install /home/amightyk05/ros2_sw/build/omni_base_description
[0.333s] -- Install configuration: ""
[0.333s] -- Execute custom install script
[0.334s] -- Up-to-date symlink: /home/amightyk05/ros2_sw/install/omni_base_description/share/omni_base_description/environment/pythonpath.sh
[0.334s] -- Up-to-date symlink: /home/amightyk05/ros2_sw/install/omni_base_description/share/omni_base_description/environment/pythonpath.dsv
[0.334s] -- Up-to-date symlink: /home/amightyk05/ros2_sw/install/omni_base_description/lib/python3.12/site-packages/omni_base_description-2.0.19-py3.12.egg-info/PKG-INFO
[0.334s] -- Up-to-date symlink: /home/amightyk05/ros2_sw/install/omni_base_description/lib/python3.12/site-packages/omni_base_description-2.0.19-py3.12.egg-info/SOURCES.txt
[0.334s] -- Up-to-date symlink: /home/amightyk05/ros2_sw/install/omni_base_description/lib/python3.12/site-packages/omni_base_description-2.0.19-py3.12.egg-info/dependency_links.txt
[0.334s] -- Up-to-date symlink: /home/amightyk05/ros2_sw/install/omni_base_description/lib/python3.12/site-packages/omni_base_description-2.0.19-py3.12.egg-info/top_level.txt
[0.335s] -- Up-to-date symlink: /home/amightyk05/ros2_sw/install/omni_base_description/lib/python3.12/site-packages/omni_base_description/__init__.py
[0.335s] -- Up-to-date symlink: /home/amightyk05/ros2_sw/install/omni_base_description/lib/python3.12/site-packages/omni_base_description/launch_arguments.py
[0.335s] -- Up-to-date symlink: /home/amightyk05/ros2_sw/install/omni_base_description/share/omni_base_description/rviz/omni_base.rviz
[0.335s] -- Up-to-date symlink: /home/amightyk05/ros2_sw/install/omni_base_description/share/omni_base_description/launch/Gazebo_w_control.launch.py
[0.335s] -- Up-to-date symlink: /home/amightyk05/ros2_sw/install/omni_base_description/share/omni_base_description/launch/gazebo.launch.py
[0.335s] -- Up-to-date symlink: /home/amightyk05/ros2_sw/install/omni_base_description/share/omni_base_description/launch/robot_state_publisher.launch.py
[0.335s] -- Up-to-date symlink: /home/amightyk05/ros2_sw/install/omni_base_description/share/omni_base_description/launch/show.launch.py
[0.336s] -- Up-to-date symlink: /home/amightyk05/ros2_sw/install/omni_base_description/share/omni_base_description/meshes/base/base_antena_link.stl
[0.337s] -- Up-to-date symlink: /home/amightyk05/ros2_sw/install/omni_base_description/share/omni_base_description/meshes/base/base_dock_link.stl
[0.337s] -- Up-to-date symlink: /home/amightyk05/ros2_sw/install/omni_base_description/share/omni_base_description/meshes/base/base_link.stl
[0.337s] -- Up-to-date symlink: /home/amightyk05/ros2_sw/install/omni_base_description/share/omni_base_description/meshes/cameras_add_on/cameras_add_on.stl
[0.337s] -- Up-to-date symlink: /home/amightyk05/ros2_sw/install/omni_base_description/share/omni_base_description/meshes/sensors/hokuyo_urg_04lx_ug01.stl
[0.337s] -- Up-to-date symlink: /home/amightyk05/ros2_sw/install/omni_base_description/share/omni_base_description/meshes/sensors/sick_tim551.stl
[0.337s] -- Up-to-date symlink: /home/amightyk05/ros2_sw/install/omni_base_description/share/omni_base_description/meshes/wheels/suspension_front_link.stl
[0.337s] -- Up-to-date symlink: /home/amightyk05/ros2_sw/install/omni_base_description/share/omni_base_description/meshes/wheels/suspension_rear_link.stl
[0.337s] -- Up-to-date symlink: /home/amightyk05/ros2_sw/install/omni_base_description/share/omni_base_description/meshes/wheels/wheel_link.stl
[0.337s] -- Up-to-date symlink: /home/amightyk05/ros2_sw/install/omni_base_description/share/omni_base_description/config/omni_base_configuration.yaml
[0.337s] -- Up-to-date symlink: /home/amightyk05/ros2_sw/install/omni_base_description/share/omni_base_description/robots/omni_base.urdf.xacro
[0.337s] -- Up-to-date symlink: /home/amightyk05/ros2_sw/install/omni_base_description/share/omni_base_description/ros2_control/gazebo_controller_manager_cfg.yaml
[0.337s] -- Up-to-date symlink: /home/amightyk05/ros2_sw/install/omni_base_description/share/omni_base_description/ros2_control/ros2_control.urdf.xacro
[0.338s] -- Up-to-date symlink: /home/amightyk05/ros2_sw/install/omni_base_description/share/omni_base_description/urdf/base/base.gazebo.xacro
[0.338s] -- Up-to-date symlink: /home/amightyk05/ros2_sw/install/omni_base_description/share/omni_base_description/urdf/base/base.urdf.xacro
[0.338s] -- Up-to-date symlink: /home/amightyk05/ros2_sw/install/omni_base_description/share/omni_base_description/urdf/base/base_sensors.urdf.xacro
[0.338s] -- Up-to-date symlink: /home/amightyk05/ros2_sw/install/omni_base_description/share/omni_base_description/urdf/cameras_add_on/base_omni_base_calib.urdf.xacro
[0.338s] -- Up-to-date symlink: /home/amightyk05/ros2_sw/install/omni_base_description/share/omni_base_description/urdf/cameras_add_on/cameras_add_on.urdf.xacro
[0.339s] -- Up-to-date symlink: /home/amightyk05/ros2_sw/install/omni_base_description/share/omni_base_description/urdf/objects/antenna.urdf.xacro
[0.339s] -- Up-to-date symlink: /home/amightyk05/ros2_sw/install/omni_base_description/share/omni_base_description/urdf/sensors/courier.urdf.xacro
[0.339s] -- Up-to-date symlink: /home/amightyk05/ros2_sw/install/omni_base_description/share/omni_base_description/urdf/sensors/hokuyo_urg_04lx_ug01_laser.gazebo.xacro
[0.339s] -- Up-to-date symlink: /home/amightyk05/ros2_sw/install/omni_base_description/share/omni_base_description/urdf/sensors/hokuyo_urg_04lx_ug01_laser.urdf.xacro
[0.339s] -- Up-to-date symlink: /home/amightyk05/ros2_sw/install/omni_base_description/share/omni_base_description/urdf/sensors/imu.gazebo.xacro
[0.340s] -- Up-to-date symlink: /home/amightyk05/ros2_sw/install/omni_base_description/share/omni_base_description/urdf/sensors/imu.urdf.xacro
[0.340s] -- Up-to-date symlink: /home/amightyk05/ros2_sw/install/omni_base_description/share/omni_base_description/urdf/sensors/sensors.ros2_control.xacro
[0.340s] -- Up-to-date symlink: /home/amightyk05/ros2_sw/install/omni_base_description/share/omni_base_description/urdf/sensors/sick_tim551_laser.gazebo.xacro
[0.340s] -- Up-to-date symlink: /home/amightyk05/ros2_sw/install/omni_base_description/share/omni_base_description/urdf/sensors/sick_tim551_laser.urdf.xacro
[0.340s] -- Up-to-date symlink: /home/amightyk05/ros2_sw/install/omni_base_description/share/omni_base_description/urdf/sensors/sick_tim561_laser.gazebo.xacro
[0.340s] -- Up-to-date symlink: /home/amightyk05/ros2_sw/install/omni_base_description/share/omni_base_description/urdf/sensors/sick_tim561_laser.urdf.xacro
[0.341s] -- Up-to-date symlink: /home/amightyk05/ros2_sw/install/omni_base_description/share/omni_base_description/urdf/sensors/sick_tim571_laser.gazebo.xacro
[0.341s] -- Up-to-date symlink: /home/amightyk05/ros2_sw/install/omni_base_description/share/omni_base_description/urdf/sensors/sick_tim571_laser.urdf.xacro
[0.341s] -- Up-to-date symlink: /home/amightyk05/ros2_sw/install/omni_base_description/share/omni_base_description/urdf/wheels/wheel.gazebo.xacro
[0.341s] -- Up-to-date symlink: /home/amightyk05/ros2_sw/install/omni_base_description/share/omni_base_description/urdf/wheels/wheel.ros2_control.xacro
[0.341s] -- Up-to-date symlink: /home/amightyk05/ros2_sw/install/omni_base_description/share/omni_base_description/urdf/wheels/wheel.urdf.xacro
[0.341s] -- Up-to-date symlink: /home/amightyk05/ros2_sw/install/omni_base_description/share/ament_index/resource_index/package_run_dependencies/omni_base_description
[0.341s] -- Up-to-date symlink: /home/amightyk05/ros2_sw/install/omni_base_description/share/ament_index/resource_index/parent_prefix_path/omni_base_description
[0.341s] -- Up-to-date symlink: /home/amightyk05/ros2_sw/install/omni_base_description/share/omni_base_description/environment/ament_prefix_path.sh
[0.341s] -- Up-to-date symlink: /home/amightyk05/ros2_sw/install/omni_base_description/share/omni_base_description/environment/ament_prefix_path.dsv
[0.341s] -- Up-to-date symlink: /home/amightyk05/ros2_sw/install/omni_base_description/share/omni_base_description/environment/path.sh
[0.342s] -- Up-to-date symlink: /home/amightyk05/ros2_sw/install/omni_base_description/share/omni_base_description/environment/path.dsv
[0.342s] -- Up-to-date symlink: /home/amightyk05/ros2_sw/install/omni_base_description/share/omni_base_description/local_setup.bash
[0.342s] -- Up-to-date symlink: /home/amightyk05/ros2_sw/install/omni_base_description/share/omni_base_description/local_setup.sh
[0.342s] -- Up-to-date symlink: /home/amightyk05/ros2_sw/install/omni_base_description/share/omni_base_description/local_setup.zsh
[0.342s] -- Up-to-date symlink: /home/amightyk05/ros2_sw/install/omni_base_description/share/omni_base_description/local_setup.dsv
[0.342s] -- Symlinking: /home/amightyk05/ros2_sw/install/omni_base_description/share/omni_base_description/package.dsv
[0.353s] -- Up-to-date symlink: /home/amightyk05/ros2_sw/install/omni_base_description/share/ament_index/resource_index/packages/omni_base_description
[0.353s] -- Up-to-date symlink: /home/amightyk05/ros2_sw/install/omni_base_description/share/omni_base_description/cmake/omni_base_descriptionConfig.cmake
[0.353s] -- Up-to-date symlink: /home/amightyk05/ros2_sw/install/omni_base_description/share/omni_base_description/cmake/omni_base_descriptionConfig-version.cmake
[0.354s] -- Up-to-date symlink: /home/amightyk05/ros2_sw/install/omni_base_description/share/omni_base_description/package.xml
[0.390s] Listing '/home/amightyk05/ros2_sw/install/omni_base_description/lib/python3.12/site-packages/omni_base_description'...
[0.395s] Invoked command in '/home/amightyk05/ros2_sw/build/omni_base_description' returned '0': AMENT_PREFIX_PATH=/home/amightyk05/ros2_sw/install/launch_pal:/opt/ros/jazzy:/home/amightyk05/ros2_sw/install/omni_base_bringup:/home/amightyk05/ros2_sw/install/omni_base_description:/home/amightyk05/ros2_sw/install/pal_urdf_utils:/home/amightyk05/ros2_sw/install/omni_base_controller_configuration:/home/amightyk05/ros2_sw/install/my_robot_bringup CMAKE_PREFIX_PATH=/home/amightyk05/ros2_sw/install/pal_urdf_utils:/opt/ros/jazzy/opt/gz_sim_vendor:/opt/ros/jazzy/opt/gz_sensors_vendor:/opt/ros/jazzy/opt/gz_physics_vendor:/opt/ros/jazzy/opt/sdformat_vendor:/opt/ros/jazzy/opt/gz_gui_vendor:/opt/ros/jazzy/opt/gz_transport_vendor:/opt/ros/jazzy/opt/gz_rendering_vendor:/opt/ros/jazzy/opt/gz_plugin_vendor:/opt/ros/jazzy/opt/gz_fuel_tools_vendor:/opt/ros/jazzy/opt/gz_msgs_vendor:/opt/ros/jazzy/opt/gz_common_vendor:/opt/ros/jazzy/opt/gz_math_vendor:/opt/ros/jazzy/opt/gz_utils_vendor:/opt/ros/jazzy/opt/gz_tools_vendor:/opt/ros/jazzy/opt/gz_ogre_next_vendor:/opt/ros/jazzy/opt/gz_dartsim_vendor:/opt/ros/jazzy/opt/gz_cmake_vendor:/home/amightyk05/ros2_sw/install/omni_base_bringup:/home/amightyk05/ros2_sw/install/omni_base_description:/home/amightyk05/ros2_sw/install/omni_base_controller_configuration:/home/amightyk05/ros2_sw/install/my_robot_bringup:/opt/ros/jazzy:/home/amightyk05/ros2_sw/install/launch_pal PYTHONPATH=/home/amightyk05/ros2_sw/install/launch_pal/lib/python3.12/site-packages:/opt/ros/jazzy/lib/python3.12/site-packages:/home/amightyk05/ros2_sw/install/omni_base_description/lib/python3.12/site-packages /usr/bin/cmake --install /home/amightyk05/ros2_sw/build/omni_base_description
