[0.020s] Invoking command in '/home/kostas/ros2_ws/build/yahboom_rosmaster_gazebo': CMAKE_PREFIX_PATH=${CMAKE_PREFIX_PATH}:/opt/ros/jazzy DEBUGINFOD_URLS=https://debuginfod.ubuntu.com /usr/bin/cmake /home/kostas/ros2_ws/src/yahboom_rosmaster/yahboom_rosmaster_gazebo -DAMENT_CMAKE_SYMLINK_INSTALL=1 -DCMAKE_INSTALL_PREFIX=/home/kostas/ros2_ws/install/yahboom_rosmaster_gazebo
[0.031s] -- Found ament_cmake: 2.5.5 (/opt/ros/jazzy/share/ament_cmake/cmake)
[0.256s] -- Override CMake install command with custom implementation using symlinks instead of copying resources
[0.261s] -- Found controller_manager: 4.42.2 (/opt/ros/jazzy/share/controller_manager/cmake)
[0.296s] -- Found rosidl_generator_c: 4.6.7 (/opt/ros/jazzy/share/rosidl_generator_c/cmake)
[0.309s] -- Found rosidl_generator_cpp: 4.6.7 (/opt/ros/jazzy/share/rosidl_generator_cpp/cmake)
[0.322s] -- Using all available rosidl_typesupport_c: rosidl_typesupport_fastrtps_c;rosidl_typesupport_introspection_c
[0.333s] -- Using all available rosidl_typesupport_cpp: rosidl_typesupport_fastrtps_cpp;rosidl_typesupport_introspection_cpp
[0.382s] -- Found rmw_implementation_cmake: 7.3.3 (/opt/ros/jazzy/share/rmw_implementation_cmake/cmake)
[0.383s] -- Found rmw_fastrtps_cpp: 8.4.3 (/opt/ros/jazzy/share/rmw_fastrtps_cpp/cmake)
[0.439s] -- Using RMW implementation 'rmw_fastrtps_cpp' as default
[0.732s] -- Found gz_ros2_control: 1.2.17 (/opt/ros/jazzy/share/gz_ros2_control/cmake)
[0.735s] -- Found ros_gz: 1.0.18 (/opt/ros/jazzy/share/ros_gz/cmake)
[0.736s] -- Found ros_gz_bridge: 1.0.18 (/opt/ros/jazzy/share/ros_gz_bridge/cmake)
[0.760s] -- Looking for gz-msgs10 -- found version 10.3.2
[0.763s] -- Searching for dependencies of gz-msgs10
[0.778s] -- Looking for gz-utils2 -- found version 2.2.1
[0.778s] -- Searching for dependencies of gz-utils2
[0.779s] -- Looking for gz-math7 -- found version 7.5.2
[0.779s] -- Searching for dependencies of gz-math7
[0.779s] -- Looking for gz-utils2 -- found version 2.2.1
[0.785s] -- Checking for module 'tinyxml2'
[0.797s] --   Found tinyxml2, version 10.0.0
[0.825s] -- Looking for gz-transport13 -- found version 13.5.0
[0.826s] -- Searching for dependencies of gz-transport13
[0.846s] -- Config-file not installed for ZeroMQ -- checking for pkg-config
[0.852s] -- Checking for module 'libzmq >= 4'
[0.866s] --   Found libzmq, version 4.3.5
[0.908s] -- Checking for module 'uuid'
[0.922s] --   Found uuid, version 2.39.3
[0.950s] -- Looking for gz-utils2 -- found version 2.2.1
[0.950s] -- Searching for dependencies of gz-utils2
[0.950s] -- Searching for <gz-utils2> component [cli]
[0.950s] -- Looking for gz-utils2-cli -- found version 2.2.1
[0.950s] -- Searching for dependencies of gz-utils2-cli
[0.951s] -- Looking for gz-msgs10 -- found version 10.3.2
[1.064s] -- Found ros_gz_image: 1.0.18 (/opt/ros/jazzy/share/ros_gz_image/cmake)
[1.064s] -- Found ros_gz_sim: 1.0.18 (/opt/ros/jazzy/share/ros_gz_sim/cmake)
[1.080s] -- Found ros2_control: 4.42.2 (/opt/ros/jazzy/share/ros2_control/cmake)
[1.088s] [31mCMake Error at CMakeLists.txt:18 (find_package):
[1.088s]   By not providing "Findros2_controllers.cmake" in CMAKE_MODULE_PATH this
[1.088s]   project has asked CMake to find a package configuration file provided by
[1.088s]   "ros2_controllers", but CMake did not find one.
[1.088s] 
[1.088s]   Could not find a package configuration file provided by "ros2_controllers"
[1.088s]   with any of the following names:
[1.088s] 
[1.088s]     ros2_controllersConfig.cmake
[1.088s]     ros2_controllers-config.cmake
[1.088s] 
[1.088s]   Add the installation prefix of "ros2_controllers" to CMAKE_PREFIX_PATH or
[1.088s]   set "ros2_controllers_DIR" to a directory containing one of the above
[1.088s]   files.  If "ros2_controllers" provides a separate development package or
[1.088s]   SDK, be sure it has been installed.
[1.088s] 
[1.088s] [0m
[1.088s] -- Configuring incomplete, errors occurred!
