[0.032s] Invoking command in '/home/kostas/ros2_ws/build/yahboom_rosmaster_navigation': CMAKE_PREFIX_PATH=${CMAKE_PREFIX_PATH}:/opt/ros/jazzy DEBUGINFOD_URLS=https://debuginfod.ubuntu.com /usr/bin/cmake --build /home/kostas/ros2_ws/build/yahboom_rosmaster_navigation -- -j12 -l12
[0.211s] [  0%] Built target ament_cmake_python_symlink_yahboom_rosmaster_navigation
[0.253s] [100%] Built target cmd_vel_relay
[0.463s] running egg_info
[0.478s] writing yahboom_rosmaster_navigation.egg-info/PKG-INFO
[0.478s] writing dependency_links to yahboom_rosmaster_navigation.egg-info/dependency_links.txt
[0.478s] writing top-level names to yahboom_rosmaster_navigation.egg-info/top_level.txt
[0.522s] reading manifest file 'yahboom_rosmaster_navigation.egg-info/SOURCES.txt'
[0.523s] writing manifest file 'yahboom_rosmaster_navigation.egg-info/SOURCES.txt'
[0.551s] [100%] Built target ament_cmake_python_build_yahboom_rosmaster_navigation_egg
[0.559s] Invoked command in '/home/kostas/ros2_ws/build/yahboom_rosmaster_navigation' returned '0': CMAKE_PREFIX_PATH=${CMAKE_PREFIX_PATH}:/opt/ros/jazzy DEBUGINFOD_URLS=https://debuginfod.ubuntu.com /usr/bin/cmake --build /home/kostas/ros2_ws/build/yahboom_rosmaster_navigation -- -j12 -l12
[0.561s] Invoking command in '/home/kostas/ros2_ws/build/yahboom_rosmaster_navigation': CMAKE_PREFIX_PATH=${CMAKE_PREFIX_PATH}:/opt/ros/jazzy DEBUGINFOD_URLS=https://debuginfod.ubuntu.com /usr/bin/cmake --install /home/kostas/ros2_ws/build/yahboom_rosmaster_navigation
[0.566s] -- Install configuration: ""
[0.568s] -- Execute custom install script
[0.571s] -- Up-to-date symlink: /home/kostas/ros2_ws/install/yahboom_rosmaster_navigation/lib/yahboom_rosmaster_navigation/cmd_vel_relay
[0.571s] -- Up-to-date symlink: /home/kostas/ros2_ws/install/yahboom_rosmaster_navigation/share/yahboom_rosmaster_navigation/config/rosmaster_x3_nav2_default_params.yaml
[0.572s] -- Up-to-date symlink: /home/kostas/ros2_ws/install/yahboom_rosmaster_navigation/share/yahboom_rosmaster_navigation/config/rosmaster_x3_nav2_regulated_pure_pursuit_controller.yaml
[0.573s] -- Up-to-date symlink: /home/kostas/ros2_ws/install/yahboom_rosmaster_navigation/share/yahboom_rosmaster_navigation/maps/aws_hospital_map.pgm
[0.573s] -- Up-to-date symlink: /home/kostas/ros2_ws/install/yahboom_rosmaster_navigation/share/yahboom_rosmaster_navigation/maps/aws_hospital_map.yaml
[0.574s] -- Up-to-date symlink: /home/kostas/ros2_ws/install/yahboom_rosmaster_navigation/share/yahboom_rosmaster_navigation/maps/cafe_world_map.pgm
[0.574s] -- Up-to-date symlink: /home/kostas/ros2_ws/install/yahboom_rosmaster_navigation/share/yahboom_rosmaster_navigation/maps/cafe_world_map.yaml
[0.575s] -- Up-to-date symlink: /home/kostas/ros2_ws/install/yahboom_rosmaster_navigation/share/yahboom_rosmaster_navigation/maps/house_world_map.pgm
[0.575s] -- Up-to-date symlink: /home/kostas/ros2_ws/install/yahboom_rosmaster_navigation/share/yahboom_rosmaster_navigation/maps/house_world_map.yaml
[0.577s] -- Up-to-date symlink: /home/kostas/ros2_ws/install/yahboom_rosmaster_navigation/share/yahboom_rosmaster_navigation/rviz/nav2_default_view.rviz
[0.577s] -- Up-to-date symlink: /home/kostas/ros2_ws/install/yahboom_rosmaster_navigation/share/yahboom_rosmaster_navigation/environment/pythonpath.sh
[0.578s] -- Up-to-date symlink: /home/kostas/ros2_ws/install/yahboom_rosmaster_navigation/share/yahboom_rosmaster_navigation/environment/pythonpath.dsv
[0.579s] -- Up-to-date symlink: /home/kostas/ros2_ws/install/yahboom_rosmaster_navigation/lib/python3.12/site-packages/yahboom_rosmaster_navigation-0.0.0-py3.12.egg-info/PKG-INFO
[0.579s] -- Up-to-date symlink: /home/kostas/ros2_ws/install/yahboom_rosmaster_navigation/lib/python3.12/site-packages/yahboom_rosmaster_navigation-0.0.0-py3.12.egg-info/SOURCES.txt
[0.580s] -- Up-to-date symlink: /home/kostas/ros2_ws/install/yahboom_rosmaster_navigation/lib/python3.12/site-packages/yahboom_rosmaster_navigation-0.0.0-py3.12.egg-info/dependency_links.txt
[0.580s] -- Up-to-date symlink: /home/kostas/ros2_ws/install/yahboom_rosmaster_navigation/lib/python3.12/site-packages/yahboom_rosmaster_navigation-0.0.0-py3.12.egg-info/top_level.txt
[0.580s] -- Up-to-date symlink: /home/kostas/ros2_ws/install/yahboom_rosmaster_navigation/lib/python3.12/site-packages/yahboom_rosmaster_navigation/__init__.py
[0.581s] -- Up-to-date symlink: /home/kostas/ros2_ws/install/yahboom_rosmaster_navigation/lib/python3.12/site-packages/yahboom_rosmaster_navigation/posestamped_msg_generator.py
[0.581s] -- Up-to-date symlink: /home/kostas/ros2_ws/install/yahboom_rosmaster_navigation/lib/yahboom_rosmaster_navigation/assisted_teleoperation.py
[0.582s] -- Up-to-date symlink: /home/kostas/ros2_ws/install/yahboom_rosmaster_navigation/lib/yahboom_rosmaster_navigation/nav_to_pose.py
[0.582s] -- Up-to-date symlink: /home/kostas/ros2_ws/install/yahboom_rosmaster_navigation/lib/yahboom_rosmaster_navigation/test_nav_to_pose.py
[0.583s] -- Up-to-date symlink: /home/kostas/ros2_ws/install/yahboom_rosmaster_navigation/share/ament_index/resource_index/package_run_dependencies/yahboom_rosmaster_navigation
[0.584s] -- Up-to-date symlink: /home/kostas/ros2_ws/install/yahboom_rosmaster_navigation/share/ament_index/resource_index/parent_prefix_path/yahboom_rosmaster_navigation
[0.584s] -- Up-to-date symlink: /home/kostas/ros2_ws/install/yahboom_rosmaster_navigation/share/yahboom_rosmaster_navigation/environment/ament_prefix_path.sh
[0.584s] -- Up-to-date symlink: /home/kostas/ros2_ws/install/yahboom_rosmaster_navigation/share/yahboom_rosmaster_navigation/environment/ament_prefix_path.dsv
[0.584s] -- Up-to-date symlink: /home/kostas/ros2_ws/install/yahboom_rosmaster_navigation/share/yahboom_rosmaster_navigation/environment/path.sh
[0.585s] -- Up-to-date symlink: /home/kostas/ros2_ws/install/yahboom_rosmaster_navigation/share/yahboom_rosmaster_navigation/environment/path.dsv
[0.585s] -- Up-to-date symlink: /home/kostas/ros2_ws/install/yahboom_rosmaster_navigation/share/yahboom_rosmaster_navigation/local_setup.bash
[0.585s] -- Up-to-date symlink: /home/kostas/ros2_ws/install/yahboom_rosmaster_navigation/share/yahboom_rosmaster_navigation/local_setup.sh
[0.585s] -- Up-to-date symlink: /home/kostas/ros2_ws/install/yahboom_rosmaster_navigation/share/yahboom_rosmaster_navigation/local_setup.zsh
[0.586s] -- Up-to-date symlink: /home/kostas/ros2_ws/install/yahboom_rosmaster_navigation/share/yahboom_rosmaster_navigation/local_setup.dsv
[0.586s] -- Symlinking: /home/kostas/ros2_ws/install/yahboom_rosmaster_navigation/share/yahboom_rosmaster_navigation/package.dsv
[0.596s] -- Up-to-date symlink: /home/kostas/ros2_ws/install/yahboom_rosmaster_navigation/share/ament_index/resource_index/packages/yahboom_rosmaster_navigation
[0.596s] -- Up-to-date symlink: /home/kostas/ros2_ws/install/yahboom_rosmaster_navigation/share/yahboom_rosmaster_navigation/cmake/yahboom_rosmaster_navigationConfig.cmake
[0.597s] -- Up-to-date symlink: /home/kostas/ros2_ws/install/yahboom_rosmaster_navigation/share/yahboom_rosmaster_navigation/cmake/yahboom_rosmaster_navigationConfig-version.cmake
[0.597s] -- Up-to-date symlink: /home/kostas/ros2_ws/install/yahboom_rosmaster_navigation/share/yahboom_rosmaster_navigation/package.xml
[0.647s] Listing '/home/kostas/ros2_ws/install/yahboom_rosmaster_navigation/lib/python3.12/site-packages/yahboom_rosmaster_navigation'...
[0.655s] Invoked command in '/home/kostas/ros2_ws/build/yahboom_rosmaster_navigation' returned '0': CMAKE_PREFIX_PATH=${CMAKE_PREFIX_PATH}:/opt/ros/jazzy DEBUGINFOD_URLS=https://debuginfod.ubuntu.com /usr/bin/cmake --install /home/kostas/ros2_ws/build/yahboom_rosmaster_navigation
