[0.019s] Invoking command in '/home/kostas/ros2_ws/build/yahboom_rosmaster_description': CMAKE_PREFIX_PATH=${CMAKE_PREFIX_PATH}:/opt/ros/jazzy DEBUGINFOD_URLS=https://debuginfod.ubuntu.com /usr/bin/cmake /home/kostas/ros2_ws/src/yahboom_rosmaster/yahboom_rosmaster_description -DAMENT_CMAKE_SYMLINK_INSTALL=1 -DCMAKE_INSTALL_PREFIX=/home/kostas/ros2_ws/install/yahboom_rosmaster_description
[0.066s] -- The C compiler identification is GNU 13.3.0
[0.124s] -- The CXX compiler identification is GNU 13.3.0
[0.136s] -- Detecting C compiler ABI info
[0.219s] -- Detecting C compiler ABI info - done
[0.230s] -- Check for working C compiler: /usr/bin/cc - skipped
[0.230s] -- Detecting C compile features
[0.231s] -- Detecting C compile features - done
[0.237s] -- Detecting CXX compiler ABI info
[0.335s] -- Detecting CXX compiler ABI info - done
[0.348s] -- Check for working CXX compiler: /usr/bin/c++ - skipped
[0.348s] -- Detecting CXX compile features
[0.349s] -- Detecting CXX compile features - done
[0.354s] -- Found ament_cmake: 2.5.5 (/opt/ros/jazzy/share/ament_cmake/cmake)
[0.518s] -- Found Python3: /usr/bin/python3 (found version "3.12.3") found components: Interpreter 
[0.615s] -- Override CMake install command with custom implementation using symlinks instead of copying resources
[0.651s] -- Found urdf_tutorial: 1.1.0 (/opt/ros/jazzy/share/urdf_tutorial/cmake)
[0.653s] -- Found ament_lint_auto: 0.17.4 (/opt/ros/jazzy/share/ament_lint_auto/cmake)
[0.749s] -- Added test 'flake8' to check Python code syntax and style conventions
[0.749s] -- Configured 'flake8' exclude dirs and/or files: 
[0.750s] -- Added test 'lint_cmake' to check CMake code style
[0.750s] -- Added test 'pep257' to check Python code against some of the docstring style conventions in PEP 257
[0.752s] -- Added test 'xmllint' to check XML markup files
[0.753s] -- Configuring done (0.7s)
[0.755s] -- Generating done (0.0s)
[0.756s] -- Build files have been written to: /home/kostas/ros2_ws/build/yahboom_rosmaster_description
