[0.009s] Invoking command in '/home/amightyk05/ros2_sw/build/omni_base_bringup': AMENT_PREFIX_PATH=/home/amightyk05/ros2_sw/install/launch_pal:/opt/ros/jazzy:/home/amightyk05/ros2_sw/install/omni_base_bringup:/home/amightyk05/ros2_sw/install/omni_base_description:/home/amightyk05/ros2_sw/install/pal_urdf_utils:/home/amightyk05/ros2_sw/install/omni_base_controller_configuration:/home/amightyk05/ros2_sw/install/my_robot_bringup CMAKE_PREFIX_PATH=/home/amightyk05/ros2_sw/install/omni_base_description:/home/amightyk05/ros2_sw/install/pal_urdf_utils:/home/amightyk05/ros2_sw/install/omni_base_controller_configuration:/opt/ros/jazzy/opt/gz_sim_vendor:/opt/ros/jazzy/opt/gz_sensors_vendor:/opt/ros/jazzy/opt/gz_physics_vendor:/opt/ros/jazzy/opt/sdformat_vendor:/opt/ros/jazzy/opt/gz_gui_vendor:/opt/ros/jazzy/opt/gz_transport_vendor:/opt/ros/jazzy/opt/gz_rendering_vendor:/opt/ros/jazzy/opt/gz_plugin_vendor:/opt/ros/jazzy/opt/gz_fuel_tools_vendor:/opt/ros/jazzy/opt/gz_msgs_vendor:/opt/ros/jazzy/opt/gz_common_vendor:/opt/ros/jazzy/opt/gz_math_vendor:/opt/ros/jazzy/opt/gz_utils_vendor:/opt/ros/jazzy/opt/gz_tools_vendor:/opt/ros/jazzy/opt/gz_ogre_next_vendor:/opt/ros/jazzy/opt/gz_dartsim_vendor:/opt/ros/jazzy/opt/gz_cmake_vendor:/home/amightyk05/ros2_sw/install/omni_base_bringup:/home/amightyk05/ros2_sw/install/my_robot_bringup:/opt/ros/jazzy:/home/amightyk05/ros2_sw/install/launch_pal PYTHONPATH=/home/amightyk05/ros2_sw/install/omni_base_description/lib/python3.12/site-packages:/home/amightyk05/ros2_sw/build/launch_pal:/home/amightyk05/ros2_sw/install/launch_pal/lib/python3.12/site-packages:/opt/ros/jazzy/lib/python3.12/site-packages /usr/bin/cmake /home/amightyk05/ros2_sw/src/omni_based_robot/omni_base_bringup -DAMENT_CMAKE_SYMLINK_INSTALL=1 -DCMAKE_INSTALL_PREFIX=/home/amightyk05/ros2_sw/install/omni_base_bringup
[0.067s] -- The C compiler identification is GNU 13.3.0
[0.118s] -- The CXX compiler identification is GNU 13.3.0
[0.135s] -- Detecting C compiler ABI info
[0.234s] -- Detecting C compiler ABI info - done
[0.243s] -- Check for working C compiler: /usr/bin/cc - skipped
[0.243s] -- Detecting C compile features
[0.244s] -- Detecting C compile features - done
[0.256s] -- Detecting CXX compiler ABI info
[0.370s] -- Detecting CXX compiler ABI info - done
[0.377s] -- Check for working CXX compiler: /usr/bin/c++ - skipped
[0.378s] -- Detecting CXX compile features
[0.378s] -- Detecting CXX compile features - done
[0.382s] -- Found ament_cmake_auto: 2.5.6 (/opt/ros/jazzy/share/ament_cmake_auto/cmake)
[0.519s] -- Found Python3: /usr/bin/python3 (found version "3.12.3") found components: Interpreter 
[0.574s] -- Override CMake install command with custom implementation using symlinks instead of copying resources
[0.681s] -- Found ament_lint_auto: 0.17.5 (/opt/ros/jazzy/share/ament_lint_auto/cmake)
[0.706s] -- Added test 'copyright' to check source files copyright and LICENSE
[0.708s] -- Added test 'flake8' to check Python code syntax and style conventions
[0.708s] -- Configured 'flake8' exclude dirs and/or files: 
[0.708s] -- Added test 'lint_cmake' to check CMake code style
[0.709s] -- Added test 'pep257' to check Python code against some of the docstring style conventions in PEP 257
[0.710s] -- Added test 'xmllint' to check XML markup files
[0.711s] -- Configuring done (0.7s)
[0.713s] -- Generating done (0.0s)
[0.714s] -- Build files have been written to: /home/amightyk05/ros2_sw/build/omni_base_bringup
[0.718s] Invoked command in '/home/amightyk05/ros2_sw/build/omni_base_bringup' returned '0': AMENT_PREFIX_PATH=/home/amightyk05/ros2_sw/install/launch_pal:/opt/ros/jazzy:/home/amightyk05/ros2_sw/install/omni_base_bringup:/home/amightyk05/ros2_sw/install/omni_base_description:/home/amightyk05/ros2_sw/install/pal_urdf_utils:/home/amightyk05/ros2_sw/install/omni_base_controller_configuration:/home/amightyk05/ros2_sw/install/my_robot_bringup CMAKE_PREFIX_PATH=/home/amightyk05/ros2_sw/install/omni_base_description:/home/amightyk05/ros2_sw/install/pal_urdf_utils:/home/amightyk05/ros2_sw/install/omni_base_controller_configuration:/opt/ros/jazzy/opt/gz_sim_vendor:/opt/ros/jazzy/opt/gz_sensors_vendor:/opt/ros/jazzy/opt/gz_physics_vendor:/opt/ros/jazzy/opt/sdformat_vendor:/opt/ros/jazzy/opt/gz_gui_vendor:/opt/ros/jazzy/opt/gz_transport_vendor:/opt/ros/jazzy/opt/gz_rendering_vendor:/opt/ros/jazzy/opt/gz_plugin_vendor:/opt/ros/jazzy/opt/gz_fuel_tools_vendor:/opt/ros/jazzy/opt/gz_msgs_vendor:/opt/ros/jazzy/opt/gz_common_vendor:/opt/ros/jazzy/opt/gz_math_vendor:/opt/ros/jazzy/opt/gz_utils_vendor:/opt/ros/jazzy/opt/gz_tools_vendor:/opt/ros/jazzy/opt/gz_ogre_next_vendor:/opt/ros/jazzy/opt/gz_dartsim_vendor:/opt/ros/jazzy/opt/gz_cmake_vendor:/home/amightyk05/ros2_sw/install/omni_base_bringup:/home/amightyk05/ros2_sw/install/my_robot_bringup:/opt/ros/jazzy:/home/amightyk05/ros2_sw/install/launch_pal PYTHONPATH=/home/amightyk05/ros2_sw/install/omni_base_description/lib/python3.12/site-packages:/home/amightyk05/ros2_sw/build/launch_pal:/home/amightyk05/ros2_sw/install/launch_pal/lib/python3.12/site-packages:/opt/ros/jazzy/lib/python3.12/site-packages /usr/bin/cmake /home/amightyk05/ros2_sw/src/omni_based_robot/omni_base_bringup -DAMENT_CMAKE_SYMLINK_INSTALL=1 -DCMAKE_INSTALL_PREFIX=/home/amightyk05/ros2_sw/install/omni_base_bringup
[0.719s] Invoking command in '/home/amightyk05/ros2_sw/build/omni_base_bringup': AMENT_PREFIX_PATH=/home/amightyk05/ros2_sw/install/launch_pal:/opt/ros/jazzy:/home/amightyk05/ros2_sw/install/omni_base_bringup:/home/amightyk05/ros2_sw/install/omni_base_description:/home/amightyk05/ros2_sw/install/pal_urdf_utils:/home/amightyk05/ros2_sw/install/omni_base_controller_configuration:/home/amightyk05/ros2_sw/install/my_robot_bringup CMAKE_PREFIX_PATH=/home/amightyk05/ros2_sw/install/omni_base_description:/home/amightyk05/ros2_sw/install/pal_urdf_utils:/home/amightyk05/ros2_sw/install/omni_base_controller_configuration:/opt/ros/jazzy/opt/gz_sim_vendor:/opt/ros/jazzy/opt/gz_sensors_vendor:/opt/ros/jazzy/opt/gz_physics_vendor:/opt/ros/jazzy/opt/sdformat_vendor:/opt/ros/jazzy/opt/gz_gui_vendor:/opt/ros/jazzy/opt/gz_transport_vendor:/opt/ros/jazzy/opt/gz_rendering_vendor:/opt/ros/jazzy/opt/gz_plugin_vendor:/opt/ros/jazzy/opt/gz_fuel_tools_vendor:/opt/ros/jazzy/opt/gz_msgs_vendor:/opt/ros/jazzy/opt/gz_common_vendor:/opt/ros/jazzy/opt/gz_math_vendor:/opt/ros/jazzy/opt/gz_utils_vendor:/opt/ros/jazzy/opt/gz_tools_vendor:/opt/ros/jazzy/opt/gz_ogre_next_vendor:/opt/ros/jazzy/opt/gz_dartsim_vendor:/opt/ros/jazzy/opt/gz_cmake_vendor:/home/amightyk05/ros2_sw/install/omni_base_bringup:/home/amightyk05/ros2_sw/install/my_robot_bringup:/opt/ros/jazzy:/home/amightyk05/ros2_sw/install/launch_pal PYTHONPATH=/home/amightyk05/ros2_sw/install/omni_base_description/lib/python3.12/site-packages:/home/amightyk05/ros2_sw/build/launch_pal:/home/amightyk05/ros2_sw/install/launch_pal/lib/python3.12/site-packages:/opt/ros/jazzy/lib/python3.12/site-packages /usr/bin/cmake --build /home/amightyk05/ros2_sw/build/omni_base_bringup -- -j20 -l20
[0.754s] Invoked command in '/home/amightyk05/ros2_sw/build/omni_base_bringup' returned '0': AMENT_PREFIX_PATH=/home/amightyk05/ros2_sw/install/launch_pal:/opt/ros/jazzy:/home/amightyk05/ros2_sw/install/omni_base_bringup:/home/amightyk05/ros2_sw/install/omni_base_description:/home/amightyk05/ros2_sw/install/pal_urdf_utils:/home/amightyk05/ros2_sw/install/omni_base_controller_configuration:/home/amightyk05/ros2_sw/install/my_robot_bringup CMAKE_PREFIX_PATH=/home/amightyk05/ros2_sw/install/omni_base_description:/home/amightyk05/ros2_sw/install/pal_urdf_utils:/home/amightyk05/ros2_sw/install/omni_base_controller_configuration:/opt/ros/jazzy/opt/gz_sim_vendor:/opt/ros/jazzy/opt/gz_sensors_vendor:/opt/ros/jazzy/opt/gz_physics_vendor:/opt/ros/jazzy/opt/sdformat_vendor:/opt/ros/jazzy/opt/gz_gui_vendor:/opt/ros/jazzy/opt/gz_transport_vendor:/opt/ros/jazzy/opt/gz_rendering_vendor:/opt/ros/jazzy/opt/gz_plugin_vendor:/opt/ros/jazzy/opt/gz_fuel_tools_vendor:/opt/ros/jazzy/opt/gz_msgs_vendor:/opt/ros/jazzy/opt/gz_common_vendor:/opt/ros/jazzy/opt/gz_math_vendor:/opt/ros/jazzy/opt/gz_utils_vendor:/opt/ros/jazzy/opt/gz_tools_vendor:/opt/ros/jazzy/opt/gz_ogre_next_vendor:/opt/ros/jazzy/opt/gz_dartsim_vendor:/opt/ros/jazzy/opt/gz_cmake_vendor:/home/amightyk05/ros2_sw/install/omni_base_bringup:/home/amightyk05/ros2_sw/install/my_robot_bringup:/opt/ros/jazzy:/home/amightyk05/ros2_sw/install/launch_pal PYTHONPATH=/home/amightyk05/ros2_sw/install/omni_base_description/lib/python3.12/site-packages:/home/amightyk05/ros2_sw/build/launch_pal:/home/amightyk05/ros2_sw/install/launch_pal/lib/python3.12/site-packages:/opt/ros/jazzy/lib/python3.12/site-packages /usr/bin/cmake --build /home/amightyk05/ros2_sw/build/omni_base_bringup -- -j20 -l20
[0.754s] Invoking command in '/home/amightyk05/ros2_sw/build/omni_base_bringup': AMENT_PREFIX_PATH=/home/amightyk05/ros2_sw/install/launch_pal:/opt/ros/jazzy:/home/amightyk05/ros2_sw/install/omni_base_bringup:/home/amightyk05/ros2_sw/install/omni_base_description:/home/amightyk05/ros2_sw/install/pal_urdf_utils:/home/amightyk05/ros2_sw/install/omni_base_controller_configuration:/home/amightyk05/ros2_sw/install/my_robot_bringup CMAKE_PREFIX_PATH=/home/amightyk05/ros2_sw/install/omni_base_description:/home/amightyk05/ros2_sw/install/pal_urdf_utils:/home/amightyk05/ros2_sw/install/omni_base_controller_configuration:/opt/ros/jazzy/opt/gz_sim_vendor:/opt/ros/jazzy/opt/gz_sensors_vendor:/opt/ros/jazzy/opt/gz_physics_vendor:/opt/ros/jazzy/opt/sdformat_vendor:/opt/ros/jazzy/opt/gz_gui_vendor:/opt/ros/jazzy/opt/gz_transport_vendor:/opt/ros/jazzy/opt/gz_rendering_vendor:/opt/ros/jazzy/opt/gz_plugin_vendor:/opt/ros/jazzy/opt/gz_fuel_tools_vendor:/opt/ros/jazzy/opt/gz_msgs_vendor:/opt/ros/jazzy/opt/gz_common_vendor:/opt/ros/jazzy/opt/gz_math_vendor:/opt/ros/jazzy/opt/gz_utils_vendor:/opt/ros/jazzy/opt/gz_tools_vendor:/opt/ros/jazzy/opt/gz_ogre_next_vendor:/opt/ros/jazzy/opt/gz_dartsim_vendor:/opt/ros/jazzy/opt/gz_cmake_vendor:/home/amightyk05/ros2_sw/install/omni_base_bringup:/home/amightyk05/ros2_sw/install/my_robot_bringup:/opt/ros/jazzy:/home/amightyk05/ros2_sw/install/launch_pal PYTHONPATH=/home/amightyk05/ros2_sw/install/omni_base_description/lib/python3.12/site-packages:/home/amightyk05/ros2_sw/build/launch_pal:/home/amightyk05/ros2_sw/install/launch_pal/lib/python3.12/site-packages:/opt/ros/jazzy/lib/python3.12/site-packages /usr/bin/cmake --install /home/amightyk05/ros2_sw/build/omni_base_bringup
[0.760s] -- Install configuration: ""
[0.760s] -- Execute custom install script
[0.761s] -- Symlinking: /home/amightyk05/ros2_sw/install/omni_base_bringup/share/omni_base_bringup/config/joy_teleop/joy_config.yaml
[0.767s] -- Symlinking: /home/amightyk05/ros2_sw/install/omni_base_bringup/share/omni_base_bringup/config/joy_teleop/joy_teleop.yaml
[0.773s] -- Symlinking: /home/amightyk05/ros2_sw/install/omni_base_bringup/share/omni_base_bringup/config/twist_mux/joystick.yaml
[0.780s] -- Symlinking: /home/amightyk05/ros2_sw/install/omni_base_bringup/share/omni_base_bringup/config/twist_mux/twist_mux_locks.yaml
[0.789s] -- Symlinking: /home/amightyk05/ros2_sw/install/omni_base_bringup/share/omni_base_bringup/config/twist_mux/twist_mux_topics.yaml
[0.798s] -- Symlinking: /home/amightyk05/ros2_sw/install/omni_base_bringup/share/omni_base_bringup/launch/joystick_teleop.launch.py
[0.804s] -- Symlinking: /home/amightyk05/ros2_sw/install/omni_base_bringup/share/omni_base_bringup/launch/omni_base_bringup.launch.py
[0.811s] -- Symlinking: /home/amightyk05/ros2_sw/install/omni_base_bringup/share/omni_base_bringup/launch/twist_mux.launch.py
[0.817s] -- Symlinking: /home/amightyk05/ros2_sw/install/omni_base_bringup/share/ament_index/resource_index/package_run_dependencies/omni_base_bringup
[0.823s] -- Symlinking: /home/amightyk05/ros2_sw/install/omni_base_bringup/share/ament_index/resource_index/parent_prefix_path/omni_base_bringup
[0.829s] -- Symlinking: /home/amightyk05/ros2_sw/install/omni_base_bringup/share/omni_base_bringup/environment/ament_prefix_path.sh
[0.838s] -- Symlinking: /home/amightyk05/ros2_sw/install/omni_base_bringup/share/omni_base_bringup/environment/ament_prefix_path.dsv
[0.844s] -- Symlinking: /home/amightyk05/ros2_sw/install/omni_base_bringup/share/omni_base_bringup/environment/path.sh
[0.853s] -- Symlinking: /home/amightyk05/ros2_sw/install/omni_base_bringup/share/omni_base_bringup/environment/path.dsv
[0.859s] -- Symlinking: /home/amightyk05/ros2_sw/install/omni_base_bringup/share/omni_base_bringup/local_setup.bash
[0.865s] -- Symlinking: /home/amightyk05/ros2_sw/install/omni_base_bringup/share/omni_base_bringup/local_setup.sh
[0.872s] -- Symlinking: /home/amightyk05/ros2_sw/install/omni_base_bringup/share/omni_base_bringup/local_setup.zsh
[0.880s] -- Symlinking: /home/amightyk05/ros2_sw/install/omni_base_bringup/share/omni_base_bringup/local_setup.dsv
[0.887s] -- Symlinking: /home/amightyk05/ros2_sw/install/omni_base_bringup/share/omni_base_bringup/package.dsv
[0.893s] -- Symlinking: /home/amightyk05/ros2_sw/install/omni_base_bringup/share/ament_index/resource_index/packages/omni_base_bringup
[0.902s] -- Symlinking: /home/amightyk05/ros2_sw/install/omni_base_bringup/share/omni_base_bringup/cmake/omni_base_bringupConfig.cmake
[0.911s] -- Symlinking: /home/amightyk05/ros2_sw/install/omni_base_bringup/share/omni_base_bringup/cmake/omni_base_bringupConfig-version.cmake
[0.921s] -- Symlinking: /home/amightyk05/ros2_sw/install/omni_base_bringup/share/omni_base_bringup/package.xml
[0.931s] Invoked command in '/home/amightyk05/ros2_sw/build/omni_base_bringup' returned '0': AMENT_PREFIX_PATH=/home/amightyk05/ros2_sw/install/launch_pal:/opt/ros/jazzy:/home/amightyk05/ros2_sw/install/omni_base_bringup:/home/amightyk05/ros2_sw/install/omni_base_description:/home/amightyk05/ros2_sw/install/pal_urdf_utils:/home/amightyk05/ros2_sw/install/omni_base_controller_configuration:/home/amightyk05/ros2_sw/install/my_robot_bringup CMAKE_PREFIX_PATH=/home/amightyk05/ros2_sw/install/omni_base_description:/home/amightyk05/ros2_sw/install/pal_urdf_utils:/home/amightyk05/ros2_sw/install/omni_base_controller_configuration:/opt/ros/jazzy/opt/gz_sim_vendor:/opt/ros/jazzy/opt/gz_sensors_vendor:/opt/ros/jazzy/opt/gz_physics_vendor:/opt/ros/jazzy/opt/sdformat_vendor:/opt/ros/jazzy/opt/gz_gui_vendor:/opt/ros/jazzy/opt/gz_transport_vendor:/opt/ros/jazzy/opt/gz_rendering_vendor:/opt/ros/jazzy/opt/gz_plugin_vendor:/opt/ros/jazzy/opt/gz_fuel_tools_vendor:/opt/ros/jazzy/opt/gz_msgs_vendor:/opt/ros/jazzy/opt/gz_common_vendor:/opt/ros/jazzy/opt/gz_math_vendor:/opt/ros/jazzy/opt/gz_utils_vendor:/opt/ros/jazzy/opt/gz_tools_vendor:/opt/ros/jazzy/opt/gz_ogre_next_vendor:/opt/ros/jazzy/opt/gz_dartsim_vendor:/opt/ros/jazzy/opt/gz_cmake_vendor:/home/amightyk05/ros2_sw/install/omni_base_bringup:/home/amightyk05/ros2_sw/install/my_robot_bringup:/opt/ros/jazzy:/home/amightyk05/ros2_sw/install/launch_pal PYTHONPATH=/home/amightyk05/ros2_sw/install/omni_base_description/lib/python3.12/site-packages:/home/amightyk05/ros2_sw/build/launch_pal:/home/amightyk05/ros2_sw/install/launch_pal/lib/python3.12/site-packages:/opt/ros/jazzy/lib/python3.12/site-packages /usr/bin/cmake --install /home/amightyk05/ros2_sw/build/omni_base_bringup
